{"/var/www/documentiulia.ro/frontend/src/pages/inventory/InventoryDashboard.tsx": {"path":"/var/www/documentiulia.ro/frontend/src/pages/inventory/InventoryDashboard.tsx","statementMap":{"0":{"start":{"line":17,"column":24},"end":{"line":17,"column":null}},"1":{"start":{"line":18,"column":28},"end":{"line":18,"column":null}},"2":{"start":{"line":20,"column":2},"end":{"line":22,"column":null}},"3":{"start":{"line":21,"column":4},"end":{"line":21,"column":null}},"4":{"start":{"line":24,"column":30},"end":{"line":46,"column":null}},"5":{"start":{"line":25,"column":4},"end":{"line":45,"column":null}},"6":{"start":{"line":26,"column":6},"end":{"line":26,"column":null}},"7":{"start":{"line":29,"column":6},"end":{"line":41,"column":null}},"8":{"start":{"line":30,"column":8},"end":{"line":39,"column":null}},"9":{"start":{"line":40,"column":8},"end":{"line":40,"column":null}},"10":{"start":{"line":43,"column":6},"end":{"line":43,"column":null}},"11":{"start":{"line":44,"column":6},"end":{"line":44,"column":null}},"12":{"start":{"line":48,"column":25},"end":{"line":53,"column":null}},"13":{"start":{"line":49,"column":4},"end":{"line":52,"column":null}},"14":{"start":{"line":55,"column":2},"end":{"line":62,"column":null}},"15":{"start":{"line":56,"column":4},"end":{"line":60,"column":null}},"16":{"start":{"line":64,"column":2},"end":{"line":271,"column":null}}},"fnMap":{"0":{"name":"InventoryDashboard","decl":{"start":{"line":16,"column":24},"end":{"line":16,"column":45}},"loc":{"start":{"line":16,"column":45},"end":{"line":273,"column":null}},"line":16},"1":{"name":"(anonymous_1)","decl":{"start":{"line":20,"column":12},"end":{"line":20,"column":18}},"loc":{"start":{"line":20,"column":18},"end":{"line":22,"column":5}},"line":20},"2":{"name":"(anonymous_2)","decl":{"start":{"line":24,"column":30},"end":{"line":24,"column":42}},"loc":{"start":{"line":24,"column":42},"end":{"line":46,"column":null}},"line":24},"3":{"name":"(anonymous_3)","decl":{"start":{"line":29,"column":17},"end":{"line":29,"column":23}},"loc":{"start":{"line":29,"column":23},"end":{"line":41,"column":9}},"line":29},"4":{"name":"(anonymous_4)","decl":{"start":{"line":48,"column":25},"end":{"line":48,"column":26}},"loc":{"start":{"line":48,"column":45},"end":{"line":53,"column":null}},"line":48}},"branchMap":{"0":{"loc":{"start":{"line":55,"column":2},"end":{"line":62,"column":null}},"type":"if","locations":[{"start":{"line":55,"column":2},"end":{"line":62,"column":null}},{"start":{},"end":{}}],"line":55},"1":{"loc":{"start":{"line":96,"column":83},"end":{"line":96,"column":112}},"type":"binary-expr","locations":[{"start":{"line":96,"column":83},"end":{"line":96,"column":111}},{"start":{"line":96,"column":111},"end":{"line":96,"column":112}}],"line":96},"2":{"loc":{"start":{"line":203,"column":11},"end":{"line":206,"column":null}},"type":"binary-expr","locations":[{"start":{"line":203,"column":11},"end":{"line":203,"column":20}},{"start":{"line":203,"column":20},"end":{"line":203,"column":null}},{"start":{"line":204,"column":12},"end":{"line":206,"column":null}}],"line":203},"3":{"loc":{"start":{"line":239,"column":45},"end":{"line":239,"column":79}},"type":"binary-expr","locations":[{"start":{"line":239,"column":45},"end":{"line":239,"column":74}},{"start":{"line":239,"column":74},"end":{"line":239,"column":79}}],"line":239}},"s":{"0":7,"1":7,"2":7,"3":4,"4":7,"5":4,"6":4,"7":4,"8":4,"9":4,"10":0,"11":0,"12":7,"13":3,"14":7,"15":4,"16":3},"f":{"0":7,"1":4,"2":4,"3":4,"4":3},"b":{"0":[4,3],"1":[7,0],"2":[7,3,3],"3":[7,0]},"meta":{"lastBranch":4,"lastFunction":5,"lastStatement":17,"seen":{"f:16:24:16:45":0,"s:17:24:17:Infinity":0,"s:18:28:18:Infinity":1,"s:20:2:22:Infinity":2,"f:20:12:20:18":1,"s:21:4:21:Infinity":3,"s:24:30:46:Infinity":4,"f:24:30:24:42":2,"s:25:4:45:Infinity":5,"s:26:6:26:Infinity":6,"s:29:6:41:Infinity":7,"f:29:17:29:23":3,"s:30:8:39:Infinity":8,"s:40:8:40:Infinity":9,"s:43:6:43:Infinity":10,"s:44:6:44:Infinity":11,"s:48:25:53:Infinity":12,"f:48:25:48:26":4,"s:49:4:52:Infinity":13,"b:55:2:62:Infinity:undefined:undefined:undefined:undefined":0,"s:55:2:62:Infinity":14,"s:56:4:60:Infinity":15,"s:64:2:271:Infinity":16,"b:96:83:96:111:96:111:96:112":1,"b:203:11:203:20:203:20:203:Infinity:204:12:206:Infinity":2,"b:239:45:239:74:239:74:239:79":3}}}
,"/var/www/documentiulia.ro/frontend/src/pages/inventory/LowStockAlertsPage.tsx": {"path":"/var/www/documentiulia.ro/frontend/src/pages/inventory/LowStockAlertsPage.tsx","statementMap":{"0":{"start":{"line":33,"column":26},"end":{"line":33,"column":null}},"1":{"start":{"line":34,"column":28},"end":{"line":34,"column":null}},"2":{"start":{"line":35,"column":28},"end":{"line":35,"column":null}},"3":{"start":{"line":36,"column":38},"end":{"line":36,"column":null}},"4":{"start":{"line":38,"column":2},"end":{"line":40,"column":null}},"5":{"start":{"line":39,"column":4},"end":{"line":39,"column":null}},"6":{"start":{"line":42,"column":22},"end":{"line":69,"column":null}},"7":{"start":{"line":43,"column":4},"end":{"line":68,"column":null}},"8":{"start":{"line":44,"column":6},"end":{"line":44,"column":null}},"9":{"start":{"line":45,"column":20},"end":{"line":45,"column":null}},"10":{"start":{"line":46,"column":24},"end":{"line":46,"column":null}},"11":{"start":{"line":48,"column":21},"end":{"line":51,"column":null}},"12":{"start":{"line":53,"column":23},"end":{"line":57,"column":null}},"13":{"start":{"line":59,"column":6},"end":{"line":59,"column":null}},"14":{"start":{"line":59,"column":24},"end":{"line":59,"column":null}},"15":{"start":{"line":61,"column":19},"end":{"line":61,"column":null}},"16":{"start":{"line":62,"column":6},"end":{"line":62,"column":null}},"17":{"start":{"line":63,"column":6},"end":{"line":63,"column":null}},"18":{"start":{"line":65,"column":6},"end":{"line":65,"column":null}},"19":{"start":{"line":67,"column":6},"end":{"line":67,"column":null}},"20":{"start":{"line":71,"column":28},"end":{"line":93,"column":null}},"21":{"start":{"line":72,"column":4},"end":{"line":92,"column":null}},"22":{"start":{"line":73,"column":20},"end":{"line":73,"column":null}},"23":{"start":{"line":74,"column":23},"end":{"line":84,"column":null}},"24":{"start":{"line":86,"column":6},"end":{"line":86,"column":null}},"25":{"start":{"line":86,"column":24},"end":{"line":86,"column":null}},"26":{"start":{"line":88,"column":6},"end":{"line":88,"column":null}},"27":{"start":{"line":90,"column":6},"end":{"line":90,"column":null}},"28":{"start":{"line":91,"column":6},"end":{"line":91,"column":null}},"29":{"start":{"line":95,"column":25},"end":{"line":100,"column":null}},"30":{"start":{"line":96,"column":4},"end":{"line":99,"column":null}},"31":{"start":{"line":102,"column":32},"end":{"line":106,"column":null}},"32":{"start":{"line":103,"column":4},"end":{"line":103,"column":null}},"33":{"start":{"line":103,"column":35},"end":{"line":103,"column":null}},"34":{"start":{"line":104,"column":4},"end":{"line":104,"column":null}},"35":{"start":{"line":104,"column":37},"end":{"line":104,"column":null}},"36":{"start":{"line":105,"column":4},"end":{"line":105,"column":null}},"37":{"start":{"line":108,"column":31},"end":{"line":111,"column":null}},"38":{"start":{"line":109,"column":4},"end":{"line":109,"column":null}},"39":{"start":{"line":109,"column":35},"end":{"line":109,"column":null}},"40":{"start":{"line":110,"column":4},"end":{"line":110,"column":null}},"41":{"start":{"line":113,"column":30},"end":{"line":121,"column":null}},"42":{"start":{"line":114,"column":43},"end":{"line":119,"column":null}},"43":{"start":{"line":120,"column":4},"end":{"line":120,"column":null}},"44":{"start":{"line":123,"column":25},"end":{"line":131,"column":null}},"45":{"start":{"line":124,"column":43},"end":{"line":129,"column":null}},"46":{"start":{"line":130,"column":4},"end":{"line":130,"column":null}},"47":{"start":{"line":133,"column":2},"end":{"line":357,"column":null}},"48":{"start":{"line":202,"column":14},"end":{"line":212,"column":null}},"49":{"start":{"line":204,"column":31},"end":{"line":204,"column":null}},"50":{"start":{"line":235,"column":12},"end":{"line":353,"column":null}},"51":{"start":{"line":313,"column":37},"end":{"line":313,"column":null}},"52":{"start":{"line":320,"column":37},"end":{"line":320,"column":null}},"53":{"start":{"line":331,"column":35},"end":{"line":331,"column":null}},"54":{"start":{"line":341,"column":35},"end":{"line":341,"column":null}}},"fnMap":{"0":{"name":"LowStockAlertsPage","decl":{"start":{"line":32,"column":24},"end":{"line":32,"column":45}},"loc":{"start":{"line":32,"column":45},"end":{"line":359,"column":null}},"line":32},"1":{"name":"(anonymous_1)","decl":{"start":{"line":38,"column":12},"end":{"line":38,"column":18}},"loc":{"start":{"line":38,"column":18},"end":{"line":40,"column":5}},"line":38},"2":{"name":"(anonymous_2)","decl":{"start":{"line":42,"column":22},"end":{"line":42,"column":34}},"loc":{"start":{"line":42,"column":34},"end":{"line":69,"column":null}},"line":42},"3":{"name":"(anonymous_3)","decl":{"start":{"line":71,"column":28},"end":{"line":71,"column":35}},"loc":{"start":{"line":71,"column":74},"end":{"line":93,"column":null}},"line":71},"4":{"name":"(anonymous_4)","decl":{"start":{"line":95,"column":25},"end":{"line":95,"column":26}},"loc":{"start":{"line":95,"column":45},"end":{"line":100,"column":null}},"line":95},"5":{"name":"(anonymous_5)","decl":{"start":{"line":102,"column":32},"end":{"line":102,"column":33}},"loc":{"start":{"line":102,"column":58},"end":{"line":106,"column":null}},"line":102},"6":{"name":"(anonymous_6)","decl":{"start":{"line":108,"column":31},"end":{"line":108,"column":32}},"loc":{"start":{"line":108,"column":57},"end":{"line":111,"column":null}},"line":108},"7":{"name":"(anonymous_7)","decl":{"start":{"line":113,"column":30},"end":{"line":113,"column":31}},"loc":{"start":{"line":113,"column":50},"end":{"line":121,"column":null}},"line":113},"8":{"name":"(anonymous_8)","decl":{"start":{"line":123,"column":25},"end":{"line":123,"column":26}},"loc":{"start":{"line":123,"column":45},"end":{"line":131,"column":null}},"line":123},"9":{"name":"(anonymous_9)","decl":{"start":{"line":201,"column":67},"end":{"line":201,"column":68}},"loc":{"start":{"line":202,"column":14},"end":{"line":212,"column":null}},"line":202},"10":{"name":"(anonymous_10)","decl":{"start":{"line":204,"column":25},"end":{"line":204,"column":31}},"loc":{"start":{"line":204,"column":31},"end":{"line":204,"column":null}},"line":204},"11":{"name":"(anonymous_11)","decl":{"start":{"line":234,"column":21},"end":{"line":234,"column":22}},"loc":{"start":{"line":235,"column":12},"end":{"line":353,"column":null}},"line":235},"12":{"name":"(anonymous_12)","decl":{"start":{"line":313,"column":31},"end":{"line":313,"column":37}},"loc":{"start":{"line":313,"column":37},"end":{"line":313,"column":null}},"line":313},"13":{"name":"(anonymous_13)","decl":{"start":{"line":320,"column":31},"end":{"line":320,"column":37}},"loc":{"start":{"line":320,"column":37},"end":{"line":320,"column":null}},"line":320},"14":{"name":"(anonymous_14)","decl":{"start":{"line":331,"column":29},"end":{"line":331,"column":35}},"loc":{"start":{"line":331,"column":35},"end":{"line":331,"column":null}},"line":331},"15":{"name":"(anonymous_15)","decl":{"start":{"line":341,"column":29},"end":{"line":341,"column":35}},"loc":{"start":{"line":341,"column":35},"end":{"line":341,"column":null}},"line":341}},"branchMap":{"0":{"loc":{"start":{"line":49,"column":20},"end":{"line":49,"column":null}},"type":"binary-expr","locations":[{"start":{"line":49,"column":20},"end":{"line":49,"column":33}},{"start":{"line":49,"column":33},"end":{"line":49,"column":null}}],"line":49},"1":{"loc":{"start":{"line":59,"column":6},"end":{"line":59,"column":null}},"type":"if","locations":[{"start":{"line":59,"column":6},"end":{"line":59,"column":null}},{"start":{},"end":{}}],"line":59},"2":{"loc":{"start":{"line":62,"column":16},"end":{"line":62,"column":33}},"type":"binary-expr","locations":[{"start":{"line":62,"column":16},"end":{"line":62,"column":31}},{"start":{"line":62,"column":31},"end":{"line":62,"column":33}}],"line":62},"3":{"loc":{"start":{"line":63,"column":17},"end":{"line":63,"column":37}},"type":"binary-expr","locations":[{"start":{"line":63,"column":17},"end":{"line":63,"column":33}},{"start":{"line":63,"column":33},"end":{"line":63,"column":37}}],"line":63},"4":{"loc":{"start":{"line":86,"column":6},"end":{"line":86,"column":null}},"type":"if","locations":[{"start":{"line":86,"column":6},"end":{"line":86,"column":null}},{"start":{},"end":{}}],"line":86},"5":{"loc":{"start":{"line":103,"column":4},"end":{"line":103,"column":null}},"type":"if","locations":[{"start":{"line":103,"column":4},"end":{"line":103,"column":null}},{"start":{},"end":{}}],"line":103},"6":{"loc":{"start":{"line":104,"column":4},"end":{"line":104,"column":null}},"type":"if","locations":[{"start":{"line":104,"column":4},"end":{"line":104,"column":null}},{"start":{},"end":{}}],"line":104},"7":{"loc":{"start":{"line":109,"column":4},"end":{"line":109,"column":null}},"type":"if","locations":[{"start":{"line":109,"column":4},"end":{"line":109,"column":null}},{"start":{},"end":{}}],"line":109},"8":{"loc":{"start":{"line":120,"column":11},"end":{"line":120,"column":null}},"type":"binary-expr","locations":[{"start":{"line":120,"column":11},"end":{"line":120,"column":29}},{"start":{"line":120,"column":29},"end":{"line":120,"column":null}}],"line":120},"9":{"loc":{"start":{"line":130,"column":11},"end":{"line":130,"column":null}},"type":"binary-expr","locations":[{"start":{"line":130,"column":11},"end":{"line":130,"column":29}},{"start":{"line":130,"column":29},"end":{"line":130,"column":null}}],"line":130},"10":{"loc":{"start":{"line":144,"column":7},"end":{"line":193,"column":null}},"type":"binary-expr","locations":[{"start":{"line":144,"column":7},"end":{"line":144,"column":null}},{"start":{"line":145,"column":8},"end":{"line":193,"column":null}}],"line":144},"11":{"loc":{"start":{"line":206,"column":18},"end":{"line":208,"column":null}},"type":"cond-expr","locations":[{"start":{"line":207,"column":22},"end":{"line":207,"column":null}},{"start":{"line":208,"column":22},"end":{"line":208,"column":null}}],"line":206},"12":{"loc":{"start":{"line":220,"column":9},"end":{"line":354,"column":null}},"type":"cond-expr","locations":[{"start":{"line":221,"column":10},"end":{"line":224,"column":null}},{"start":{"line":225,"column":12},"end":{"line":354,"column":null}}],"line":220},"13":{"loc":{"start":{"line":225,"column":12},"end":{"line":354,"column":null}},"type":"cond-expr","locations":[{"start":{"line":226,"column":10},"end":{"line":232,"column":null}},{"start":{"line":234,"column":10},"end":{"line":354,"column":null}}],"line":225},"14":{"loc":{"start":{"line":230,"column":15},"end":{"line":230,"column":null}},"type":"cond-expr","locations":[{"start":{"line":230,"column":43},"end":{"line":230,"column":82}},{"start":{"line":230,"column":82},"end":{"line":230,"column":null}}],"line":230},"15":{"loc":{"start":{"line":261,"column":59},"end":{"line":261,"column":121}},"type":"cond-expr","locations":[{"start":{"line":261,"column":87},"end":{"line":261,"column":104}},{"start":{"line":261,"column":104},"end":{"line":261,"column":121}}],"line":261},"16":{"loc":{"start":{"line":289,"column":21},"end":{"line":302,"column":null}},"type":"binary-expr","locations":[{"start":{"line":289,"column":21},"end":{"line":289,"column":null}},{"start":{"line":290,"column":22},"end":{"line":302,"column":null}}],"line":289},"17":{"loc":{"start":{"line":295,"column":29},"end":{"line":298,"column":null}},"type":"binary-expr","locations":[{"start":{"line":295,"column":29},"end":{"line":295,"column":null}},{"start":{"line":296,"column":30},"end":{"line":298,"column":null}}],"line":295},"18":{"loc":{"start":{"line":310,"column":17},"end":{"line":326,"column":null}},"type":"binary-expr","locations":[{"start":{"line":310,"column":17},"end":{"line":310,"column":null}},{"start":{"line":311,"column":18},"end":{"line":326,"column":null}}],"line":310},"19":{"loc":{"start":{"line":329,"column":17},"end":{"line":336,"column":null}},"type":"binary-expr","locations":[{"start":{"line":329,"column":17},"end":{"line":329,"column":null}},{"start":{"line":330,"column":18},"end":{"line":336,"column":null}}],"line":329},"20":{"loc":{"start":{"line":339,"column":17},"end":{"line":346,"column":null}},"type":"binary-expr","locations":[{"start":{"line":339,"column":17},"end":{"line":339,"column":null}},{"start":{"line":340,"column":18},"end":{"line":346,"column":null}}],"line":339}},"s":{"0":18,"1":18,"2":18,"3":18,"4":18,"5":10,"6":18,"7":10,"8":10,"9":10,"10":10,"11":10,"12":10,"13":9,"14":9,"15":9,"16":9,"17":10,"18":0,"19":9,"20":18,"21":0,"22":0,"23":0,"24":0,"25":0,"26":0,"27":0,"28":0,"29":18,"30":35,"31":18,"32":21,"33":7,"34":14,"35":14,"36":14,"37":18,"38":21,"39":7,"40":14,"41":18,"42":21,"43":21,"44":18,"45":93,"46":93,"47":18,"48":72,"49":0,"50":21,"51":0,"52":0,"53":0,"54":0},"f":{"0":18,"1":10,"2":10,"3":0,"4":35,"5":21,"6":21,"7":21,"8":93,"9":72,"10":0,"11":21,"12":0,"13":0,"14":0,"15":0},"b":{"0":[10,0],"1":[0,9],"2":[9,0],"3":[10,1],"4":[0,0],"5":[7,14],"6":[0,14],"7":[7,14],"8":[21,0],"9":[93,0],"10":[18,7],"11":[18,54],"12":[10,8],"13":[1,7],"14":[1,0],"15":[7,14],"16":[21,7],"17":[7,7],"18":[21,14],"19":[21,7],"20":[21,0]},"meta":{"lastBranch":21,"lastFunction":16,"lastStatement":55,"seen":{"f:32:24:32:45":0,"s:33:26:33:Infinity":0,"s:34:28:34:Infinity":1,"s:35:28:35:Infinity":2,"s:36:38:36:Infinity":3,"s:38:2:40:Infinity":4,"f:38:12:38:18":1,"s:39:4:39:Infinity":5,"s:42:22:69:Infinity":6,"f:42:22:42:34":2,"s:43:4:68:Infinity":7,"s:44:6:44:Infinity":8,"s:45:20:45:Infinity":9,"s:46:24:46:Infinity":10,"s:48:21:51:Infinity":11,"b:49:20:49:33:49:33:49:Infinity":0,"s:53:23:57:Infinity":12,"b:59:6:59:Infinity:undefined:undefined:undefined:undefined":1,"s:59:6:59:Infinity":13,"s:59:24:59:Infinity":14,"s:61:19:61:Infinity":15,"s:62:6:62:Infinity":16,"b:62:16:62:31:62:31:62:33":2,"s:63:6:63:Infinity":17,"b:63:17:63:33:63:33:63:37":3,"s:65:6:65:Infinity":18,"s:67:6:67:Infinity":19,"s:71:28:93:Infinity":20,"f:71:28:71:35":3,"s:72:4:92:Infinity":21,"s:73:20:73:Infinity":22,"s:74:23:84:Infinity":23,"b:86:6:86:Infinity:undefined:undefined:undefined:undefined":4,"s:86:6:86:Infinity":24,"s:86:24:86:Infinity":25,"s:88:6:88:Infinity":26,"s:90:6:90:Infinity":27,"s:91:6:91:Infinity":28,"s:95:25:100:Infinity":29,"f:95:25:95:26":4,"s:96:4:99:Infinity":30,"s:102:32:106:Infinity":31,"f:102:32:102:33":5,"b:103:4:103:Infinity:undefined:undefined:undefined:undefined":5,"s:103:4:103:Infinity":32,"s:103:35:103:Infinity":33,"b:104:4:104:Infinity:undefined:undefined:undefined:undefined":6,"s:104:4:104:Infinity":34,"s:104:37:104:Infinity":35,"s:105:4:105:Infinity":36,"s:108:31:111:Infinity":37,"f:108:31:108:32":6,"b:109:4:109:Infinity:undefined:undefined:undefined:undefined":7,"s:109:4:109:Infinity":38,"s:109:35:109:Infinity":39,"s:110:4:110:Infinity":40,"s:113:30:121:Infinity":41,"f:113:30:113:31":7,"s:114:43:119:Infinity":42,"s:120:4:120:Infinity":43,"b:120:11:120:29:120:29:120:Infinity":8,"s:123:25:131:Infinity":44,"f:123:25:123:26":8,"s:124:43:129:Infinity":45,"s:130:4:130:Infinity":46,"b:130:11:130:29:130:29:130:Infinity":9,"s:133:2:357:Infinity":47,"b:144:7:144:Infinity:145:8:193:Infinity":10,"f:201:67:201:68":9,"s:202:14:212:Infinity":48,"f:204:25:204:31":10,"s:204:31:204:Infinity":49,"b:207:22:207:Infinity:208:22:208:Infinity":11,"b:221:10:224:Infinity:225:12:354:Infinity":12,"b:226:10:232:Infinity:234:10:354:Infinity":13,"b:230:43:230:82:230:82:230:Infinity":14,"f:234:21:234:22":11,"s:235:12:353:Infinity":50,"b:261:87:261:104:261:104:261:121":15,"b:289:21:289:Infinity:290:22:302:Infinity":16,"b:295:29:295:Infinity:296:30:298:Infinity":17,"b:310:17:310:Infinity:311:18:326:Infinity":18,"f:313:31:313:37":12,"s:313:37:313:Infinity":51,"f:320:31:320:37":13,"s:320:37:320:Infinity":52,"b:329:17:329:Infinity:330:18:336:Infinity":19,"f:331:29:331:35":14,"s:331:35:331:Infinity":53,"b:339:17:339:Infinity:340:18:346:Infinity":20,"f:341:29:341:35":15,"s:341:35:341:Infinity":54}}}
,"/var/www/documentiulia.ro/frontend/src/pages/inventory/ProductsPage.tsx": {"path":"/var/www/documentiulia.ro/frontend/src/pages/inventory/ProductsPage.tsx","statementMap":{"0":{"start":{"line":30,"column":30},"end":{"line":30,"column":null}},"1":{"start":{"line":31,"column":24},"end":{"line":31,"column":null}},"2":{"start":{"line":32,"column":28},"end":{"line":32,"column":null}},"3":{"start":{"line":33,"column":34},"end":{"line":33,"column":null}},"4":{"start":{"line":34,"column":42},"end":{"line":34,"column":null}},"5":{"start":{"line":35,"column":42},"end":{"line":35,"column":null}},"6":{"start":{"line":37,"column":2},"end":{"line":39,"column":null}},"7":{"start":{"line":38,"column":4},"end":{"line":38,"column":null}},"8":{"start":{"line":41,"column":24},"end":{"line":72,"column":null}},"9":{"start":{"line":42,"column":4},"end":{"line":71,"column":null}},"10":{"start":{"line":43,"column":6},"end":{"line":43,"column":null}},"11":{"start":{"line":44,"column":20},"end":{"line":44,"column":null}},"12":{"start":{"line":45,"column":24},"end":{"line":45,"column":null}},"13":{"start":{"line":47,"column":21},"end":{"line":52,"column":null}},"14":{"start":{"line":54,"column":23},"end":{"line":58,"column":null}},"15":{"start":{"line":60,"column":6},"end":{"line":60,"column":null}},"16":{"start":{"line":60,"column":24},"end":{"line":60,"column":null}},"17":{"start":{"line":62,"column":19},"end":{"line":62,"column":null}},"18":{"start":{"line":63,"column":6},"end":{"line":63,"column":null}},"19":{"start":{"line":64,"column":6},"end":{"line":66,"column":null}},"20":{"start":{"line":65,"column":8},"end":{"line":65,"column":null}},"21":{"start":{"line":68,"column":6},"end":{"line":68,"column":null}},"22":{"start":{"line":70,"column":6},"end":{"line":70,"column":null}},"23":{"start":{"line":74,"column":25},"end":{"line":79,"column":null}},"24":{"start":{"line":75,"column":4},"end":{"line":78,"column":null}},"25":{"start":{"line":81,"column":30},"end":{"line":85,"column":null}},"26":{"start":{"line":82,"column":4},"end":{"line":82,"column":null}},"27":{"start":{"line":82,"column":35},"end":{"line":82,"column":null}},"28":{"start":{"line":83,"column":4},"end":{"line":83,"column":null}},"29":{"start":{"line":83,"column":30},"end":{"line":83,"column":null}},"30":{"start":{"line":84,"column":4},"end":{"line":84,"column":null}},"31":{"start":{"line":87,"column":29},"end":{"line":91,"column":null}},"32":{"start":{"line":88,"column":4},"end":{"line":88,"column":null}},"33":{"start":{"line":88,"column":35},"end":{"line":88,"column":null}},"34":{"start":{"line":89,"column":4},"end":{"line":89,"column":null}},"35":{"start":{"line":89,"column":30},"end":{"line":89,"column":null}},"36":{"start":{"line":90,"column":4},"end":{"line":90,"column":null}},"37":{"start":{"line":93,"column":2},"end":{"line":337,"column":null}},"38":{"start":{"line":105,"column":27},"end":{"line":105,"column":null}},"39":{"start":{"line":188,"column":31},"end":{"line":188,"column":null}},"40":{"start":{"line":195,"column":29},"end":{"line":195,"column":null}},"41":{"start":{"line":210,"column":31},"end":{"line":210,"column":null}},"42":{"start":{"line":219,"column":14},"end":{"line":219,"column":null}},"43":{"start":{"line":220,"column":14},"end":{"line":220,"column":null}},"44":{"start":{"line":221,"column":14},"end":{"line":221,"column":null}},"45":{"start":{"line":283,"column":18},"end":{"line":330,"column":null}}},"fnMap":{"0":{"name":"ProductsPage","decl":{"start":{"line":29,"column":24},"end":{"line":29,"column":39}},"loc":{"start":{"line":29,"column":39},"end":{"line":339,"column":null}},"line":29},"1":{"name":"(anonymous_1)","decl":{"start":{"line":37,"column":12},"end":{"line":37,"column":18}},"loc":{"start":{"line":37,"column":18},"end":{"line":39,"column":5}},"line":37},"2":{"name":"(anonymous_2)","decl":{"start":{"line":41,"column":24},"end":{"line":41,"column":36}},"loc":{"start":{"line":41,"column":36},"end":{"line":72,"column":null}},"line":41},"3":{"name":"(anonymous_3)","decl":{"start":{"line":74,"column":25},"end":{"line":74,"column":26}},"loc":{"start":{"line":74,"column":45},"end":{"line":79,"column":null}},"line":74},"4":{"name":"(anonymous_4)","decl":{"start":{"line":81,"column":30},"end":{"line":81,"column":31}},"loc":{"start":{"line":81,"column":52},"end":{"line":85,"column":null}},"line":81},"5":{"name":"(anonymous_5)","decl":{"start":{"line":87,"column":29},"end":{"line":87,"column":30}},"loc":{"start":{"line":87,"column":51},"end":{"line":91,"column":null}},"line":87},"6":{"name":"(anonymous_6)","decl":{"start":{"line":105,"column":21},"end":{"line":105,"column":27}},"loc":{"start":{"line":105,"column":27},"end":{"line":105,"column":null}},"line":105},"7":{"name":"(anonymous_7)","decl":{"start":{"line":188,"column":24},"end":{"line":188,"column":25}},"loc":{"start":{"line":188,"column":31},"end":{"line":188,"column":null}},"line":188},"8":{"name":"(anonymous_8)","decl":{"start":{"line":195,"column":22},"end":{"line":195,"column":23}},"loc":{"start":{"line":195,"column":29},"end":{"line":195,"column":null}},"line":195},"9":{"name":"(anonymous_9)","decl":{"start":{"line":210,"column":24},"end":{"line":210,"column":25}},"loc":{"start":{"line":210,"column":31},"end":{"line":210,"column":null}},"line":210},"10":{"name":"(anonymous_10)","decl":{"start":{"line":218,"column":21},"end":{"line":218,"column":27}},"loc":{"start":{"line":218,"column":27},"end":{"line":222,"column":null}},"line":218},"11":{"name":"(anonymous_11)","decl":{"start":{"line":282,"column":29},"end":{"line":282,"column":30}},"loc":{"start":{"line":283,"column":18},"end":{"line":330,"column":null}},"line":283}},"branchMap":{"0":{"loc":{"start":{"line":48,"column":20},"end":{"line":48,"column":null}},"type":"binary-expr","locations":[{"start":{"line":48,"column":20},"end":{"line":48,"column":33}},{"start":{"line":48,"column":33},"end":{"line":48,"column":null}}],"line":48},"1":{"loc":{"start":{"line":49,"column":12},"end":{"line":49,"column":null}},"type":"binary-expr","locations":[{"start":{"line":49,"column":12},"end":{"line":49,"column":26}},{"start":{"line":49,"column":26},"end":{"line":49,"column":null}}],"line":49},"2":{"loc":{"start":{"line":50,"column":12},"end":{"line":50,"column":null}},"type":"binary-expr","locations":[{"start":{"line":50,"column":12},"end":{"line":50,"column":30}},{"start":{"line":50,"column":30},"end":{"line":50,"column":null}}],"line":50},"3":{"loc":{"start":{"line":51,"column":12},"end":{"line":51,"column":null}},"type":"binary-expr","locations":[{"start":{"line":51,"column":12},"end":{"line":51,"column":30}},{"start":{"line":51,"column":30},"end":{"line":51,"column":null}}],"line":51},"4":{"loc":{"start":{"line":60,"column":6},"end":{"line":60,"column":null}},"type":"if","locations":[{"start":{"line":60,"column":6},"end":{"line":60,"column":null}},{"start":{},"end":{}}],"line":60},"5":{"loc":{"start":{"line":63,"column":18},"end":{"line":63,"column":37}},"type":"binary-expr","locations":[{"start":{"line":63,"column":18},"end":{"line":63,"column":35}},{"start":{"line":63,"column":35},"end":{"line":63,"column":37}}],"line":63},"6":{"loc":{"start":{"line":64,"column":6},"end":{"line":66,"column":null}},"type":"if","locations":[{"start":{"line":64,"column":6},"end":{"line":66,"column":null}},{"start":{},"end":{}}],"line":64},"7":{"loc":{"start":{"line":82,"column":4},"end":{"line":82,"column":null}},"type":"if","locations":[{"start":{"line":82,"column":4},"end":{"line":82,"column":null}},{"start":{},"end":{}}],"line":82},"8":{"loc":{"start":{"line":83,"column":4},"end":{"line":83,"column":null}},"type":"if","locations":[{"start":{"line":83,"column":4},"end":{"line":83,"column":null}},{"start":{},"end":{}}],"line":83},"9":{"loc":{"start":{"line":88,"column":4},"end":{"line":88,"column":null}},"type":"if","locations":[{"start":{"line":88,"column":4},"end":{"line":88,"column":null}},{"start":{},"end":{}}],"line":88},"10":{"loc":{"start":{"line":89,"column":4},"end":{"line":89,"column":null}},"type":"if","locations":[{"start":{"line":89,"column":4},"end":{"line":89,"column":null}},{"start":{},"end":{}}],"line":89},"11":{"loc":{"start":{"line":115,"column":7},"end":{"line":176,"column":null}},"type":"binary-expr","locations":[{"start":{"line":115,"column":7},"end":{"line":115,"column":null}},{"start":{"line":116,"column":8},"end":{"line":176,"column":null}}],"line":115},"12":{"loc":{"start":{"line":266,"column":15},"end":{"line":331,"column":null}},"type":"cond-expr","locations":[{"start":{"line":267,"column":16},"end":{"line":272,"column":null}},{"start":{"line":273,"column":18},"end":{"line":331,"column":null}}],"line":266},"13":{"loc":{"start":{"line":273,"column":18},"end":{"line":331,"column":null}},"type":"cond-expr","locations":[{"start":{"line":274,"column":16},"end":{"line":280,"column":null}},{"start":{"line":282,"column":16},"end":{"line":331,"column":null}}],"line":273},"14":{"loc":{"start":{"line":297,"column":25},"end":{"line":297,"column":null}},"type":"binary-expr","locations":[{"start":{"line":297,"column":25},"end":{"line":297,"column":45}},{"start":{"line":297,"column":45},"end":{"line":297,"column":null}}],"line":297},"15":{"loc":{"start":{"line":304,"column":62},"end":{"line":304,"column":173}},"type":"cond-expr","locations":[{"start":{"line":304,"column":91},"end":{"line":304,"column":110}},{"start":{"line":304,"column":110},"end":{"line":304,"column":173}}],"line":304},"16":{"loc":{"start":{"line":304,"column":110},"end":{"line":304,"column":173}},"type":"cond-expr","locations":[{"start":{"line":304,"column":139},"end":{"line":304,"column":159}},{"start":{"line":304,"column":159},"end":{"line":304,"column":173}}],"line":304}},"s":{"0":34,"1":34,"2":34,"3":34,"4":34,"5":34,"6":34,"7":19,"8":34,"9":19,"10":19,"11":19,"12":19,"13":19,"14":19,"15":19,"16":0,"17":19,"18":19,"19":19,"20":18,"21":0,"22":19,"23":34,"24":49,"25":34,"26":36,"27":12,"28":24,"29":24,"30":12,"31":34,"32":36,"33":12,"34":24,"35":24,"36":12,"37":34,"38":0,"39":2,"40":0,"41":0,"42":1,"43":1,"44":1,"45":36},"f":{"0":34,"1":19,"2":19,"3":49,"4":36,"5":36,"6":0,"7":2,"8":0,"9":0,"10":1,"11":36},"b":{"0":[19,0],"1":[19,2],"2":[19,0],"3":[19,0],"4":[0,19],"5":[19,0],"6":[18,1],"7":[12,24],"8":[12,12],"9":[12,24],"10":[12,12],"11":[34,13],"12":[21,13],"13":[1,12],"14":[36,0],"15":[36,0],"16":[0,0]},"meta":{"lastBranch":17,"lastFunction":12,"lastStatement":46,"seen":{"f:29:24:29:39":0,"s:30:30:30:Infinity":0,"s:31:24:31:Infinity":1,"s:32:28:32:Infinity":2,"s:33:34:33:Infinity":3,"s:34:42:34:Infinity":4,"s:35:42:35:Infinity":5,"s:37:2:39:Infinity":6,"f:37:12:37:18":1,"s:38:4:38:Infinity":7,"s:41:24:72:Infinity":8,"f:41:24:41:36":2,"s:42:4:71:Infinity":9,"s:43:6:43:Infinity":10,"s:44:20:44:Infinity":11,"s:45:24:45:Infinity":12,"s:47:21:52:Infinity":13,"b:48:20:48:33:48:33:48:Infinity":0,"b:49:12:49:26:49:26:49:Infinity":1,"b:50:12:50:30:50:30:50:Infinity":2,"b:51:12:51:30:51:30:51:Infinity":3,"s:54:23:58:Infinity":14,"b:60:6:60:Infinity:undefined:undefined:undefined:undefined":4,"s:60:6:60:Infinity":15,"s:60:24:60:Infinity":16,"s:62:19:62:Infinity":17,"s:63:6:63:Infinity":18,"b:63:18:63:35:63:35:63:37":5,"b:64:6:66:Infinity:undefined:undefined:undefined:undefined":6,"s:64:6:66:Infinity":19,"s:65:8:65:Infinity":20,"s:68:6:68:Infinity":21,"s:70:6:70:Infinity":22,"s:74:25:79:Infinity":23,"f:74:25:74:26":3,"s:75:4:78:Infinity":24,"s:81:30:85:Infinity":25,"f:81:30:81:31":4,"b:82:4:82:Infinity:undefined:undefined:undefined:undefined":7,"s:82:4:82:Infinity":26,"s:82:35:82:Infinity":27,"b:83:4:83:Infinity:undefined:undefined:undefined:undefined":8,"s:83:4:83:Infinity":28,"s:83:30:83:Infinity":29,"s:84:4:84:Infinity":30,"s:87:29:91:Infinity":31,"f:87:29:87:30":5,"b:88:4:88:Infinity:undefined:undefined:undefined:undefined":9,"s:88:4:88:Infinity":32,"s:88:35:88:Infinity":33,"b:89:4:89:Infinity:undefined:undefined:undefined:undefined":10,"s:89:4:89:Infinity":34,"s:89:30:89:Infinity":35,"s:90:4:90:Infinity":36,"s:93:2:337:Infinity":37,"f:105:21:105:27":6,"s:105:27:105:Infinity":38,"b:115:7:115:Infinity:116:8:176:Infinity":11,"f:188:24:188:25":7,"s:188:31:188:Infinity":39,"f:195:22:195:23":8,"s:195:29:195:Infinity":40,"f:210:24:210:25":9,"s:210:31:210:Infinity":41,"f:218:21:218:27":10,"s:219:14:219:Infinity":42,"s:220:14:220:Infinity":43,"s:221:14:221:Infinity":44,"b:267:16:272:Infinity:273:18:331:Infinity":12,"b:274:16:280:Infinity:282:16:331:Infinity":13,"f:282:29:282:30":11,"s:283:18:330:Infinity":45,"b:297:25:297:45:297:45:297:Infinity":14,"b:304:91:304:110:304:110:304:173":15,"b:304:139:304:159:304:159:304:173":16}}}
,"/var/www/documentiulia.ro/frontend/src/pages/inventory/StockLevelsPage.tsx": {"path":"/var/www/documentiulia.ro/frontend/src/pages/inventory/StockLevelsPage.tsx","statementMap":{"0":{"start":{"line":36,"column":36},"end":{"line":36,"column":null}},"1":{"start":{"line":37,"column":28},"end":{"line":37,"column":null}},"2":{"start":{"line":38,"column":28},"end":{"line":38,"column":null}},"3":{"start":{"line":39,"column":38},"end":{"line":39,"column":null}},"4":{"start":{"line":41,"column":2},"end":{"line":43,"column":null}},"5":{"start":{"line":42,"column":4},"end":{"line":42,"column":null}},"6":{"start":{"line":45,"column":27},"end":{"line":71,"column":null}},"7":{"start":{"line":46,"column":4},"end":{"line":70,"column":null}},"8":{"start":{"line":47,"column":6},"end":{"line":47,"column":null}},"9":{"start":{"line":48,"column":20},"end":{"line":48,"column":null}},"10":{"start":{"line":49,"column":24},"end":{"line":49,"column":null}},"11":{"start":{"line":51,"column":21},"end":{"line":54,"column":null}},"12":{"start":{"line":56,"column":23},"end":{"line":60,"column":null}},"13":{"start":{"line":62,"column":6},"end":{"line":62,"column":null}},"14":{"start":{"line":62,"column":24},"end":{"line":62,"column":null}},"15":{"start":{"line":64,"column":19},"end":{"line":64,"column":null}},"16":{"start":{"line":65,"column":6},"end":{"line":65,"column":null}},"17":{"start":{"line":67,"column":6},"end":{"line":67,"column":null}},"18":{"start":{"line":69,"column":6},"end":{"line":69,"column":null}},"19":{"start":{"line":73,"column":20},"end":{"line":81,"column":null}},"20":{"start":{"line":74,"column":24},"end":{"line":74,"column":null}},"21":{"start":{"line":75,"column":4},"end":{"line":79,"column":null}},"22":{"start":{"line":76,"column":6},"end":{"line":76,"column":null}},"23":{"start":{"line":78,"column":6},"end":{"line":78,"column":null}},"24":{"start":{"line":80,"column":4},"end":{"line":80,"column":null}},"25":{"start":{"line":83,"column":25},"end":{"line":88,"column":null}},"26":{"start":{"line":84,"column":4},"end":{"line":87,"column":null}},"27":{"start":{"line":90,"column":29},"end":{"line":95,"column":null}},"28":{"start":{"line":91,"column":4},"end":{"line":91,"column":null}},"29":{"start":{"line":91,"column":23},"end":{"line":91,"column":null}},"30":{"start":{"line":92,"column":4},"end":{"line":92,"column":null}},"31":{"start":{"line":92,"column":25},"end":{"line":92,"column":null}},"32":{"start":{"line":93,"column":4},"end":{"line":93,"column":null}},"33":{"start":{"line":93,"column":35},"end":{"line":93,"column":null}},"34":{"start":{"line":94,"column":4},"end":{"line":94,"column":null}},"35":{"start":{"line":97,"column":2},"end":{"line":319,"column":null}},"36":{"start":{"line":124,"column":29},"end":{"line":124,"column":null}},"37":{"start":{"line":135,"column":29},"end":{"line":135,"column":null}},"38":{"start":{"line":201,"column":18},"end":{"line":312,"column":null}},"39":{"start":{"line":204,"column":37},"end":{"line":204,"column":null}},"40":{"start":{"line":269,"column":32},"end":{"line":305,"column":null}}},"fnMap":{"0":{"name":"StockLevelsPage","decl":{"start":{"line":35,"column":24},"end":{"line":35,"column":42}},"loc":{"start":{"line":35,"column":42},"end":{"line":321,"column":null}},"line":35},"1":{"name":"(anonymous_1)","decl":{"start":{"line":41,"column":12},"end":{"line":41,"column":18}},"loc":{"start":{"line":41,"column":18},"end":{"line":43,"column":5}},"line":41},"2":{"name":"(anonymous_2)","decl":{"start":{"line":45,"column":27},"end":{"line":45,"column":39}},"loc":{"start":{"line":45,"column":39},"end":{"line":71,"column":null}},"line":45},"3":{"name":"(anonymous_3)","decl":{"start":{"line":73,"column":20},"end":{"line":73,"column":21}},"loc":{"start":{"line":73,"column":43},"end":{"line":81,"column":null}},"line":73},"4":{"name":"(anonymous_4)","decl":{"start":{"line":83,"column":25},"end":{"line":83,"column":26}},"loc":{"start":{"line":83,"column":45},"end":{"line":88,"column":null}},"line":83},"5":{"name":"(anonymous_5)","decl":{"start":{"line":90,"column":29},"end":{"line":90,"column":30}},"loc":{"start":{"line":90,"column":81},"end":{"line":95,"column":null}},"line":90},"6":{"name":"(anonymous_6)","decl":{"start":{"line":124,"column":23},"end":{"line":124,"column":29}},"loc":{"start":{"line":124,"column":29},"end":{"line":124,"column":null}},"line":124},"7":{"name":"(anonymous_7)","decl":{"start":{"line":135,"column":23},"end":{"line":135,"column":29}},"loc":{"start":{"line":135,"column":29},"end":{"line":135,"column":null}},"line":135},"8":{"name":"(anonymous_8)","decl":{"start":{"line":200,"column":32},"end":{"line":200,"column":33}},"loc":{"start":{"line":201,"column":18},"end":{"line":312,"column":null}},"line":201},"9":{"name":"(anonymous_9)","decl":{"start":{"line":204,"column":31},"end":{"line":204,"column":37}},"loc":{"start":{"line":204,"column":37},"end":{"line":204,"column":null}},"line":204},"10":{"name":"(anonymous_10)","decl":{"start":{"line":268,"column":59},"end":{"line":268,"column":60}},"loc":{"start":{"line":269,"column":32},"end":{"line":305,"column":null}},"line":269}},"branchMap":{"0":{"loc":{"start":{"line":52,"column":20},"end":{"line":52,"column":null}},"type":"binary-expr","locations":[{"start":{"line":52,"column":20},"end":{"line":52,"column":33}},{"start":{"line":52,"column":33},"end":{"line":52,"column":null}}],"line":52},"1":{"loc":{"start":{"line":62,"column":6},"end":{"line":62,"column":null}},"type":"if","locations":[{"start":{"line":62,"column":6},"end":{"line":62,"column":null}},{"start":{},"end":{}}],"line":62},"2":{"loc":{"start":{"line":65,"column":21},"end":{"line":65,"column":40}},"type":"binary-expr","locations":[{"start":{"line":65,"column":21},"end":{"line":65,"column":38}},{"start":{"line":65,"column":38},"end":{"line":65,"column":40}}],"line":65},"3":{"loc":{"start":{"line":75,"column":4},"end":{"line":79,"column":null}},"type":"if","locations":[{"start":{"line":75,"column":4},"end":{"line":79,"column":null}},{"start":{"line":77,"column":11},"end":{"line":79,"column":null}}],"line":75},"4":{"loc":{"start":{"line":91,"column":4},"end":{"line":91,"column":null}},"type":"if","locations":[{"start":{"line":91,"column":4},"end":{"line":91,"column":null}},{"start":{},"end":{}}],"line":91},"5":{"loc":{"start":{"line":92,"column":4},"end":{"line":92,"column":null}},"type":"if","locations":[{"start":{"line":92,"column":4},"end":{"line":92,"column":null}},{"start":{},"end":{}}],"line":92},"6":{"loc":{"start":{"line":93,"column":4},"end":{"line":93,"column":null}},"type":"if","locations":[{"start":{"line":93,"column":4},"end":{"line":93,"column":null}},{"start":{},"end":{}}],"line":93},"7":{"loc":{"start":{"line":126,"column":16},"end":{"line":128,"column":null}},"type":"cond-expr","locations":[{"start":{"line":127,"column":20},"end":{"line":127,"column":null}},{"start":{"line":128,"column":20},"end":{"line":128,"column":null}}],"line":126},"8":{"loc":{"start":{"line":137,"column":16},"end":{"line":139,"column":null}},"type":"cond-expr","locations":[{"start":{"line":138,"column":20},"end":{"line":138,"column":null}},{"start":{"line":139,"column":20},"end":{"line":139,"column":null}}],"line":137},"9":{"loc":{"start":{"line":185,"column":15},"end":{"line":313,"column":null}},"type":"cond-expr","locations":[{"start":{"line":186,"column":16},"end":{"line":191,"column":null}},{"start":{"line":192,"column":18},"end":{"line":313,"column":null}}],"line":185},"10":{"loc":{"start":{"line":192,"column":18},"end":{"line":313,"column":null}},"type":"cond-expr","locations":[{"start":{"line":193,"column":16},"end":{"line":198,"column":null}},{"start":{"line":200,"column":16},"end":{"line":313,"column":null}}],"line":192},"11":{"loc":{"start":{"line":250,"column":27},"end":{"line":255,"column":null}},"type":"cond-expr","locations":[{"start":{"line":251,"column":28},"end":{"line":251,"column":null}},{"start":{"line":252,"column":30},"end":{"line":255,"column":null}}],"line":250},"12":{"loc":{"start":{"line":252,"column":30},"end":{"line":255,"column":null}},"type":"cond-expr","locations":[{"start":{"line":253,"column":28},"end":{"line":253,"column":null}},{"start":{"line":255,"column":28},"end":{"line":255,"column":null}}],"line":252},"13":{"loc":{"start":{"line":262,"column":21},"end":{"line":310,"column":null}},"type":"binary-expr","locations":[{"start":{"line":262,"column":21},"end":{"line":262,"column":59}},{"start":{"line":262,"column":59},"end":{"line":262,"column":null}},{"start":{"line":263,"column":22},"end":{"line":310,"column":null}}],"line":262},"14":{"loc":{"start":{"line":290,"column":37},"end":{"line":294,"column":null}},"type":"binary-expr","locations":[{"start":{"line":290,"column":37},"end":{"line":290,"column":null}},{"start":{"line":291,"column":38},"end":{"line":294,"column":null}}],"line":290},"15":{"loc":{"start":{"line":296,"column":37},"end":{"line":302,"column":null}},"type":"binary-expr","locations":[{"start":{"line":296,"column":37},"end":{"line":296,"column":null}},{"start":{"line":297,"column":38},"end":{"line":302,"column":null}}],"line":296}},"s":{"0":21,"1":21,"2":21,"3":21,"4":21,"5":12,"6":21,"7":13,"8":13,"9":13,"10":13,"11":13,"12":13,"13":12,"14":12,"15":12,"16":12,"17":0,"18":12,"19":21,"20":0,"21":0,"22":0,"23":0,"24":0,"25":21,"26":28,"27":21,"28":0,"29":0,"30":0,"31":0,"32":0,"33":0,"34":0,"35":21,"36":0,"37":1,"38":14,"39":0,"40":0},"f":{"0":21,"1":12,"2":13,"3":0,"4":28,"5":0,"6":0,"7":1,"8":14,"9":0,"10":0},"b":{"0":[13,0],"1":[0,12],"2":[12,0],"3":[0,0],"4":[0,0],"5":[0,0],"6":[0,0],"7":[18,3],"8":[3,18],"9":[14,7],"10":[0,7],"11":[0,14],"12":[7,7],"13":[14,0,0],"14":[0,0],"15":[0,0]},"meta":{"lastBranch":16,"lastFunction":11,"lastStatement":41,"seen":{"f:35:24:35:42":0,"s:36:36:36:Infinity":0,"s:37:28:37:Infinity":1,"s:38:28:38:Infinity":2,"s:39:38:39:Infinity":3,"s:41:2:43:Infinity":4,"f:41:12:41:18":1,"s:42:4:42:Infinity":5,"s:45:27:71:Infinity":6,"f:45:27:45:39":2,"s:46:4:70:Infinity":7,"s:47:6:47:Infinity":8,"s:48:20:48:Infinity":9,"s:49:24:49:Infinity":10,"s:51:21:54:Infinity":11,"b:52:20:52:33:52:33:52:Infinity":0,"s:56:23:60:Infinity":12,"b:62:6:62:Infinity:undefined:undefined:undefined:undefined":1,"s:62:6:62:Infinity":13,"s:62:24:62:Infinity":14,"s:64:19:64:Infinity":15,"s:65:6:65:Infinity":16,"b:65:21:65:38:65:38:65:40":2,"s:67:6:67:Infinity":17,"s:69:6:69:Infinity":18,"s:73:20:81:Infinity":19,"f:73:20:73:21":3,"s:74:24:74:Infinity":20,"b:75:4:79:Infinity:77:11:79:Infinity":3,"s:75:4:79:Infinity":21,"s:76:6:76:Infinity":22,"s:78:6:78:Infinity":23,"s:80:4:80:Infinity":24,"s:83:25:88:Infinity":25,"f:83:25:83:26":4,"s:84:4:87:Infinity":26,"s:90:29:95:Infinity":27,"f:90:29:90:30":5,"b:91:4:91:Infinity:undefined:undefined:undefined:undefined":4,"s:91:4:91:Infinity":28,"s:91:23:91:Infinity":29,"b:92:4:92:Infinity:undefined:undefined:undefined:undefined":5,"s:92:4:92:Infinity":30,"s:92:25:92:Infinity":31,"b:93:4:93:Infinity:undefined:undefined:undefined:undefined":6,"s:93:4:93:Infinity":32,"s:93:35:93:Infinity":33,"s:94:4:94:Infinity":34,"s:97:2:319:Infinity":35,"f:124:23:124:29":6,"s:124:29:124:Infinity":36,"b:127:20:127:Infinity:128:20:128:Infinity":7,"f:135:23:135:29":7,"s:135:29:135:Infinity":37,"b:138:20:138:Infinity:139:20:139:Infinity":8,"b:186:16:191:Infinity:192:18:313:Infinity":9,"b:193:16:198:Infinity:200:16:313:Infinity":10,"f:200:32:200:33":8,"s:201:18:312:Infinity":38,"f:204:31:204:37":9,"s:204:37:204:Infinity":39,"b:251:28:251:Infinity:252:30:255:Infinity":11,"b:253:28:253:Infinity:255:28:255:Infinity":12,"b:262:21:262:59:262:59:262:Infinity:263:22:310:Infinity":13,"f:268:59:268:60":10,"s:269:32:305:Infinity":40,"b:290:37:290:Infinity:291:38:294:Infinity":14,"b:296:37:296:Infinity:297:38:302:Infinity":15}}}
,"/var/www/documentiulia.ro/frontend/src/pages/inventory/WarehousesPage.tsx": {"path":"/var/www/documentiulia.ro/frontend/src/pages/inventory/WarehousesPage.tsx","statementMap":{"0":{"start":{"line":24,"column":34},"end":{"line":24,"column":null}},"1":{"start":{"line":25,"column":28},"end":{"line":25,"column":null}},"2":{"start":{"line":26,"column":32},"end":{"line":26,"column":null}},"3":{"start":{"line":27,"column":46},"end":{"line":27,"column":null}},"4":{"start":{"line":29,"column":2},"end":{"line":31,"column":null}},"5":{"start":{"line":30,"column":4},"end":{"line":30,"column":null}},"6":{"start":{"line":33,"column":26},"end":{"line":59,"column":null}},"7":{"start":{"line":34,"column":4},"end":{"line":58,"column":null}},"8":{"start":{"line":35,"column":6},"end":{"line":35,"column":null}},"9":{"start":{"line":36,"column":20},"end":{"line":36,"column":null}},"10":{"start":{"line":37,"column":24},"end":{"line":37,"column":null}},"11":{"start":{"line":39,"column":21},"end":{"line":42,"column":null}},"12":{"start":{"line":44,"column":23},"end":{"line":48,"column":null}},"13":{"start":{"line":50,"column":6},"end":{"line":50,"column":null}},"14":{"start":{"line":50,"column":24},"end":{"line":50,"column":null}},"15":{"start":{"line":52,"column":19},"end":{"line":52,"column":null}},"16":{"start":{"line":53,"column":6},"end":{"line":53,"column":null}},"17":{"start":{"line":55,"column":6},"end":{"line":55,"column":null}},"18":{"start":{"line":57,"column":6},"end":{"line":57,"column":null}},"19":{"start":{"line":61,"column":25},"end":{"line":67,"column":null}},"20":{"start":{"line":62,"column":4},"end":{"line":62,"column":null}},"21":{"start":{"line":62,"column":17},"end":{"line":62,"column":null}},"22":{"start":{"line":63,"column":4},"end":{"line":66,"column":null}},"23":{"start":{"line":69,"column":32},"end":{"line":76,"column":null}},"24":{"start":{"line":70,"column":42},"end":{"line":74,"column":null}},"25":{"start":{"line":75,"column":4},"end":{"line":75,"column":null}},"26":{"start":{"line":78,"column":32},"end":{"line":85,"column":null}},"27":{"start":{"line":79,"column":43},"end":{"line":83,"column":null}},"28":{"start":{"line":84,"column":4},"end":{"line":84,"column":null}},"29":{"start":{"line":87,"column":32},"end":{"line":90,"column":null}},"30":{"start":{"line":88,"column":4},"end":{"line":88,"column":null}},"31":{"start":{"line":89,"column":4},"end":{"line":89,"column":null}},"32":{"start":{"line":92,"column":30},"end":{"line":95,"column":null}},"33":{"start":{"line":93,"column":4},"end":{"line":93,"column":null}},"34":{"start":{"line":94,"column":4},"end":{"line":94,"column":null}},"35":{"start":{"line":97,"column":32},"end":{"line":120,"column":null}},"36":{"start":{"line":98,"column":4},"end":{"line":98,"column":null}},"37":{"start":{"line":98,"column":64},"end":{"line":98,"column":null}},"38":{"start":{"line":100,"column":4},"end":{"line":119,"column":null}},"39":{"start":{"line":101,"column":20},"end":{"line":101,"column":null}},"40":{"start":{"line":102,"column":23},"end":{"line":107,"column":null}},"41":{"start":{"line":109,"column":6},"end":{"line":113,"column":null}},"42":{"start":{"line":110,"column":22},"end":{"line":110,"column":null}},"43":{"start":{"line":111,"column":8},"end":{"line":111,"column":null}},"44":{"start":{"line":112,"column":8},"end":{"line":112,"column":null}},"45":{"start":{"line":115,"column":6},"end":{"line":115,"column":null}},"46":{"start":{"line":117,"column":6},"end":{"line":117,"column":null}},"47":{"start":{"line":118,"column":6},"end":{"line":118,"column":null}},"48":{"start":{"line":122,"column":2},"end":{"line":293,"column":null}},"49":{"start":{"line":165,"column":12},"end":{"line":262,"column":null}},"50":{"start":{"line":248,"column":33},"end":{"line":248,"column":null}},"51":{"start":{"line":255,"column":33},"end":{"line":255,"column":null}},"52":{"start":{"line":281,"column":31},"end":{"line":281,"column":null}}},"fnMap":{"0":{"name":"WarehousesPage","decl":{"start":{"line":23,"column":24},"end":{"line":23,"column":41}},"loc":{"start":{"line":23,"column":41},"end":{"line":295,"column":null}},"line":23},"1":{"name":"(anonymous_1)","decl":{"start":{"line":29,"column":12},"end":{"line":29,"column":18}},"loc":{"start":{"line":29,"column":18},"end":{"line":31,"column":5}},"line":29},"2":{"name":"(anonymous_2)","decl":{"start":{"line":33,"column":26},"end":{"line":33,"column":38}},"loc":{"start":{"line":33,"column":38},"end":{"line":59,"column":null}},"line":33},"3":{"name":"(anonymous_3)","decl":{"start":{"line":61,"column":25},"end":{"line":61,"column":26}},"loc":{"start":{"line":61,"column":57},"end":{"line":67,"column":null}},"line":61},"4":{"name":"(anonymous_4)","decl":{"start":{"line":69,"column":32},"end":{"line":69,"column":33}},"loc":{"start":{"line":69,"column":50},"end":{"line":76,"column":null}},"line":69},"5":{"name":"(anonymous_5)","decl":{"start":{"line":78,"column":32},"end":{"line":78,"column":33}},"loc":{"start":{"line":78,"column":50},"end":{"line":85,"column":null}},"line":78},"6":{"name":"(anonymous_6)","decl":{"start":{"line":87,"column":32},"end":{"line":87,"column":38}},"loc":{"start":{"line":87,"column":38},"end":{"line":90,"column":null}},"line":87},"7":{"name":"(anonymous_7)","decl":{"start":{"line":92,"column":30},"end":{"line":92,"column":31}},"loc":{"start":{"line":92,"column":60},"end":{"line":95,"column":null}},"line":92},"8":{"name":"(anonymous_8)","decl":{"start":{"line":97,"column":32},"end":{"line":97,"column":39}},"loc":{"start":{"line":97,"column":54},"end":{"line":120,"column":null}},"line":97},"9":{"name":"(anonymous_9)","decl":{"start":{"line":164,"column":26},"end":{"line":164,"column":27}},"loc":{"start":{"line":165,"column":12},"end":{"line":262,"column":null}},"line":165},"10":{"name":"(anonymous_10)","decl":{"start":{"line":248,"column":27},"end":{"line":248,"column":33}},"loc":{"start":{"line":248,"column":33},"end":{"line":248,"column":null}},"line":248},"11":{"name":"(anonymous_11)","decl":{"start":{"line":255,"column":27},"end":{"line":255,"column":33}},"loc":{"start":{"line":255,"column":33},"end":{"line":255,"column":null}},"line":255},"12":{"name":"(anonymous_12)","decl":{"start":{"line":281,"column":25},"end":{"line":281,"column":31}},"loc":{"start":{"line":281,"column":31},"end":{"line":281,"column":null}},"line":281}},"branchMap":{"0":{"loc":{"start":{"line":40,"column":20},"end":{"line":40,"column":null}},"type":"binary-expr","locations":[{"start":{"line":40,"column":20},"end":{"line":40,"column":33}},{"start":{"line":40,"column":33},"end":{"line":40,"column":null}}],"line":40},"1":{"loc":{"start":{"line":50,"column":6},"end":{"line":50,"column":null}},"type":"if","locations":[{"start":{"line":50,"column":6},"end":{"line":50,"column":null}},{"start":{},"end":{}}],"line":50},"2":{"loc":{"start":{"line":53,"column":20},"end":{"line":53,"column":41}},"type":"binary-expr","locations":[{"start":{"line":53,"column":20},"end":{"line":53,"column":39}},{"start":{"line":53,"column":39},"end":{"line":53,"column":41}}],"line":53},"3":{"loc":{"start":{"line":62,"column":4},"end":{"line":62,"column":null}},"type":"if","locations":[{"start":{"line":62,"column":4},"end":{"line":62,"column":null}},{"start":{},"end":{}}],"line":62},"4":{"loc":{"start":{"line":75,"column":11},"end":{"line":75,"column":null}},"type":"binary-expr","locations":[{"start":{"line":75,"column":11},"end":{"line":75,"column":26}},{"start":{"line":75,"column":26},"end":{"line":75,"column":null}}],"line":75},"5":{"loc":{"start":{"line":84,"column":11},"end":{"line":84,"column":null}},"type":"binary-expr","locations":[{"start":{"line":84,"column":11},"end":{"line":84,"column":27}},{"start":{"line":84,"column":27},"end":{"line":84,"column":null}}],"line":84},"6":{"loc":{"start":{"line":98,"column":4},"end":{"line":98,"column":null}},"type":"if","locations":[{"start":{"line":98,"column":4},"end":{"line":98,"column":null}},{"start":{},"end":{}}],"line":98},"7":{"loc":{"start":{"line":109,"column":6},"end":{"line":113,"column":null}},"type":"if","locations":[{"start":{"line":109,"column":6},"end":{"line":113,"column":null}},{"start":{},"end":{}}],"line":109},"8":{"loc":{"start":{"line":111,"column":14},"end":{"line":111,"column":62}},"type":"binary-expr","locations":[{"start":{"line":111,"column":14},"end":{"line":111,"column":29}},{"start":{"line":111,"column":29},"end":{"line":111,"column":62}}],"line":111},"9":{"loc":{"start":{"line":144,"column":7},"end":{"line":264,"column":null}},"type":"cond-expr","locations":[{"start":{"line":145,"column":8},"end":{"line":148,"column":null}},{"start":{"line":149,"column":10},"end":{"line":264,"column":null}}],"line":144},"10":{"loc":{"start":{"line":149,"column":10},"end":{"line":264,"column":null}},"type":"cond-expr","locations":[{"start":{"line":150,"column":8},"end":{"line":161,"column":null}},{"start":{"line":163,"column":8},"end":{"line":264,"column":null}}],"line":149},"11":{"loc":{"start":{"line":180,"column":19},"end":{"line":183,"column":null}},"type":"binary-expr","locations":[{"start":{"line":180,"column":19},"end":{"line":180,"column":null}},{"start":{"line":181,"column":20},"end":{"line":183,"column":null}}],"line":180},"12":{"loc":{"start":{"line":191,"column":19},"end":{"line":194,"column":null}},"type":"binary-expr","locations":[{"start":{"line":191,"column":19},"end":{"line":191,"column":null}},{"start":{"line":192,"column":20},"end":{"line":194,"column":null}}],"line":191},"13":{"loc":{"start":{"line":204,"column":69},"end":{"line":204,"column":98}},"type":"binary-expr","locations":[{"start":{"line":204,"column":69},"end":{"line":204,"column":96}},{"start":{"line":204,"column":96},"end":{"line":204,"column":98}}],"line":204},"14":{"loc":{"start":{"line":208,"column":69},"end":{"line":208,"column":114}},"type":"binary-expr","locations":[{"start":{"line":208,"column":69},"end":{"line":208,"column":112}},{"start":{"line":208,"column":112},"end":{"line":208,"column":114}}],"line":208},"15":{"loc":{"start":{"line":216,"column":17},"end":{"line":222,"column":null}},"type":"binary-expr","locations":[{"start":{"line":216,"column":17},"end":{"line":216,"column":46}},{"start":{"line":216,"column":46},"end":{"line":216,"column":null}},{"start":{"line":217,"column":18},"end":{"line":222,"column":null}}],"line":216},"16":{"loc":{"start":{"line":231,"column":21},"end":{"line":231,"column":null}},"type":"binary-expr","locations":[{"start":{"line":231,"column":21},"end":{"line":231,"column":42}},{"start":{"line":231,"column":42},"end":{"line":231,"column":null}}],"line":231},"17":{"loc":{"start":{"line":232,"column":40},"end":{"line":232,"column":88}},"type":"cond-expr","locations":[{"start":{"line":232,"column":59},"end":{"line":232,"column":85}},{"start":{"line":232,"column":85},"end":{"line":232,"column":88}}],"line":232},"18":{"loc":{"start":{"line":233,"column":21},"end":{"line":233,"column":null}},"type":"binary-expr","locations":[{"start":{"line":233,"column":21},"end":{"line":233,"column":46}},{"start":{"line":233,"column":46},"end":{"line":233,"column":null}}],"line":233},"19":{"loc":{"start":{"line":235,"column":16},"end":{"line":241,"column":null}},"type":"binary-expr","locations":[{"start":{"line":237,"column":18},"end":{"line":237,"column":37}},{"start":{"line":237,"column":37},"end":{"line":237,"column":null}},{"start":{"line":238,"column":18},"end":{"line":241,"column":null}}],"line":235},"20":{"loc":{"start":{"line":239,"column":21},"end":{"line":239,"column":null}},"type":"binary-expr","locations":[{"start":{"line":239,"column":21},"end":{"line":239,"column":40}},{"start":{"line":239,"column":40},"end":{"line":239,"column":null}}],"line":239},"21":{"loc":{"start":{"line":240,"column":21},"end":{"line":240,"column":null}},"type":"binary-expr","locations":[{"start":{"line":240,"column":21},"end":{"line":240,"column":40}},{"start":{"line":240,"column":40},"end":{"line":240,"column":null}}],"line":240},"22":{"loc":{"start":{"line":268,"column":7},"end":{"line":291,"column":null}},"type":"binary-expr","locations":[{"start":{"line":268,"column":7},"end":{"line":268,"column":null}},{"start":{"line":269,"column":8},"end":{"line":291,"column":null}}],"line":268},"23":{"loc":{"start":{"line":273,"column":17},"end":{"line":273,"column":null}},"type":"cond-expr","locations":[{"start":{"line":273,"column":36},"end":{"line":273,"column":56}},{"start":{"line":273,"column":56},"end":{"line":273,"column":null}}],"line":273}},"s":{"0":15,"1":15,"2":15,"3":15,"4":15,"5":9,"6":15,"7":9,"8":9,"9":9,"10":9,"11":9,"12":9,"13":8,"14":8,"15":8,"16":8,"17":0,"18":8,"19":15,"20":15,"21":5,"22":10,"23":15,"24":15,"25":15,"26":15,"27":15,"28":15,"29":15,"30":0,"31":0,"32":15,"33":0,"34":0,"35":15,"36":0,"37":0,"38":0,"39":0,"40":0,"41":0,"42":0,"43":0,"44":0,"45":0,"46":0,"47":0,"48":15,"49":15,"50":0,"51":0,"52":0},"f":{"0":15,"1":9,"2":9,"3":15,"4":15,"5":15,"6":0,"7":0,"8":0,"9":15,"10":0,"11":0,"12":0},"b":{"0":[9,0],"1":[0,8],"2":[8,0],"3":[5,10],"4":[15,0],"5":[15,0],"6":[0,0],"7":[0,0],"8":[0,0],"9":[9,6],"10":[1,5],"11":[15,0],"12":[15,10],"13":[15,5],"14":[15,0],"15":[15,10,10],"16":[15,15],"17":[15,0],"18":[15,15],"19":[15,0,15],"20":[15,15],"21":[15,15],"22":[15,0],"23":[0,0]},"meta":{"lastBranch":24,"lastFunction":13,"lastStatement":53,"seen":{"f:23:24:23:41":0,"s:24:34:24:Infinity":0,"s:25:28:25:Infinity":1,"s:26:32:26:Infinity":2,"s:27:46:27:Infinity":3,"s:29:2:31:Infinity":4,"f:29:12:29:18":1,"s:30:4:30:Infinity":5,"s:33:26:59:Infinity":6,"f:33:26:33:38":2,"s:34:4:58:Infinity":7,"s:35:6:35:Infinity":8,"s:36:20:36:Infinity":9,"s:37:24:37:Infinity":10,"s:39:21:42:Infinity":11,"b:40:20:40:33:40:33:40:Infinity":0,"s:44:23:48:Infinity":12,"b:50:6:50:Infinity:undefined:undefined:undefined:undefined":1,"s:50:6:50:Infinity":13,"s:50:24:50:Infinity":14,"s:52:19:52:Infinity":15,"s:53:6:53:Infinity":16,"b:53:20:53:39:53:39:53:41":2,"s:55:6:55:Infinity":17,"s:57:6:57:Infinity":18,"s:61:25:67:Infinity":19,"f:61:25:61:26":3,"b:62:4:62:Infinity:undefined:undefined:undefined:undefined":3,"s:62:4:62:Infinity":20,"s:62:17:62:Infinity":21,"s:63:4:66:Infinity":22,"s:69:32:76:Infinity":23,"f:69:32:69:33":4,"s:70:42:74:Infinity":24,"s:75:4:75:Infinity":25,"b:75:11:75:26:75:26:75:Infinity":4,"s:78:32:85:Infinity":26,"f:78:32:78:33":5,"s:79:43:83:Infinity":27,"s:84:4:84:Infinity":28,"b:84:11:84:27:84:27:84:Infinity":5,"s:87:32:90:Infinity":29,"f:87:32:87:38":6,"s:88:4:88:Infinity":30,"s:89:4:89:Infinity":31,"s:92:30:95:Infinity":32,"f:92:30:92:31":7,"s:93:4:93:Infinity":33,"s:94:4:94:Infinity":34,"s:97:32:120:Infinity":35,"f:97:32:97:39":8,"b:98:4:98:Infinity:undefined:undefined:undefined:undefined":6,"s:98:4:98:Infinity":36,"s:98:64:98:Infinity":37,"s:100:4:119:Infinity":38,"s:101:20:101:Infinity":39,"s:102:23:107:Infinity":40,"b:109:6:113:Infinity:undefined:undefined:undefined:undefined":7,"s:109:6:113:Infinity":41,"s:110:22:110:Infinity":42,"s:111:8:111:Infinity":43,"b:111:14:111:29:111:29:111:62":8,"s:112:8:112:Infinity":44,"s:115:6:115:Infinity":45,"s:117:6:117:Infinity":46,"s:118:6:118:Infinity":47,"s:122:2:293:Infinity":48,"b:145:8:148:Infinity:149:10:264:Infinity":9,"b:150:8:161:Infinity:163:8:264:Infinity":10,"f:164:26:164:27":9,"s:165:12:262:Infinity":49,"b:180:19:180:Infinity:181:20:183:Infinity":11,"b:191:19:191:Infinity:192:20:194:Infinity":12,"b:204:69:204:96:204:96:204:98":13,"b:208:69:208:112:208:112:208:114":14,"b:216:17:216:46:216:46:216:Infinity:217:18:222:Infinity":15,"b:231:21:231:42:231:42:231:Infinity":16,"b:232:59:232:85:232:85:232:88":17,"b:233:21:233:46:233:46:233:Infinity":18,"b:237:18:237:37:237:37:237:Infinity:238:18:241:Infinity":19,"b:239:21:239:40:239:40:239:Infinity":20,"b:240:21:240:40:240:40:240:Infinity":21,"f:248:27:248:33":10,"s:248:33:248:Infinity":50,"f:255:27:255:33":11,"s:255:33:255:Infinity":51,"b:268:7:268:Infinity:269:8:291:Infinity":22,"b:273:36:273:56:273:56:273:Infinity":23,"f:281:25:281:31":12,"s:281:31:281:Infinity":52}}}
}
