TN:
SF:app/global-error.tsx
FN:3,GlobalError
FN:73,(anonymous_2)
FNF:2
FNH:0
FNDA:0,GlobalError
FNDA:0,(anonymous_2)
DA:3,0
DA:73,0
LF:2
LH:0
BRF:0
BRH:0
end_of_record
TN:
SF:app/layout.tsx
FN:3,RootLayout
FNF:1
FNH:0
FNDA:0,RootLayout
DA:1,0
DA:3,0
DA:8,0
LF:3
LH:0
BRF:0
BRH:0
end_of_record
TN:
SF:app/[locale]/error.tsx
FN:13,Error
FN:16,(anonymous_3)
FNF:2
FNH:0
FNDA:0,Error
FNDA:0,(anonymous_3)
DA:3,0
DA:4,0
DA:6,0
DA:13,0
DA:14,0
DA:16,0
DA:18,0
LF:7
LH:0
BRDA:36,0,0,0
BRF:1
BRH:0
end_of_record
TN:
SF:app/[locale]/layout.tsx
FN:39,RootLayout
FNF:1
FNH:0
FNDA:0,RootLayout
DA:2,0
DA:3,0
DA:4,0
DA:5,0
DA:6,0
DA:7,0
DA:8,0
DA:9,0
DA:10,0
DA:11,0
DA:12,0
DA:13,0
DA:14,0
DA:15,0
DA:17,0
DA:19,0
DA:39,0
DA:40,0
DA:41,0
DA:42,0
DA:45,0
LF:21
LH:0
BRDA:41,0,0,0
BRF:1
BRH:0
end_of_record
TN:
SF:app/[locale]/not-found.tsx
FN:8,NotFound
FN:31,(anonymous_3)
FNF:2
FNH:0
FNDA:0,NotFound
FNDA:0,(anonymous_3)
DA:3,0
DA:5,0
DA:6,0
DA:8,0
DA:9,0
DA:10,0
DA:31,0
LF:7
LH:0
BRF:0
BRH:0
end_of_record
TN:
SF:app/[locale]/page.tsx
FN:7,HomePage
FN:57,(anonymous_3)
FN:75,(anonymous_4)
FN:88,(anonymous_5)
FNF:4
FNH:0
FNDA:0,HomePage
FNDA:0,(anonymous_3)
FNDA:0,(anonymous_4)
FNDA:0,(anonymous_5)
DA:3,0
DA:4,0
DA:7,0
DA:8,0
DA:10,0
DA:58,0
DA:76,0
DA:89,0
LF:8
LH:0
BRDA:79,0,0,0
BRDA:79,0,1,0
BRDA:98,1,0,0
BRDA:98,1,1,0
BRF:4
BRH:0
end_of_record
TN:
SF:app/[locale]/about/page.tsx
FN:22,AboutPage
FN:114,(anonymous_3)
FN:161,(anonymous_4)
FN:195,(anonymous_5)
FN:230,(anonymous_6)
FN:234,(anonymous_7)
FN:269,(anonymous_8)
FNF:7
FNH:0
FNDA:0,AboutPage
FNDA:0,(anonymous_3)
FNDA:0,(anonymous_4)
FNDA:0,(anonymous_5)
FNDA:0,(anonymous_6)
FNDA:0,(anonymous_7)
FNDA:0,(anonymous_8)
DA:3,0
DA:4,0
DA:22,0
DA:23,0
DA:25,0
DA:32,0
DA:50,0
DA:77,0
DA:85,0
DA:115,0
DA:162,0
DA:196,0
DA:231,0
DA:234,0
DA:270,0
LF:15
LH:0
BRDA:196,0,0,0
BRDA:196,0,1,0
BRDA:197,1,0,0
BRDA:197,1,1,0
BRF:4
BRH:0
end_of_record
TN:
SF:app/[locale]/api-docs/page.tsx
FN:8,ApiDocsPage
FN:12,(anonymous_3)
FN:15,(anonymous_4)
FN:181,(anonymous_5)
FN:204,(anonymous_6)
FN:232,(anonymous_7)
FN:244,(anonymous_8)
FNF:7
FNH:0
FNDA:0,ApiDocsPage
FNDA:0,(anonymous_3)
FNDA:0,(anonymous_4)
FNDA:0,(anonymous_5)
FNDA:0,(anonymous_6)
FNDA:0,(anonymous_7)
FNDA:0,(anonymous_8)
DA:3,0
DA:5,0
DA:6,0
DA:8,0
DA:9,0
DA:10,0
DA:12,0
DA:13,0
DA:14,0
DA:15,0
DA:18,0
DA:57,0
DA:181,0
DA:205,0
DA:232,0
DA:244,0
LF:16
LH:0
BRDA:184,0,0,0
BRDA:208,1,0,0
BRDA:208,1,1,0
BRDA:209,2,0,0
BRDA:209,2,1,0
BRDA:235,3,0,0
BRDA:247,4,0,0
BRF:7
BRH:0
end_of_record
TN:
SF:app/[locale]/ask-grok/page.tsx
FN:26,askGrok
FN:41,AskGrokPage
FN:48,(anonymous_4)
FN:52,(anonymous_5)
FN:56,(anonymous_6)
FN:68,(anonymous_7)
FN:80,(anonymous_8)
FN:88,(anonymous_9)
FN:94,(anonymous_10)
FN:98,(anonymous_11)
FN:162,(anonymous_12)
FN:165,(anonymous_13)
FN:176,(anonymous_14)
FN:237,(anonymous_15)
FNF:14
FNH:0
FNDA:0,askGrok
FNDA:0,AskGrokPage
FNDA:0,(anonymous_4)
FNDA:0,(anonymous_5)
FNDA:0,(anonymous_6)
FNDA:0,(anonymous_7)
FNDA:0,(anonymous_8)
FNDA:0,(anonymous_9)
FNDA:0,(anonymous_10)
FNDA:0,(anonymous_11)
FNDA:0,(anonymous_12)
FNDA:0,(anonymous_13)
FNDA:0,(anonymous_14)
FNDA:0,(anonymous_15)
DA:3,0
DA:4,0
DA:6,0
DA:15,0
DA:27,0
DA:33,0
DA:34,0
DA:37,0
DA:38,0
DA:41,0
DA:42,0
DA:43,0
DA:44,0
DA:45,0
DA:46,0
DA:48,0
DA:49,0
DA:52,0
DA:53,0
DA:56,0
DA:57,0
DA:58,0
DA:60,0
DA:61,0
DA:68,0
DA:69,0
DA:70,0
DA:72,0
DA:73,0
DA:74,0
DA:80,0
DA:82,0
DA:88,0
DA:90,0
DA:94,0
DA:95,0
DA:98,0
DA:99,0
DA:163,0
DA:165,0
DA:177,0
DA:237,0
LF:42
LH:0
BRDA:33,0,0,0
BRDA:58,1,0,0
BRDA:58,2,0,0
BRDA:58,2,1,0
BRDA:146,3,0,0
BRDA:179,4,0,0
BRDA:179,4,1,0
BRDA:183,5,0,0
BRDA:183,5,1,0
BRDA:188,6,0,0
BRDA:195,7,0,0
BRDA:195,7,1,0
BRDA:201,8,0,0
BRDA:222,9,0,0
BRDA:244,10,0,0
BRDA:244,10,1,0
BRDA:248,11,0,0
BRF:17
BRH:0
end_of_record
TN:
SF:app/[locale]/blog/page.tsx
FN:19,getBlogData
FN:26,(anonymous_3)
FN:38,formatDate
FN:54,BlogPage
FN:59,(anonymous_6)
FN:98,(anonymous_7)
FN:117,(anonymous_8)
FN:156,(anonymous_9)
FNF:8
FNH:0
FNDA:0,getBlogData
FNDA:0,(anonymous_3)
FNDA:0,formatDate
FNDA:0,BlogPage
FNDA:0,(anonymous_6)
FNDA:0,(anonymous_7)
FNDA:0,(anonymous_8)
FNDA:0,(anonymous_9)
DA:1,0
DA:3,0
DA:4,0
DA:5,0
DA:20,0
DA:21,0
DA:22,0
DA:23,0
DA:26,0
DA:27,0
DA:28,0
DA:31,0
DA:33,0
DA:34,0
DA:39,0
DA:46,0
DA:54,0
DA:55,0
DA:56,0
DA:59,0
DA:60,0
DA:99,0
DA:118,0
DA:157,0
LF:24
LH:0
BRDA:27,0,0,0
BRDA:27,0,1,0
BRDA:114,1,0,0
BRDA:121,2,0,0
BRDA:129,3,0,0
BRDA:129,3,1,0
BRF:6
BRH:0
end_of_record
TN:
SF:app/[locale]/blog/[slug]/page.tsx
FN:26,getArticle
FN:32,(anonymous_5)
FN:40,getRelatedArticles
FN:47,(anonymous_7)
FN:54,formatDate
FN:70,BlogArticlePage
FN:171,(anonymous_10)
FN:217,(anonymous_11)
FN:273,generateStaticParams
FN:279,(anonymous_13)
FNF:10
FNH:0
FNDA:0,getArticle
FNDA:0,(anonymous_5)
FNDA:0,getRelatedArticles
FNDA:0,(anonymous_7)
FNDA:0,formatDate
FNDA:0,BlogArticlePage
FNDA:0,(anonymous_10)
FNDA:0,(anonymous_11)
FNDA:0,generateStaticParams
FNDA:0,(anonymous_13)
DA:2,0
DA:3,0
DA:5,0
DA:6,0
DA:27,0
DA:28,0
DA:29,0
DA:30,0
DA:32,0
DA:33,0
DA:35,0
DA:36,0
DA:41,0
DA:42,0
DA:43,0
DA:44,0
DA:46,0
DA:47,0
DA:50,0
DA:55,0
DA:62,0
DA:70,0
DA:71,0
DA:72,0
DA:74,0
DA:75,0
DA:78,0
DA:172,0
DA:218,0
DA:273,0
DA:274,0
DA:275,0
DA:276,0
DA:277,0
DA:279,0
DA:283,0
LF:36
LH:0
BRDA:33,0,0,0
BRDA:33,0,1,0
BRDA:47,1,0,0
BRDA:47,1,1,0
BRDA:74,2,0,0
BRDA:99,3,0,0
BRDA:99,3,1,0
BRDA:133,4,0,0
BRDA:150,5,0,0
BRDA:167,6,0,0
BRDA:167,6,1,0
BRDA:212,7,0,0
BRF:12
BRH:0
end_of_record
TN:
SF:app/[locale]/careers/page.tsx
FN:168,CareersPage
FN:173,(anonymous_3)
FN:176,(anonymous_4)
FN:178,(anonymous_5)
FN:248,(anonymous_6)
FN:277,(anonymous_7)
FN:307,(anonymous_8)
FN:310,(anonymous_9)
FN:324,(anonymous_10)
FN:330,(anonymous_11)
FN:366,(anonymous_12)
FN:377,(anonymous_13)
FNF:12
FNH:0
FNDA:0,CareersPage
FNDA:0,(anonymous_3)
FNDA:0,(anonymous_4)
FNDA:0,(anonymous_5)
FNDA:0,(anonymous_6)
FNDA:0,(anonymous_7)
FNDA:0,(anonymous_8)
FNDA:0,(anonymous_9)
FNDA:0,(anonymous_10)
FNDA:0,(anonymous_11)
FNDA:0,(anonymous_12)
FNDA:0,(anonymous_13)
DA:3,0
DA:4,0
DA:5,0
DA:39,0
DA:152,0
DA:161,0
DA:168,0
DA:169,0
DA:170,0
DA:171,0
DA:173,0
DA:174,0
DA:176,0
DA:178,0
DA:179,0
DA:249,0
DA:278,0
DA:308,0
DA:310,0
DA:325,0
DA:330,0
DA:367,0
DA:378,0
LF:23
LH:0
BRDA:174,0,0,0
BRDA:174,0,1,0
BRDA:179,1,0,0
BRDA:179,1,1,0
BRDA:312,2,0,0
BRDA:312,2,1,0
BRDA:317,3,0,0
BRDA:317,3,1,0
BRDA:351,4,0,0
BRDA:357,5,0,0
BRDA:405,6,0,0
BRF:11
BRH:0
end_of_record
TN:
SF:app/[locale]/client-portal/layout.tsx
FN:7,ClientPortalLayout
FNF:1
FNH:0
FNDA:0,ClientPortalLayout
DA:7,0
LF:1
LH:0
BRF:0
BRH:0
end_of_record
TN:
SF:app/[locale]/client-portal/[clientId]/page.tsx
FN:74,ClientPortalDashboard
FN:81,(anonymous_2)
FN:82,(anonymous_3)
FN:200,(anonymous_4)
FN:237,(anonymous_5)
FN:257,(anonymous_6)
FNF:6
FNH:0
FNDA:0,ClientPortalDashboard
FNDA:0,(anonymous_2)
FNDA:0,(anonymous_3)
FNDA:0,(anonymous_4)
FNDA:0,(anonymous_5)
FNDA:0,(anonymous_6)
DA:3,0
DA:4,0
DA:74,0
DA:75,0
DA:76,0
DA:77,0
DA:78,0
DA:79,0
DA:81,0
DA:82,0
DA:83,0
DA:84,0
DA:85,0
DA:86,0
DA:88,0
DA:89,0
DA:91,0
DA:93,0
DA:97,0
DA:98,0
DA:102,0
DA:110,0
DA:118,0
DA:201,0
DA:238,0
DA:258,0
LF:26
LH:0
BRDA:85,0,0,0
BRDA:91,1,0,0
BRDA:91,1,1,0
BRDA:97,2,0,0
BRDA:102,3,0,0
BRDA:110,4,0,0
BRDA:118,5,0,0
BRDA:118,6,0,0
BRDA:118,6,1,0
BRDA:148,7,0,0
BRDA:148,7,1,0
BRDA:181,8,0,0
BRDA:210,9,0,0
BRDA:210,9,1,0
BRDA:212,10,0,0
BRDA:212,10,1,0
BRDA:236,11,0,0
BRDA:256,12,0,0
BRDA:268,13,0,0
BRDA:268,13,1,0
BRDA:270,14,0,0
BRDA:270,14,1,0
BRF:22
BRH:0
end_of_record
TN:
SF:app/[locale]/contact/page.tsx
FN:7,ContactPage
FN:21,(anonymous_3)
FN:25,(anonymous_4)
FN:122,(anonymous_5)
FNF:4
FNH:0
FNDA:0,ContactPage
FNDA:0,(anonymous_3)
FNDA:0,(anonymous_4)
FNDA:0,(anonymous_5)
DA:3,0
DA:4,0
DA:7,0
DA:8,0
DA:9,0
DA:17,0
DA:18,0
DA:19,0
DA:21,0
DA:22,0
DA:25,0
DA:26,0
DA:27,0
DA:28,0
DA:30,0
DA:31,0
DA:39,0
DA:41,0
DA:42,0
DA:43,0
DA:44,0
DA:46,0
DA:47,0
DA:50,0
DA:51,0
DA:122,0
LF:26
LH:0
BRDA:41,0,0,0
BRDA:41,0,1,0
BRDA:41,1,0,0
BRDA:41,1,1,0
BRDA:47,2,0,0
BRDA:47,2,1,0
BRDA:47,2,2,0
BRDA:96,3,0,0
BRDA:96,3,1,0
BRDA:108,4,0,0
BRDA:113,5,0,0
BRDA:113,5,1,0
BRDA:116,6,0,0
BRDA:116,6,1,0
BRDA:125,7,0,0
BRDA:125,7,1,0
BRDA:130,8,0,0
BRDA:194,9,0,0
BRDA:194,9,1,0
BRDA:199,10,0,0
BRDA:199,10,1,0
BRDA:215,11,0,0
BRDA:215,11,1,0
BRDA:250,12,0,0
BRDA:250,12,1,0
BRDA:253,13,0,0
BRDA:253,13,1,0
BRDA:261,14,0,0
BRDA:261,14,1,0
BRF:29
BRH:0
end_of_record
TN:
SF:app/[locale]/courses/page.tsx
FN:46,getCoursesData
FN:53,(anonymous_3)
FN:65,formatDuration
FN:70,CoursesPage
FN:74,(anonymous_6)
FN:75,(anonymous_7)
FN:77,(anonymous_8)
FN:78,(anonymous_9)
FN:119,(anonymous_10)
FN:138,(anonymous_11)
FN:139,(anonymous_12)
FNF:11
FNH:0
FNDA:0,getCoursesData
FNDA:0,(anonymous_3)
FNDA:0,formatDuration
FNDA:0,CoursesPage
FNDA:0,(anonymous_6)
FNDA:0,(anonymous_7)
FNDA:0,(anonymous_8)
FNDA:0,(anonymous_9)
FNDA:0,(anonymous_10)
FNDA:0,(anonymous_11)
FNDA:0,(anonymous_12)
DA:1,0
DA:3,0
DA:4,0
DA:5,0
DA:33,0
DA:39,0
DA:47,0
DA:48,0
DA:49,0
DA:50,0
DA:53,0
DA:54,0
DA:55,0
DA:58,0
DA:60,0
DA:61,0
DA:66,0
DA:67,0
DA:70,0
DA:71,0
DA:72,0
DA:74,0
DA:75,0
DA:77,0
DA:78,0
DA:120,0
DA:139,0
DA:140,0
DA:141,0
DA:143,0
LF:30
LH:0
BRDA:54,0,0,0
BRDA:54,0,1,0
BRDA:66,1,0,0
BRDA:78,2,0,0
BRDA:78,2,1,0
BRDA:135,3,0,0
BRDA:140,4,0,0
BRDA:140,4,1,0
BRDA:141,5,0,0
BRDA:141,5,1,0
BRDA:147,6,0,0
BRDA:158,7,0,0
BRDA:158,7,1,0
BRDA:188,8,0,0
BRDA:191,9,0,0
BRDA:191,9,1,0
BRF:16
BRH:0
end_of_record
TN:
SF:app/[locale]/courses/[slug]/page.tsx
FN:46,getCourse
FN:52,(anonymous_5)
FN:60,formatDuration
FN:68,CourseDetailPage
FN:82,(anonymous_8)
FN:226,(anonymous_9)
FN:245,(anonymous_10)
FN:266,(anonymous_11)
FN:358,generateMetadata
FNF:9
FNH:0
FNDA:0,getCourse
FNDA:0,(anonymous_5)
FNDA:0,formatDuration
FNDA:0,CourseDetailPage
FNDA:0,(anonymous_8)
FNDA:0,(anonymous_9)
FNDA:0,(anonymous_10)
FNDA:0,(anonymous_11)
FNDA:0,generateMetadata
DA:1,0
DA:2,0
DA:3,0
DA:8,0
DA:9,0
DA:40,0
DA:47,0
DA:48,0
DA:49,0
DA:50,0
DA:52,0
DA:53,0
DA:55,0
DA:56,0
DA:61,0
DA:62,0
DA:63,0
DA:64,0
DA:65,0
DA:68,0
DA:73,0
DA:74,0
DA:75,0
DA:77,0
DA:78,0
DA:81,0
DA:82,0
DA:85,0
DA:86,0
DA:227,0
DA:246,0
DA:267,0
DA:358,0
DA:363,0
DA:364,0
DA:366,0
DA:367,0
DA:372,0
LF:38
LH:0
BRDA:53,0,0,0
BRDA:53,0,1,0
BRDA:63,1,0,0
BRDA:64,2,0,0
BRDA:77,3,0,0
BRDA:82,4,0,0
BRDA:82,4,1,0
BRDA:85,5,0,0
BRDA:85,5,1,0
BRDA:86,6,0,0
BRDA:86,6,1,0
BRDA:98,7,0,0
BRDA:98,7,1,0
BRDA:115,8,0,0
BRDA:117,9,0,0
BRDA:117,9,1,0
BRDA:135,10,0,0
BRDA:135,10,1,0
BRDA:139,11,0,0
BRDA:139,11,1,0
BRDA:143,12,0,0
BRDA:143,12,1,0
BRDA:145,13,0,0
BRDA:145,13,1,0
BRDA:148,14,0,0
BRDA:148,14,1,0
BRDA:159,15,0,0
BRDA:159,15,1,0
BRDA:160,16,0,0
BRDA:160,16,1,0
BRDA:162,17,0,0
BRDA:162,17,1,0
BRDA:165,18,0,0
BRDA:167,19,0,0
BRDA:167,19,1,0
BRDA:176,20,0,0
BRDA:176,20,1,0
BRDA:177,21,0,0
BRDA:177,21,1,0
BRDA:178,22,0,0
BRDA:178,22,1,0
BRDA:185,23,0,0
BRDA:185,23,1,0
BRDA:189,24,0,0
BRDA:189,24,1,0
BRDA:193,25,0,0
BRDA:193,25,1,0
BRDA:197,26,0,0
BRDA:197,26,1,0
BRDA:214,27,0,0
BRDA:214,27,1,0
BRDA:220,28,0,0
BRDA:220,28,1,0
BRDA:223,29,0,0
BRDA:223,29,1,0
BRDA:242,30,0,0
BRDA:242,30,1,0
BRDA:258,31,0,0
BRDA:258,31,1,0
BRDA:258,32,0,0
BRDA:258,32,1,0
BRDA:258,33,0,0
BRDA:258,33,1,0
BRDA:264,34,0,0
BRDA:264,34,1,0
BRDA:275,35,0,0
BRDA:277,36,0,0
BRDA:277,36,1,0
BRDA:293,37,0,0
BRDA:293,37,1,0
BRDA:298,38,0,0
BRDA:298,38,1,0
BRDA:302,39,0,0
BRDA:302,39,1,0
BRDA:306,40,0,0
BRDA:306,40,1,0
BRDA:310,41,0,0
BRDA:310,41,1,0
BRDA:315,42,0,0
BRDA:315,42,1,0
BRDA:338,43,0,0
BRDA:338,43,1,0
BRDA:341,44,0,0
BRDA:341,44,1,0
BRDA:347,45,0,0
BRDA:347,45,1,0
BRDA:348,46,0,0
BRDA:348,46,1,0
BRDA:349,47,0,0
BRDA:349,47,1,0
BRDA:366,48,0,0
BRF:91
BRH:0
end_of_record
TN:
SF:app/[locale]/dashboard/DashboardClient.tsx
FN:69,CashFlowChart
FN:87,(anonymous_3)
FN:100,(anonymous_4)
FN:116,(anonymous_5)
FN:120,(anonymous_6)
FN:122,(anonymous_7)
FN:149,VatPieChart
FN:167,(anonymous_9)
FN:184,(anonymous_10)
FN:187,(anonymous_11)
FN:192,(anonymous_12)
FN:193,(anonymous_13)
FN:199,(anonymous_14)
FN:203,(anonymous_15)
FN:206,(anonymous_16)
FN:225,DocumentUpload
FN:238,(anonymous_18)
FN:238,(anonymous_19)
FN:266,(anonymous_20)
FN:284,DashboardClient
FN:291,(anonymous_22)
FN:304,(anonymous_23)
FN:305,(anonymous_24)
FN:305,(anonymous_25)
FN:308,(anonymous_26)
FN:338,(anonymous_27)
FN:346,(anonymous_28)
FN:381,(anonymous_29)
FN:389,(anonymous_30)
FN:397,(anonymous_31)
FN:401,(anonymous_32)
FN:405,(anonymous_33)
FN:409,(anonymous_34)
FN:414,(anonymous_35)
FN:418,(anonymous_36)
FN:422,(anonymous_37)
FN:426,(anonymous_38)
FN:430,(anonymous_39)
FN:435,(anonymous_40)
FN:458,(anonymous_41)
FN:479,(anonymous_42)
FN:501,(anonymous_43)
FN:505,(anonymous_44)
FN:509,(anonymous_45)
FN:514,(anonymous_46)
FN:520,(anonymous_47)
FN:537,(anonymous_48)
FN:541,(anonymous_49)
FN:545,(anonymous_50)
FN:556,(anonymous_51)
FN:579,(anonymous_52)
FN:584,(anonymous_53)
FN:602,(anonymous_54)
FN:632,(anonymous_55)
FN:638,(anonymous_56)
FNF:55
FNH:0
FNDA:0,CashFlowChart
FNDA:0,(anonymous_3)
FNDA:0,(anonymous_4)
FNDA:0,(anonymous_5)
FNDA:0,(anonymous_6)
FNDA:0,(anonymous_7)
FNDA:0,VatPieChart
FNDA:0,(anonymous_9)
FNDA:0,(anonymous_10)
FNDA:0,(anonymous_11)
FNDA:0,(anonymous_12)
FNDA:0,(anonymous_13)
FNDA:0,(anonymous_14)
FNDA:0,(anonymous_15)
FNDA:0,(anonymous_16)
FNDA:0,DocumentUpload
FNDA:0,(anonymous_18)
FNDA:0,(anonymous_19)
FNDA:0,(anonymous_20)
FNDA:0,DashboardClient
FNDA:0,(anonymous_22)
FNDA:0,(anonymous_23)
FNDA:0,(anonymous_24)
FNDA:0,(anonymous_25)
FNDA:0,(anonymous_26)
FNDA:0,(anonymous_27)
FNDA:0,(anonymous_28)
FNDA:0,(anonymous_29)
FNDA:0,(anonymous_30)
FNDA:0,(anonymous_31)
FNDA:0,(anonymous_32)
FNDA:0,(anonymous_33)
FNDA:0,(anonymous_34)
FNDA:0,(anonymous_35)
FNDA:0,(anonymous_36)
FNDA:0,(anonymous_37)
FNDA:0,(anonymous_38)
FNDA:0,(anonymous_39)
FNDA:0,(anonymous_40)
FNDA:0,(anonymous_41)
FNDA:0,(anonymous_42)
FNDA:0,(anonymous_43)
FNDA:0,(anonymous_44)
FNDA:0,(anonymous_45)
FNDA:0,(anonymous_46)
FNDA:0,(anonymous_47)
FNDA:0,(anonymous_48)
FNDA:0,(anonymous_49)
FNDA:0,(anonymous_50)
FNDA:0,(anonymous_51)
FNDA:0,(anonymous_52)
FNDA:0,(anonymous_53)
FNDA:0,(anonymous_54)
FNDA:0,(anonymous_55)
FNDA:0,(anonymous_56)
DA:3,0
DA:4,0
DA:5,0
DA:6,0
DA:7,0
DA:8,0
DA:9,0
DA:10,0
DA:14,0
DA:16,0
DA:53,0
DA:62,0
DA:69,0
DA:87,0
DA:101,0
DA:102,0
DA:116,0
DA:120,0
DA:122,0
DA:149,0
DA:167,0
DA:184,0
DA:188,0
DA:192,0
DA:193,0
DA:200,0
DA:203,0
DA:206,0
DA:225,0
DA:236,0
DA:238,0
DA:267,0
DA:284,0
DA:285,0
DA:286,0
DA:287,0
DA:288,0
DA:289,0
DA:290,0
DA:291,0
DA:292,0
DA:293,0
DA:297,0
DA:298,0
DA:301,0
DA:304,0
DA:305,0
DA:308,0
DA:309,0
DA:310,0
DA:311,0
DA:312,0
DA:313,0
DA:315,0
DA:323,0
DA:324,0
DA:326,0
DA:329,0
DA:332,0
DA:334,0
DA:338,0
DA:339,0
DA:340,0
DA:343,0
DA:346,0
DA:347,0
DA:348,0
DA:350,0
DA:351,0
DA:352,0
DA:353,0
DA:354,0
DA:356,0
DA:362,0
DA:363,0
DA:366,0
DA:370,0
DA:371,0
DA:374,0
DA:375,0
DA:376,0
DA:381,0
DA:382,0
DA:383,0
DA:385,0
DA:389,0
DA:390,0
DA:391,0
DA:393,0
DA:397,0
DA:398,0
DA:401,0
DA:402,0
DA:405,0
DA:406,0
DA:409,0
DA:410,0
DA:414,0
DA:415,0
DA:418,0
DA:419,0
DA:422,0
DA:423,0
DA:426,0
DA:427,0
DA:430,0
DA:431,0
DA:435,0
DA:436,0
DA:437,0
DA:438,0
DA:442,0
DA:443,0
DA:444,0
DA:445,0
DA:446,0
DA:447,0
DA:448,0
DA:449,0
DA:451,0
DA:454,0
DA:458,0
DA:459,0
DA:460,0
DA:461,0
DA:465,0
DA:466,0
DA:467,0
DA:468,0
DA:469,0
DA:470,0
DA:471,0
DA:472,0
DA:475,0
DA:479,0
DA:480,0
DA:481,0
DA:482,0
DA:486,0
DA:487,0
DA:488,0
DA:489,0
DA:490,0
DA:491,0
DA:492,0
DA:493,0
DA:496,0
DA:501,0
DA:502,0
DA:505,0
DA:506,0
DA:509,0
DA:510,0
DA:514,0
DA:515,0
DA:516,0
DA:520,0
DA:521,0
DA:523,0
DA:524,0
DA:526,0
DA:527,0
DA:529,0
DA:530,0
DA:532,0
DA:537,0
DA:538,0
DA:541,0
DA:542,0
DA:545,0
DA:547,0
DA:548,0
DA:549,0
DA:550,0
DA:552,0
DA:556,0
DA:557,0
DA:558,0
DA:559,0
DA:568,0
DA:569,0
DA:571,0
DA:574,0
DA:575,0
DA:579,0
DA:580,0
DA:584,0
DA:585,0
DA:596,0
DA:597,0
DA:602,0
DA:603,0
DA:604,0
DA:608,0
DA:609,0
DA:612,0
DA:613,0
DA:632,0
DA:638,0
LF:199
LH:0
BRDA:87,0,0,0
BRDA:87,0,1,0
BRDA:101,1,0,0
BRDA:101,2,0,0
BRDA:101,2,1,0
BRDA:167,3,0,0
BRDA:167,3,1,0
BRDA:206,4,0,0
BRDA:206,4,1,0
BRDA:250,5,0,0
BRDA:250,5,1,0
BRDA:264,6,0,0
BRDA:323,7,0,0
BRDA:323,7,1,0
BRDA:339,8,0,0
BRDA:362,9,0,0
BRDA:374,10,0,0
BRDA:382,11,0,0
BRDA:382,11,1,0
BRDA:390,12,0,0
BRDA:390,12,1,0
BRDA:442,13,0,0
BRDA:442,13,1,0
BRDA:465,14,0,0
BRDA:486,15,0,0
BRDA:521,16,0,0
BRDA:521,16,1,0
BRDA:521,16,2,0
BRDA:521,16,3,0
BRDA:547,17,0,0
BRDA:547,17,1,0
BRDA:568,18,0,0
BRDA:596,19,0,0
BRDA:603,20,0,0
BRDA:608,21,0,0
BRDA:608,21,1,0
BRDA:609,22,0,0
BRDA:609,22,1,0
BRDA:612,23,0,0
BRDA:619,24,0,0
BRDA:619,24,1,0
BRF:41
BRH:0
end_of_record
TN:
SF:app/[locale]/dashboard/layout.tsx
FN:17,DashboardLayout
FN:22,(anonymous_2)
FN:56,(anonymous_3)
FN:62,(anonymous_4)
FNF:4
FNH:0
FNDA:0,DashboardLayout
FNDA:0,(anonymous_2)
FNDA:0,(anonymous_3)
FNDA:0,(anonymous_4)
DA:3,0
DA:4,0
DA:5,0
DA:6,0
DA:7,0
DA:8,0
DA:9,0
DA:10,0
DA:11,0
DA:17,0
DA:18,0
DA:19,0
DA:20,0
DA:22,0
DA:23,0
DA:24,0
DA:25,0
DA:34,0
DA:56,0
DA:62,0
LF:20
LH:0
BRDA:23,0,0,0
BRDA:23,1,0,0
BRDA:23,1,1,0
BRF:3
BRH:0
end_of_record
TN:
SF:app/[locale]/dashboard/page.tsx
FN:18,(anonymous_8)
FN:18,(anonymous_9)
FN:18,(anonymous_10)
FN:25,(anonymous_13)
FN:25,(anonymous_14)
FN:25,(anonymous_15)
FN:32,(anonymous_18)
FN:32,(anonymous_19)
FN:32,(anonymous_20)
FN:39,(anonymous_23)
FN:39,(anonymous_24)
FN:39,(anonymous_25)
FN:46,(anonymous_28)
FN:46,(anonymous_29)
FN:46,(anonymous_30)
FN:53,(anonymous_33)
FN:53,(anonymous_34)
FN:53,(anonymous_35)
FN:60,(anonymous_38)
FN:60,(anonymous_39)
FN:60,(anonymous_40)
FN:67,(anonymous_43)
FN:67,(anonymous_44)
FN:67,(anonymous_45)
FN:74,(anonymous_48)
FN:74,(anonymous_49)
FN:84,generateMetadata
FN:94,DashboardPage
FNF:28
FNH:0
FNDA:0,(anonymous_8)
FNDA:0,(anonymous_9)
FNDA:0,(anonymous_10)
FNDA:0,(anonymous_13)
FNDA:0,(anonymous_14)
FNDA:0,(anonymous_15)
FNDA:0,(anonymous_18)
FNDA:0,(anonymous_19)
FNDA:0,(anonymous_20)
FNDA:0,(anonymous_23)
FNDA:0,(anonymous_24)
FNDA:0,(anonymous_25)
FNDA:0,(anonymous_28)
FNDA:0,(anonymous_29)
FNDA:0,(anonymous_30)
FNDA:0,(anonymous_33)
FNDA:0,(anonymous_34)
FNDA:0,(anonymous_35)
FNDA:0,(anonymous_38)
FNDA:0,(anonymous_39)
FNDA:0,(anonymous_40)
FNDA:0,(anonymous_43)
FNDA:0,(anonymous_44)
FNDA:0,(anonymous_45)
FNDA:0,(anonymous_48)
FNDA:0,(anonymous_49)
FNDA:0,generateMetadata
FNDA:0,DashboardPage
DA:1,0
DA:2,0
DA:3,0
DA:4,0
DA:7,0
DA:8,0
DA:9,0
DA:10,0
DA:13,0
DA:18,0
DA:25,0
DA:32,0
DA:39,0
DA:46,0
DA:53,0
DA:60,0
DA:67,0
DA:74,0
DA:81,0
DA:84,0
DA:85,0
DA:86,0
DA:88,0
DA:94,0
DA:95,0
LF:25
LH:0
BRDA:89,0,0,0
BRDA:89,0,1,0
BRDA:90,1,0,0
BRDA:90,1,1,0
BRF:4
BRH:0
end_of_record
TN:
SF:app/[locale]/dashboard/accounting/page.tsx
FN:66,AccountingPage
FN:69,(anonymous_3)
FN:78,(anonymous_4)
FN:90,(anonymous_5)
FN:113,(anonymous_6)
FN:124,(anonymous_7)
FN:152,(anonymous_8)
FN:157,(anonymous_9)
FN:190,(anonymous_10)
FN:216,(anonymous_11)
FNF:10
FNH:0
FNDA:0,AccountingPage
FNDA:0,(anonymous_3)
FNDA:0,(anonymous_4)
FNDA:0,(anonymous_5)
FNDA:0,(anonymous_6)
FNDA:0,(anonymous_7)
FNDA:0,(anonymous_8)
FNDA:0,(anonymous_9)
FNDA:0,(anonymous_10)
FNDA:0,(anonymous_11)
DA:4,0
DA:33,0
DA:42,0
DA:50,0
DA:59,0
DA:66,0
DA:67,0
DA:69,0
DA:70,0
DA:78,0
DA:79,0
DA:87,0
DA:90,0
DA:91,0
DA:96,0
DA:113,0
DA:125,0
DA:153,0
DA:154,0
DA:157,0
DA:191,0
DA:217,0
LF:22
LH:0
BRDA:87,0,0,0
BRDA:87,0,1,0
BRDA:96,1,0,0
BRDA:96,1,1,0
BRDA:128,2,0,0
BRDA:128,2,1,0
BRDA:129,3,0,0
BRDA:129,3,1,0
BRDA:130,4,0,0
BRDA:130,4,1,0
BRDA:131,5,0,0
BRDA:131,5,1,0
BRDA:132,6,0,0
BRDA:132,6,1,0
BRDA:133,7,0,0
BRDA:133,7,1,0
BRDA:136,8,0,0
BRDA:143,9,0,0
BRDA:143,9,1,0
BRDA:144,10,0,0
BRDA:144,10,1,0
BRDA:198,11,0,0
BRDA:198,11,1,0
BRDA:201,12,0,0
BRDA:201,12,1,0
BRDA:220,13,0,0
BRDA:230,14,0,0
BRDA:230,14,1,0
BRF:28
BRH:0
end_of_record
TN:
SF:app/[locale]/dashboard/accounting/general-ledger/page.tsx
FN:46,GeneralLedgerPage
FN:63,(anonymous_3)
FN:67,(anonymous_4)
FN:100,(anonymous_5)
FN:104,(anonymous_6)
FN:114,(anonymous_7)
FN:132,(anonymous_8)
FN:175,(anonymous_9)
FN:207,(anonymous_10)
FN:211,(anonymous_11)
FN:223,(anonymous_12)
FN:232,(anonymous_13)
FN:302,(anonymous_14)
FN:304,(anonymous_15)
FN:310,(anonymous_16)
FN:364,(anonymous_17)
FNF:16
FNH:0
FNDA:0,GeneralLedgerPage
FNDA:0,(anonymous_3)
FNDA:0,(anonymous_4)
FNDA:0,(anonymous_5)
FNDA:0,(anonymous_6)
FNDA:0,(anonymous_7)
FNDA:0,(anonymous_8)
FNDA:0,(anonymous_9)
FNDA:0,(anonymous_10)
FNDA:0,(anonymous_11)
FNDA:0,(anonymous_12)
FNDA:0,(anonymous_13)
FNDA:0,(anonymous_14)
FNDA:0,(anonymous_15)
FNDA:0,(anonymous_16)
FNDA:0,(anonymous_17)
DA:3,0
DA:4,0
DA:46,0
DA:47,0
DA:49,0
DA:50,0
DA:51,0
DA:52,0
DA:53,0
DA:55,0
DA:61,0
DA:63,0
DA:64,0
DA:67,0
DA:68,0
DA:69,0
DA:70,0
DA:71,0
DA:73,0
DA:74,0
DA:75,0
DA:76,0
DA:78,0
DA:83,0
DA:84,0
DA:85,0
DA:86,0
DA:89,0
DA:90,0
DA:91,0
DA:94,0
DA:96,0
DA:100,0
DA:101,0
DA:104,0
DA:105,0
DA:106,0
DA:107,0
DA:109,0
DA:111,0
DA:114,0
DA:115,0
DA:122,0
DA:129,0
DA:132,0
DA:133,0
DA:134,0
DA:135,0
DA:136,0
DA:137,0
DA:139,0
DA:143,0
DA:144,0
DA:145,0
DA:146,0
DA:147,0
DA:148,0
DA:149,0
DA:150,0
DA:153,0
DA:157,0
DA:175,0
DA:207,0
DA:212,0
DA:223,0
DA:232,0
DA:303,0
DA:304,0
DA:305,0
DA:307,0
DA:310,0
DA:365,0
LF:72
LH:0
BRDA:74,0,0,0
BRDA:75,1,0,0
BRDA:76,2,0,0
BRDA:83,3,0,0
BRDA:85,4,0,0
BRDA:85,4,1,0
BRDA:86,5,0,0
BRDA:86,5,1,0
BRDA:89,6,0,0
BRDA:91,7,0,0
BRDA:91,7,1,0
BRDA:106,8,0,0
BRDA:106,8,1,0
BRDA:129,9,0,0
BRDA:129,9,1,0
BRDA:129,10,0,0
BRDA:129,10,1,0
BRDA:136,11,0,0
BRDA:137,12,0,0
BRDA:143,13,0,0
BRDA:157,14,0,0
BRDA:176,15,0,0
BRDA:176,15,1,0
BRDA:199,16,0,0
BRDA:280,17,0,0
BRDA:280,17,1,0
BRDA:280,18,0,0
BRDA:280,18,1,0
BRDA:297,19,0,0
BRDA:305,20,0,0
BRDA:305,20,1,0
BRDA:315,21,0,0
BRDA:327,22,0,0
BRDA:351,23,0,0
BRDA:369,24,0,0
BRDA:369,24,1,0
BRDA:372,25,0,0
BRDA:372,25,1,0
BRDA:375,26,0,0
BRDA:375,26,1,0
BRF:40
BRH:0
end_of_record
TN:
SF:app/[locale]/dashboard/accounting/periods/page.tsx
FN:63,PeriodClosingPage
FN:77,(anonymous_3)
FN:79,(anonymous_4)
FN:113,(anonymous_5)
FN:134,(anonymous_6)
FN:138,(anonymous_7)
FN:144,(anonymous_8)
FN:148,(anonymous_9)
FN:180,(anonymous_10)
FN:184,(anonymous_11)
FN:214,(anonymous_12)
FN:218,(anonymous_13)
FN:249,(anonymous_14)
FN:258,(anonymous_15)
FN:267,(anonymous_16)
FN:276,(anonymous_17)
FN:279,(anonymous_18)
FN:305,(anonymous_19)
FN:321,(anonymous_20)
FN:324,(anonymous_21)
FN:332,(anonymous_22)
FN:491,(anonymous_23)
FN:529,(anonymous_24)
FN:540,(anonymous_25)
FNF:24
FNH:0
FNDA:0,PeriodClosingPage
FNDA:0,(anonymous_3)
FNDA:0,(anonymous_4)
FNDA:0,(anonymous_5)
FNDA:0,(anonymous_6)
FNDA:0,(anonymous_7)
FNDA:0,(anonymous_8)
FNDA:0,(anonymous_9)
FNDA:0,(anonymous_10)
FNDA:0,(anonymous_11)
FNDA:0,(anonymous_12)
FNDA:0,(anonymous_13)
FNDA:0,(anonymous_14)
FNDA:0,(anonymous_15)
FNDA:0,(anonymous_16)
FNDA:0,(anonymous_17)
FNDA:0,(anonymous_18)
FNDA:0,(anonymous_19)
FNDA:0,(anonymous_20)
FNDA:0,(anonymous_21)
FNDA:0,(anonymous_22)
FNDA:0,(anonymous_23)
FNDA:0,(anonymous_24)
FNDA:0,(anonymous_25)
DA:3,0
DA:4,0
DA:5,0
DA:61,0
DA:63,0
DA:64,0
DA:65,0
DA:66,0
DA:67,0
DA:68,0
DA:73,0
DA:74,0
DA:75,0
DA:77,0
DA:79,0
DA:80,0
DA:81,0
DA:82,0
DA:83,0
DA:85,0
DA:92,0
DA:93,0
DA:94,0
DA:97,0
DA:98,0
DA:99,0
DA:102,0
DA:106,0
DA:107,0
DA:109,0
DA:113,0
DA:114,0
DA:115,0
DA:116,0
DA:118,0
DA:125,0
DA:126,0
DA:127,0
DA:130,0
DA:134,0
DA:135,0
DA:138,0
DA:139,0
DA:140,0
DA:144,0
DA:145,0
DA:148,0
DA:149,0
DA:150,0
DA:151,0
DA:152,0
DA:154,0
DA:163,0
DA:165,0
DA:166,0
DA:167,0
DA:168,0
DA:170,0
DA:173,0
DA:174,0
DA:176,0
DA:180,0
DA:181,0
DA:184,0
DA:185,0
DA:186,0
DA:187,0
DA:188,0
DA:190,0
DA:198,0
DA:199,0
DA:200,0
DA:201,0
DA:203,0
DA:204,0
DA:207,0
DA:208,0
DA:210,0
DA:214,0
DA:215,0
DA:218,0
DA:219,0
DA:220,0
DA:221,0
DA:222,0
DA:224,0
DA:233,0
DA:234,0
DA:235,0
DA:236,0
DA:238,0
DA:239,0
DA:242,0
DA:243,0
DA:245,0
DA:249,0
DA:250,0
DA:258,0
DA:259,0
DA:260,0
DA:261,0
DA:262,0
DA:263,0
DA:267,0
DA:268,0
DA:276,0
DA:277,0
DA:279,0
DA:280,0
DA:281,0
DA:282,0
DA:285,0
DA:305,0
DA:322,0
DA:323,0
DA:324,0
DA:325,0
DA:326,0
DA:327,0
DA:329,0
DA:332,0
DA:492,0
DA:530,0
DA:541,0
LF:124
LH:0
BRDA:61,0,0,0
BRDA:61,0,1,0
BRDA:77,1,0,0
BRDA:77,1,1,0
BRDA:92,2,0,0
BRDA:97,3,0,0
BRDA:97,4,0,0
BRDA:97,4,1,0
BRDA:99,5,0,0
BRDA:99,5,1,0
BRDA:125,6,0,0
BRDA:139,7,0,0
BRDA:165,8,0,0
BRDA:165,8,1,0
BRDA:170,9,0,0
BRDA:170,9,1,0
BRDA:198,10,0,0
BRDA:198,10,1,0
BRDA:204,11,0,0
BRDA:204,11,1,0
BRDA:233,12,0,0
BRDA:233,12,1,0
BRDA:239,13,0,0
BRDA:239,13,1,0
BRDA:259,14,0,0
BRDA:259,14,1,0
BRDA:259,14,2,0
BRDA:259,14,3,0
BRDA:285,15,0,0
BRDA:325,16,0,0
BRDA:325,16,1,0
BRDA:335,17,0,0
BRDA:335,17,1,0
BRDA:337,18,0,0
BRDA:337,18,1,0
BRDA:361,19,0,0
BRDA:360,20,0,0
BRDA:360,20,1,0
BRDA:376,21,0,0
BRDA:376,21,1,0
BRDA:377,22,0,0
BRDA:377,22,1,0
BRDA:380,23,0,0
BRDA:380,23,1,0
BRDA:398,24,0,0
BRDA:406,25,0,0
BRDA:409,26,0,0
BRDA:409,26,1,0
BRDA:413,27,0,0
BRDA:420,28,0,0
BRDA:428,29,0,0
BRDA:440,30,0,0
BRDA:476,31,0,0
BRDA:476,31,1,0
BRDA:479,32,0,0
BRDA:483,33,0,0
BRDA:483,33,1,0
BRDA:484,34,0,0
BRDA:484,34,1,0
BRDA:495,35,0,0
BRDA:495,35,1,0
BRDA:496,36,0,0
BRDA:496,36,1,0
BRDA:497,37,0,0
BRDA:497,37,1,0
BRDA:505,38,0,0
BRDA:510,39,0,0
BRDA:512,40,0,0
BRDA:512,40,1,0
BRDA:513,41,0,0
BRDA:513,41,1,0
BRDA:525,42,0,0
BRDA:536,43,0,0
BRF:73
BRH:0
end_of_record
TN:
SF:app/[locale]/dashboard/accounting/statements/page.tsx
FN:28,FinancialStatementsPage
FN:41,(anonymous_3)
FN:45,(anonymous_4)
FN:75,(anonymous_5)
FN:96,(anonymous_6)
FN:118,(anonymous_7)
FN:138,(anonymous_8)
FN:156,(anonymous_9)
FN:197,(anonymous_10)
FN:221,(anonymous_11)
FN:260,(anonymous_12)
FN:346,(anonymous_13)
FN:355,(anonymous_14)
FN:364,(anonymous_15)
FN:384,(anonymous_16)
FN:393,(anonymous_17)
FNF:16
FNH:0
FNDA:0,FinancialStatementsPage
FNDA:0,(anonymous_3)
FNDA:0,(anonymous_4)
FNDA:0,(anonymous_5)
FNDA:0,(anonymous_6)
FNDA:0,(anonymous_7)
FNDA:0,(anonymous_8)
FNDA:0,(anonymous_9)
FNDA:0,(anonymous_10)
FNDA:0,(anonymous_11)
FNDA:0,(anonymous_12)
FNDA:0,(anonymous_13)
FNDA:0,(anonymous_14)
FNDA:0,(anonymous_15)
FNDA:0,(anonymous_16)
FNDA:0,(anonymous_17)
DA:3,0
DA:4,0
DA:28,0
DA:29,0
DA:31,0
DA:32,0
DA:33,0
DA:35,0
DA:36,0
DA:41,0
DA:42,0
DA:45,0
DA:46,0
DA:47,0
DA:48,0
DA:50,0
DA:51,0
DA:53,0
DA:54,0
DA:56,0
DA:57,0
DA:60,0
DA:64,0
DA:65,0
DA:66,0
DA:69,0
DA:71,0
DA:75,0
DA:76,0
DA:77,0
DA:97,0
DA:119,0
DA:139,0
DA:156,0
DA:157,0
DA:158,0
DA:198,0
DA:222,0
DA:260,0
DA:261,0
DA:262,0
DA:346,0
DA:355,0
DA:364,0
DA:384,0
DA:393,0
LF:46
LH:0
BRDA:53,0,0,0
BRDA:53,0,1,0
BRDA:64,1,0,0
BRDA:76,2,0,0
BRDA:82,3,0,0
BRDA:82,3,1,0
BRDA:83,4,0,0
BRDA:83,4,1,0
BRDA:84,5,0,0
BRDA:84,5,1,0
BRDA:157,6,0,0
BRDA:174,7,0,0
BRDA:174,7,1,0
BRDA:180,8,0,0
BRDA:180,8,1,0
BRDA:194,9,0,0
BRDA:194,9,1,0
BRDA:218,10,0,0
BRDA:218,10,1,0
BRDA:261,11,0,0
BRDA:267,12,0,0
BRDA:267,12,1,0
BRDA:271,13,0,0
BRDA:271,13,1,0
BRDA:272,14,0,0
BRDA:272,14,1,0
BRDA:275,15,0,0
BRDA:275,15,1,0
BRDA:286,16,0,0
BRDA:286,16,1,0
BRDA:287,17,0,0
BRDA:287,17,1,0
BRDA:300,18,0,0
BRDA:300,18,1,0
BRDA:301,19,0,0
BRDA:301,19,1,0
BRDA:314,20,0,0
BRDA:314,20,1,0
BRDA:315,21,0,0
BRDA:315,21,1,0
BRDA:348,22,0,0
BRDA:348,22,1,0
BRDA:357,23,0,0
BRDA:357,23,1,0
BRDA:366,24,0,0
BRDA:366,24,1,0
BRDA:403,25,0,0
BRDA:408,26,0,0
BRDA:408,26,1,0
BRDA:409,27,0,0
BRDA:409,27,1,0
BRDA:410,28,0,0
BRDA:410,28,1,0
BRF:53
BRH:0
end_of_record
TN:
SF:app/[locale]/dashboard/accounting/trial-balance/page.tsx
FN:37,TrialBalancePage
FN:53,(anonymous_3)
FN:57,(anonymous_4)
FN:82,(anonymous_5)
FN:86,(anonymous_6)
FN:111,(anonymous_7)
FN:140,(anonymous_8)
FN:173,(anonymous_9)
FN:182,(anonymous_10)
FN:297,(anonymous_11)
FNF:10
FNH:0
FNDA:0,TrialBalancePage
FNDA:0,(anonymous_3)
FNDA:0,(anonymous_4)
FNDA:0,(anonymous_5)
FNDA:0,(anonymous_6)
FNDA:0,(anonymous_7)
FNDA:0,(anonymous_8)
FNDA:0,(anonymous_9)
FNDA:0,(anonymous_10)
FNDA:0,(anonymous_11)
DA:3,0
DA:4,0
DA:37,0
DA:38,0
DA:40,0
DA:41,0
DA:42,0
DA:43,0
DA:45,0
DA:46,0
DA:51,0
DA:53,0
DA:54,0
DA:57,0
DA:58,0
DA:59,0
DA:60,0
DA:61,0
DA:62,0
DA:63,0
DA:65,0
DA:69,0
DA:70,0
DA:71,0
DA:72,0
DA:73,0
DA:76,0
DA:78,0
DA:82,0
DA:83,0
DA:86,0
DA:87,0
DA:88,0
DA:89,0
DA:90,0
DA:91,0
DA:93,0
DA:97,0
DA:98,0
DA:99,0
DA:100,0
DA:101,0
DA:102,0
DA:103,0
DA:104,0
DA:107,0
DA:111,0
DA:112,0
DA:119,0
DA:122,0
DA:140,0
DA:173,0
DA:182,0
DA:298,0
LF:54
LH:0
BRDA:62,0,0,0
BRDA:63,1,0,0
BRDA:69,2,0,0
BRDA:71,3,0,0
BRDA:71,3,1,0
BRDA:72,4,0,0
BRDA:72,4,1,0
BRDA:90,5,0,0
BRDA:91,6,0,0
BRDA:97,7,0,0
BRDA:119,8,0,0
BRDA:119,8,1,0
BRDA:122,9,0,0
BRDA:141,10,0,0
BRDA:141,10,1,0
BRDA:164,11,0,0
BRDA:199,12,0,0
BRDA:199,12,1,0
BRDA:201,13,0,0
BRDA:220,14,0,0
BRDA:290,15,0,0
BRDA:290,15,1,0
BRDA:307,16,0,0
BRDA:307,16,1,0
BRDA:310,17,0,0
BRDA:310,17,1,0
BRDA:313,18,0,0
BRDA:313,18,1,0
BRDA:316,19,0,0
BRDA:316,19,1,0
BRDA:322,20,0,0
BRF:31
BRH:0
end_of_record
TN:
SF:app/[locale]/dashboard/admin/errors/page.tsx
FN:51,ErrorsAdminPage
FN:61,(anonymous_3)
FN:92,(anonymous_4)
FN:98,(anonymous_5)
FN:99,(anonymous_6)
FN:104,(anonymous_7)
FN:151,(anonymous_8)
FN:154,(anonymous_9)
FN:212,(anonymous_10)
FN:237,(anonymous_11)
FN:259,(anonymous_12)
FN:259,(anonymous_13)
FN:266,(anonymous_14)
FN:266,(anonymous_15)
FN:287,(anonymous_16)
FNF:15
FNH:0
FNDA:0,ErrorsAdminPage
FNDA:0,(anonymous_3)
FNDA:0,(anonymous_4)
FNDA:0,(anonymous_5)
FNDA:0,(anonymous_6)
FNDA:0,(anonymous_7)
FNDA:0,(anonymous_8)
FNDA:0,(anonymous_9)
FNDA:0,(anonymous_10)
FNDA:0,(anonymous_11)
FNDA:0,(anonymous_12)
FNDA:0,(anonymous_13)
FNDA:0,(anonymous_14)
FNDA:0,(anonymous_15)
FNDA:0,(anonymous_16)
DA:3,0
DA:4,0
DA:6,0
DA:42,0
DA:51,0
DA:52,0
DA:53,0
DA:54,0
DA:55,0
DA:56,0
DA:57,0
DA:58,0
DA:59,0
DA:61,0
DA:62,0
DA:63,0
DA:64,0
DA:65,0
DA:69,0
DA:71,0
DA:77,0
DA:78,0
DA:81,0
DA:82,0
DA:83,0
DA:85,0
DA:86,0
DA:88,0
DA:92,0
DA:93,0
DA:96,0
DA:98,0
DA:99,0
DA:100,0
DA:104,0
DA:105,0
DA:107,0
DA:109,0
DA:111,0
DA:113,0
DA:115,0
DA:117,0
DA:152,0
DA:155,0
DA:156,0
DA:213,0
DA:237,0
DA:259,0
DA:266,0
DA:287,0
LF:50
LH:0
BRDA:69,0,0,0
BRDA:77,1,0,0
BRDA:82,2,0,0
BRDA:82,2,1,0
BRDA:83,3,0,0
BRDA:83,3,1,0
BRDA:100,4,0,0
BRDA:100,4,1,0
BRDA:105,5,0,0
BRDA:105,5,1,0
BRDA:105,5,2,0
BRDA:105,5,3,0
BRDA:105,5,4,0
BRDA:105,5,5,0
BRDA:139,6,0,0
BRDA:139,6,1,0
BRDA:159,7,0,0
BRDA:159,7,1,0
BRDA:197,8,0,0
BRDA:197,8,1,0
BRDA:204,9,0,0
BRDA:204,9,1,0
BRDA:230,10,0,0
BRDA:230,10,1,0
BRDA:233,11,0,0
BRDA:233,11,1,0
BRDA:252,12,0,0
BRDA:260,13,0,0
BRDA:260,13,1,0
BRDA:267,14,0,0
BRDA:267,14,1,0
BRDA:278,15,0,0
BRDA:322,16,0,0
BRDA:322,16,1,0
BRDA:329,17,0,0
BRDA:329,17,1,0
BRDA:333,18,0,0
BRDA:342,19,0,0
BRDA:351,20,0,0
BRDA:360,21,0,0
BRDA:360,21,1,0
BRF:41
BRH:0
end_of_record
TN:
SF:app/[locale]/dashboard/admin/gdpr/page.tsx
FN:46,AdminGdprPage
FN:60,(anonymous_3)
FN:66,(anonymous_4)
FN:80,(anonymous_5)
FN:111,(anonymous_6)
FN:118,(anonymous_7)
FN:138,(anonymous_8)
FN:149,(anonymous_9)
FN:160,(anonymous_10)
FN:174,(anonymous_11)
FN:175,(anonymous_12)
FN:176,(anonymous_13)
FN:261,(anonymous_14)
FN:270,(anonymous_15)
FN:283,(anonymous_16)
FN:309,(anonymous_17)
FN:315,(anonymous_18)
FN:366,(anonymous_19)
FN:413,(anonymous_20)
FN:426,(anonymous_21)
FN:436,(anonymous_22)
FN:448,(anonymous_23)
FN:457,(anonymous_24)
FNF:23
FNH:0
FNDA:0,AdminGdprPage
FNDA:0,(anonymous_3)
FNDA:0,(anonymous_4)
FNDA:0,(anonymous_5)
FNDA:0,(anonymous_6)
FNDA:0,(anonymous_7)
FNDA:0,(anonymous_8)
FNDA:0,(anonymous_9)
FNDA:0,(anonymous_10)
FNDA:0,(anonymous_11)
FNDA:0,(anonymous_12)
FNDA:0,(anonymous_13)
FNDA:0,(anonymous_14)
FNDA:0,(anonymous_15)
FNDA:0,(anonymous_16)
FNDA:0,(anonymous_17)
FNDA:0,(anonymous_18)
FNDA:0,(anonymous_19)
FNDA:0,(anonymous_20)
FNDA:0,(anonymous_21)
FNDA:0,(anonymous_22)
FNDA:0,(anonymous_23)
FNDA:0,(anonymous_24)
DA:3,0
DA:4,0
DA:5,0
DA:46,0
DA:47,0
DA:48,0
DA:49,0
DA:50,0
DA:51,0
DA:52,0
DA:53,0
DA:54,0
DA:55,0
DA:56,0
DA:57,0
DA:58,0
DA:60,0
DA:61,0
DA:62,0
DA:66,0
DA:67,0
DA:68,0
DA:69,0
DA:71,0
DA:72,0
DA:74,0
DA:76,0
DA:80,0
DA:81,0
DA:83,0
DA:84,0
DA:96,0
DA:98,0
DA:99,0
DA:100,0
DA:101,0
DA:102,0
DA:104,0
DA:105,0
DA:107,0
DA:111,0
DA:112,0
DA:113,0
DA:114,0
DA:115,0
DA:118,0
DA:119,0
DA:127,0
DA:128,0
DA:138,0
DA:139,0
DA:146,0
DA:149,0
DA:150,0
DA:157,0
DA:160,0
DA:161,0
DA:162,0
DA:164,0
DA:169,0
DA:172,0
DA:174,0
DA:175,0
DA:176,0
DA:179,0
DA:261,0
DA:270,0
DA:283,0
DA:310,0
DA:311,0
DA:315,0
DA:366,0
DA:413,0
DA:426,0
DA:436,0
DA:448,0
DA:457,0
LF:77
LH:0
BRDA:61,0,0,0
BRDA:69,1,0,0
BRDA:91,2,0,0
BRDA:91,2,1,0
BRDA:92,3,0,0
BRDA:92,3,1,0
BRDA:96,4,0,0
BRDA:113,5,0,0
BRDA:113,5,1,0
BRDA:114,6,0,0
BRDA:114,6,1,0
BRDA:127,7,0,0
BRDA:127,7,1,0
BRDA:146,8,0,0
BRDA:146,8,1,0
BRDA:157,9,0,0
BRDA:157,9,1,0
BRDA:161,10,0,0
BRDA:161,10,1,0
BRDA:162,11,0,0
BRDA:162,11,1,0
BRDA:164,12,0,0
BRDA:164,12,1,0
BRDA:164,12,2,0
BRDA:164,12,3,0
BRDA:169,13,0,0
BRDA:169,13,1,0
BRDA:169,13,2,0
BRDA:179,14,0,0
BRDA:179,15,0,0
BRDA:179,15,1,0
BRDA:299,16,0,0
BRDA:303,17,0,0
BRDA:332,18,0,0
BRDA:332,18,1,0
BRDA:354,19,0,0
BRDA:354,19,1,0
BRDA:385,20,0,0
BRDA:397,21,0,0
BRDA:405,22,0,0
BRDA:405,22,1,0
BRDA:434,23,0,0
BRDA:440,24,0,0
BRDA:445,25,0,0
BRDA:445,25,1,0
BRDA:452,26,0,0
BRDA:458,27,0,0
BRDA:458,27,1,0
BRDA:461,28,0,0
BRDA:470,29,0,0
BRDA:470,29,1,0
BRDA:477,30,0,0
BRF:52
BRH:0
end_of_record
TN:
SF:app/[locale]/dashboard/ai-assistant/page.tsx
FN:183,AIAssistantPage
FN:190,(anonymous_3)
FN:194,(anonymous_4)
FN:198,(anonymous_5)
FN:205,(anonymous_6)
FN:219,(anonymous_7)
FN:229,(anonymous_8)
FN:234,(anonymous_9)
FN:246,(anonymous_10)
FN:251,(anonymous_11)
FN:326,(anonymous_12)
FN:330,(anonymous_13)
FN:385,(anonymous_14)
FN:429,(anonymous_15)
FN:435,(anonymous_16)
FN:475,(anonymous_17)
FN:476,(anonymous_18)
FN:486,(anonymous_19)
FN:506,(anonymous_20)
FN:548,(anonymous_21)
FN:583,(anonymous_22)
FN:588,(anonymous_23)
FN:612,(anonymous_24)
FN:617,(anonymous_25)
FNF:24
FNH:0
FNDA:0,AIAssistantPage
FNDA:0,(anonymous_3)
FNDA:0,(anonymous_4)
FNDA:0,(anonymous_5)
FNDA:0,(anonymous_6)
FNDA:0,(anonymous_7)
FNDA:0,(anonymous_8)
FNDA:0,(anonymous_9)
FNDA:0,(anonymous_10)
FNDA:0,(anonymous_11)
FNDA:0,(anonymous_12)
FNDA:0,(anonymous_13)
FNDA:0,(anonymous_14)
FNDA:0,(anonymous_15)
FNDA:0,(anonymous_16)
FNDA:0,(anonymous_17)
FNDA:0,(anonymous_18)
FNDA:0,(anonymous_19)
FNDA:0,(anonymous_20)
FNDA:0,(anonymous_21)
FNDA:0,(anonymous_22)
FNDA:0,(anonymous_23)
FNDA:0,(anonymous_24)
FNDA:0,(anonymous_25)
DA:3,0
DA:4,0
DA:5,0
DA:6,0
DA:7,0
DA:8,0
DA:9,0
DA:10,0
DA:70,0
DA:84,0
DA:115,0
DA:160,0
DA:183,0
DA:184,0
DA:185,0
DA:186,0
DA:187,0
DA:188,0
DA:190,0
DA:191,0
DA:194,0
DA:195,0
DA:198,0
DA:199,0
DA:205,0
DA:206,0
DA:207,0
DA:208,0
DA:209,0
DA:211,0
DA:212,0
DA:213,0
DA:214,0
DA:216,0
DA:219,0
DA:220,0
DA:222,0
DA:229,0
DA:230,0
DA:231,0
DA:234,0
DA:235,0
DA:246,0
DA:247,0
DA:251,0
DA:252,0
DA:254,0
DA:255,0
DA:273,0
DA:274,0
DA:292,0
DA:293,0
DA:314,0
DA:326,0
DA:327,0
DA:330,0
DA:331,0
DA:386,0
DA:430,0
DA:435,0
DA:475,0
DA:476,0
DA:486,0
DA:507,0
DA:549,0
DA:584,0
DA:589,0
DA:590,0
DA:613,0
DA:617,0
LF:70
LH:0
BRDA:211,0,0,0
BRDA:211,0,1,0
BRDA:213,1,0,0
BRDA:220,2,0,0
BRDA:254,3,0,0
BRDA:254,4,0,0
BRDA:254,4,1,0
BRDA:273,5,0,0
BRDA:273,6,0,0
BRDA:273,6,1,0
BRDA:292,7,0,0
BRDA:292,8,0,0
BRDA:292,8,1,0
BRDA:292,8,2,0
BRDA:388,9,0,0
BRDA:388,9,1,0
BRDA:392,10,0,0
BRDA:392,10,1,0
BRDA:396,11,0,0
BRDA:396,11,1,0
BRDA:399,12,0,0
BRDA:399,12,1,0
BRDA:402,13,0,0
BRDA:402,13,1,0
BRDA:413,14,0,0
BRDA:427,15,0,0
BRDA:427,15,1,0
BRDA:445,16,0,0
BRDA:476,17,0,0
BRDA:476,17,1,0
BRDA:487,18,0,0
BRDA:487,18,1,0
BRF:32
BRH:0
end_of_record
TN:
SF:app/[locale]/dashboard/analytics/page.tsx
FN:62,AnalyticsDashboardPage
FN:74,(anonymous_3)
FN:78,(anonymous_4)
FN:182,(anonymous_5)
FN:186,(anonymous_6)
FN:199,(anonymous_7)
FN:219,(anonymous_8)
FN:226,(anonymous_9)
FN:230,(anonymous_10)
FN:234,(anonymous_11)
FN:239,(anonymous_12)
FN:244,(anonymous_13)
FN:248,(anonymous_14)
FN:271,(anonymous_15)
FN:275,(anonymous_16)
FN:290,(anonymous_17)
FN:307,(anonymous_18)
FN:316,(anonymous_19)
FN:322,(anonymous_20)
FN:323,(anonymous_21)
FN:334,(anonymous_22)
FN:335,(anonymous_23)
FN:351,(anonymous_24)
FN:360,(anonymous_25)
FN:396,(anonymous_26)
FN:399,(anonymous_27)
FN:429,(anonymous_28)
FN:439,(anonymous_29)
FN:446,(anonymous_30)
FN:453,(anonymous_31)
FN:474,(anonymous_32)
FN:477,(anonymous_33)
FN:562,(anonymous_34)
FN:565,(anonymous_35)
FN:633,(anonymous_36)
FN:645,(anonymous_37)
FN:657,(anonymous_38)
FNF:37
FNH:0
FNDA:0,AnalyticsDashboardPage
FNDA:0,(anonymous_3)
FNDA:0,(anonymous_4)
FNDA:0,(anonymous_5)
FNDA:0,(anonymous_6)
FNDA:0,(anonymous_7)
FNDA:0,(anonymous_8)
FNDA:0,(anonymous_9)
FNDA:0,(anonymous_10)
FNDA:0,(anonymous_11)
FNDA:0,(anonymous_12)
FNDA:0,(anonymous_13)
FNDA:0,(anonymous_14)
FNDA:0,(anonymous_15)
FNDA:0,(anonymous_16)
FNDA:0,(anonymous_17)
FNDA:0,(anonymous_18)
FNDA:0,(anonymous_19)
FNDA:0,(anonymous_20)
FNDA:0,(anonymous_21)
FNDA:0,(anonymous_22)
FNDA:0,(anonymous_23)
FNDA:0,(anonymous_24)
FNDA:0,(anonymous_25)
FNDA:0,(anonymous_26)
FNDA:0,(anonymous_27)
FNDA:0,(anonymous_28)
FNDA:0,(anonymous_29)
FNDA:0,(anonymous_30)
FNDA:0,(anonymous_31)
FNDA:0,(anonymous_32)
FNDA:0,(anonymous_33)
FNDA:0,(anonymous_34)
FNDA:0,(anonymous_35)
FNDA:0,(anonymous_36)
FNDA:0,(anonymous_37)
FNDA:0,(anonymous_38)
DA:3,0
DA:4,0
DA:5,0
DA:10,0
DA:62,0
DA:63,0
DA:64,0
DA:65,0
DA:66,0
DA:67,0
DA:68,0
DA:69,0
DA:70,0
DA:71,0
DA:74,0
DA:75,0
DA:78,0
DA:81,0
DA:117,0
DA:127,0
DA:135,0
DA:178,0
DA:179,0
DA:182,0
DA:183,0
DA:186,0
DA:187,0
DA:199,0
DA:200,0
DA:216,0
DA:217,0
DA:219,0
DA:220,0
DA:221,0
DA:222,0
DA:226,0
DA:227,0
DA:230,0
DA:231,0
DA:234,0
DA:235,0
DA:239,0
DA:240,0
DA:244,0
DA:245,0
DA:248,0
DA:249,0
DA:251,0
DA:252,0
DA:254,0
DA:255,0
DA:257,0
DA:258,0
DA:260,0
DA:261,0
DA:263,0
DA:264,0
DA:266,0
DA:271,0
DA:272,0
DA:275,0
DA:276,0
DA:278,0
DA:279,0
DA:281,0
DA:282,0
DA:284,0
DA:285,0
DA:290,0
DA:291,0
DA:293,0
DA:294,0
DA:296,0
DA:297,0
DA:299,0
DA:300,0
DA:302,0
DA:303,0
DA:307,0
DA:308,0
DA:316,0
DA:322,0
DA:323,0
DA:334,0
DA:335,0
DA:352,0
DA:361,0
DA:397,0
DA:399,0
DA:429,0
DA:439,0
DA:446,0
DA:453,0
DA:475,0
DA:477,0
DA:563,0
DA:565,0
DA:633,0
DA:645,0
DA:657,0
LF:100
LH:0
BRDA:220,0,0,0
BRDA:220,0,1,0
BRDA:249,1,0,0
BRDA:249,1,1,0
BRDA:249,1,2,0
BRDA:249,1,3,0
BRDA:249,1,4,0
BRDA:249,1,5,0
BRDA:276,2,0,0
BRDA:276,2,1,0
BRDA:276,2,2,0
BRDA:291,3,0,0
BRDA:291,3,1,0
BRDA:291,3,2,0
BRDA:291,3,3,0
BRDA:316,4,0,0
BRDA:401,5,0,0
BRDA:401,5,1,0
BRDA:406,6,0,0
BRDA:406,6,1,0
BRDA:407,7,0,0
BRDA:407,7,1,0
BRDA:408,8,0,0
BRDA:408,8,1,0
BRDA:425,9,0,0
BRDA:425,9,1,0
BRDA:436,10,0,0
BRDA:479,11,0,0
BRDA:479,11,1,0
BRDA:487,12,0,0
BRDA:487,12,1,0
BRDA:490,13,0,0
BRF:32
BRH:0
end_of_record
TN:
SF:app/[locale]/dashboard/analytics/goals/edit/page.tsx
FN:6,ComingSoonPage
FN:25,(anonymous_3)
FNF:2
FNH:0
FNDA:0,ComingSoonPage
FNDA:0,(anonymous_3)
DA:3,0
DA:6,0
DA:7,0
DA:25,0
LF:4
LH:0
BRF:0
BRH:0
end_of_record
TN:
SF:app/[locale]/dashboard/assets/page.tsx
FN:427,AssetManagementPage
FN:436,(anonymous_3)
FN:437,(anonymous_4)
FN:438,(anonymous_5)
FN:439,(anonymous_6)
FN:440,(anonymous_7)
FN:441,(anonymous_8)
FN:442,(anonymous_9)
FN:443,(anonymous_10)
FN:452,(anonymous_11)
FN:454,(anonymous_12)
FN:455,(anonymous_13)
FN:457,(anonymous_14)
FN:460,(anonymous_15)
FN:461,(anonymous_16)
FN:462,(anonymous_17)
FN:464,(anonymous_18)
FN:466,(anonymous_19)
FN:467,(anonymous_20)
FN:470,(anonymous_21)
FN:480,(anonymous_22)
FN:489,(anonymous_23)
FN:580,(anonymous_24)
FN:628,(anonymous_25)
FN:630,(anonymous_26)
FN:634,(anonymous_27)
FN:651,(anonymous_28)
FN:653,(anonymous_29)
FN:671,(anonymous_30)
FN:745,(anonymous_31)
FN:755,(anonymous_32)
FN:766,(anonymous_33)
FN:787,(anonymous_34)
FN:871,(anonymous_35)
FN:949,(anonymous_36)
FN:1033,(anonymous_37)
FNF:36
FNH:0
FNDA:0,AssetManagementPage
FNDA:0,(anonymous_3)
FNDA:0,(anonymous_4)
FNDA:0,(anonymous_5)
FNDA:0,(anonymous_6)
FNDA:0,(anonymous_7)
FNDA:0,(anonymous_8)
FNDA:0,(anonymous_9)
FNDA:0,(anonymous_10)
FNDA:0,(anonymous_11)
FNDA:0,(anonymous_12)
FNDA:0,(anonymous_13)
FNDA:0,(anonymous_14)
FNDA:0,(anonymous_15)
FNDA:0,(anonymous_16)
FNDA:0,(anonymous_17)
FNDA:0,(anonymous_18)
FNDA:0,(anonymous_19)
FNDA:0,(anonymous_20)
FNDA:0,(anonymous_21)
FNDA:0,(anonymous_22)
FNDA:0,(anonymous_23)
FNDA:0,(anonymous_24)
FNDA:0,(anonymous_25)
FNDA:0,(anonymous_26)
FNDA:0,(anonymous_27)
FNDA:0,(anonymous_28)
FNDA:0,(anonymous_29)
FNDA:0,(anonymous_30)
FNDA:0,(anonymous_31)
FNDA:0,(anonymous_32)
FNDA:0,(anonymous_33)
FNDA:0,(anonymous_34)
FNDA:0,(anonymous_35)
FNDA:0,(anonymous_36)
FNDA:0,(anonymous_37)
DA:3,0
DA:4,0
DA:5,0
DA:6,0
DA:7,0
DA:8,0
DA:9,0
DA:10,0
DA:56,0
DA:115,0
DA:249,0
DA:282,0
DA:311,0
DA:345,0
DA:347,0
DA:356,0
DA:365,0
DA:373,0
DA:381,0
DA:393,0
DA:405,0
DA:413,0
DA:420,0
DA:427,0
DA:428,0
DA:429,0
DA:430,0
DA:431,0
DA:434,0
DA:436,0
DA:437,0
DA:438,0
DA:439,0
DA:440,0
DA:441,0
DA:442,0
DA:443,0
DA:446,0
DA:447,0
DA:452,0
DA:454,0
DA:455,0
DA:457,0
DA:460,0
DA:461,0
DA:462,0
DA:464,0
DA:466,0
DA:467,0
DA:470,0
DA:471,0
DA:475,0
DA:476,0
DA:477,0
DA:480,0
DA:481,0
DA:489,0
DA:490,0
DA:580,0
DA:628,0
DA:631,0
DA:634,0
DA:651,0
DA:653,0
DA:672,0
DA:745,0
DA:756,0
DA:767,0
DA:788,0
DA:872,0
DA:950,0
DA:1034,0
LF:72
LH:0
BRDA:439,0,0,0
BRDA:439,0,1,0
BRDA:440,1,0,0
BRDA:440,1,1,0
BRDA:447,2,0,0
BRDA:447,2,1,0
BRDA:461,3,0,0
BRDA:461,3,1,0
BRDA:471,4,0,0
BRDA:471,4,1,0
BRDA:471,4,2,0
BRDA:471,4,3,0
BRDA:475,5,0,0
BRDA:475,5,1,0
BRDA:476,6,0,0
BRDA:476,6,1,0
BRDA:477,7,0,0
BRDA:477,7,1,0
BRDA:477,7,2,0
BRDA:582,8,0,0
BRDA:694,9,0,0
BRDA:703,10,0,0
BRDA:712,11,0,0
BRDA:805,12,0,0
BRDA:806,13,0,0
BRDA:812,14,0,0
BRDA:824,15,0,0
BRDA:824,15,1,0
BRDA:878,16,0,0
BRDA:878,16,1,0
BRDA:879,17,0,0
BRDA:879,17,1,0
BRDA:882,18,0,0
BRDA:884,19,0,0
BRDA:903,20,0,0
BRDA:904,21,0,0
BRDA:904,21,1,0
BRDA:913,22,0,0
BRDA:913,22,1,0
BRDA:914,23,0,0
BRDA:914,23,1,0
BRDA:917,24,0,0
BRDA:917,24,1,0
BRDA:918,25,0,0
BRDA:918,25,1,0
BRDA:956,26,0,0
BRDA:956,26,1,0
BRDA:957,27,0,0
BRDA:957,27,1,0
BRDA:958,28,0,0
BRDA:958,28,1,0
BRDA:962,29,0,0
BRDA:962,29,1,0
BRDA:963,30,0,0
BRDA:963,30,1,0
BRDA:964,31,0,0
BRDA:964,31,1,0
BRDA:975,32,0,0
BRDA:985,33,0,0
BRDA:985,33,1,0
BRDA:986,34,0,0
BRDA:986,34,1,0
BRDA:987,35,0,0
BRDA:987,35,1,0
BRDA:990,36,0,0
BRDA:990,36,1,0
BRDA:991,37,0,0
BRDA:991,37,1,0
BRDA:992,38,0,0
BRDA:992,38,1,0
BRDA:998,39,0,0
BRDA:1040,40,0,0
BRDA:1041,41,0,0
BRDA:1042,42,0,0
BRDA:1048,43,0,0
BRDA:1064,44,0,0
BRDA:1077,45,0,0
BRDA:1077,45,1,0
BRDA:1078,46,0,0
BRDA:1078,46,1,0
BRDA:1079,47,0,0
BRDA:1079,47,1,0
BRDA:1082,48,0,0
BRDA:1082,48,1,0
BRDA:1083,49,0,0
BRDA:1083,49,1,0
BRDA:1084,50,0,0
BRDA:1084,50,1,0
BRDA:1085,51,0,0
BRDA:1085,51,1,0
BRDA:1089,52,0,0
BRF:91
BRH:0
end_of_record
TN:
SF:app/[locale]/dashboard/ats/page.tsx
FN:370,ATSPage
FN:376,(anonymous_6)
FN:386,(anonymous_7)
FN:399,(anonymous_8)
FN:405,(anonymous_9)
FN:409,(anonymous_10)
FN:416,(anonymous_11)
FN:417,(anonymous_12)
FN:418,(anonymous_13)
FN:419,(anonymous_14)
FN:515,(anonymous_15)
FN:586,(anonymous_16)
FN:596,(anonymous_17)
FN:607,(anonymous_18)
FN:617,(anonymous_19)
FN:658,(anonymous_20)
FN:695,(anonymous_21)
FN:696,(anonymous_22)
FN:708,(anonymous_23)
FN:767,(anonymous_24)
FN:854,(anonymous_25)
FN:856,(anonymous_26)
FNF:22
FNH:0
FNDA:0,ATSPage
FNDA:0,(anonymous_6)
FNDA:0,(anonymous_7)
FNDA:0,(anonymous_8)
FNDA:0,(anonymous_9)
FNDA:0,(anonymous_10)
FNDA:0,(anonymous_11)
FNDA:0,(anonymous_12)
FNDA:0,(anonymous_13)
FNDA:0,(anonymous_14)
FNDA:0,(anonymous_15)
FNDA:0,(anonymous_16)
FNDA:0,(anonymous_17)
FNDA:0,(anonymous_18)
FNDA:0,(anonymous_19)
FNDA:0,(anonymous_20)
FNDA:0,(anonymous_21)
FNDA:0,(anonymous_22)
FNDA:0,(anonymous_23)
FNDA:0,(anonymous_24)
FNDA:0,(anonymous_25)
FNDA:0,(anonymous_26)
DA:3,0
DA:4,0
DA:5,0
DA:6,0
DA:7,0
DA:8,0
DA:9,0
DA:10,0
DA:11,0
DA:12,0
DA:57,0
DA:112,0
DA:187,0
DA:299,0
DA:334,0
DA:343,0
DA:351,0
DA:360,0
DA:370,0
DA:371,0
DA:372,0
DA:373,0
DA:374,0
DA:376,0
DA:377,0
DA:386,0
DA:387,0
DA:399,0
DA:400,0
DA:401,0
DA:402,0
DA:405,0
DA:407,0
DA:409,0
DA:410,0
DA:411,0
DA:412,0
DA:416,0
DA:417,0
DA:418,0
DA:419,0
DA:516,0
DA:586,0
DA:597,0
DA:608,0
DA:618,0
DA:659,0
DA:696,0
DA:697,0
DA:709,0
DA:768,0
DA:854,0
DA:857,0
LF:53
LH:0
BRDA:400,0,0,0
BRDA:401,1,0,0
BRDA:407,2,0,0
BRDA:407,2,1,0
BRDA:407,2,2,0
BRDA:410,3,0,0
BRDA:410,3,1,0
BRDA:411,4,0,0
BRDA:411,4,1,0
BRDA:412,5,0,0
BRDA:412,5,1,0
BRDA:412,5,2,0
BRDA:543,6,0,0
BRDA:663,7,0,0
BRDA:736,8,0,0
BRDA:797,9,0,0
BRF:16
BRH:0
end_of_record
TN:
SF:app/[locale]/dashboard/audit/page.tsx
FN:37,AuditLogsPage
FN:56,(anonymous_3)
FN:62,(anonymous_4)
FN:103,(anonymous_5)
FN:120,(anonymous_6)
FN:145,(anonymous_7)
FN:157,(anonymous_8)
FN:174,(anonymous_9)
FN:186,(anonymous_10)
FN:205,(anonymous_11)
FN:240,(anonymous_12)
FN:251,(anonymous_13)
FN:272,(anonymous_14)
FN:281,(anonymous_15)
FN:288,(anonymous_16)
FN:296,(anonymous_17)
FN:303,(anonymous_18)
FN:351,(anonymous_19)
FN:386,(anonymous_20)
FN:407,(anonymous_21)
FN:407,(anonymous_22)
FN:417,(anonymous_23)
FN:417,(anonymous_24)
FN:434,(anonymous_25)
FN:482,(anonymous_26)
FNF:25
FNH:0
FNDA:0,AuditLogsPage
FNDA:0,(anonymous_3)
FNDA:0,(anonymous_4)
FNDA:0,(anonymous_5)
FNDA:0,(anonymous_6)
FNDA:0,(anonymous_7)
FNDA:0,(anonymous_8)
FNDA:0,(anonymous_9)
FNDA:0,(anonymous_10)
FNDA:0,(anonymous_11)
FNDA:0,(anonymous_12)
FNDA:0,(anonymous_13)
FNDA:0,(anonymous_14)
FNDA:0,(anonymous_15)
FNDA:0,(anonymous_16)
FNDA:0,(anonymous_17)
FNDA:0,(anonymous_18)
FNDA:0,(anonymous_19)
FNDA:0,(anonymous_20)
FNDA:0,(anonymous_21)
FNDA:0,(anonymous_22)
FNDA:0,(anonymous_23)
FNDA:0,(anonymous_24)
FNDA:0,(anonymous_25)
FNDA:0,(anonymous_26)
DA:3,0
DA:4,0
DA:37,0
DA:38,0
DA:39,0
DA:40,0
DA:41,0
DA:42,0
DA:43,0
DA:44,0
DA:45,0
DA:46,0
DA:47,0
DA:48,0
DA:49,0
DA:50,0
DA:51,0
DA:52,0
DA:54,0
DA:56,0
DA:57,0
DA:58,0
DA:59,0
DA:62,0
DA:63,0
DA:64,0
DA:65,0
DA:66,0
DA:73,0
DA:80,0
DA:81,0
DA:82,0
DA:83,0
DA:84,0
DA:86,0
DA:89,0
DA:90,0
DA:91,0
DA:92,0
DA:93,0
DA:95,0
DA:96,0
DA:97,0
DA:99,0
DA:103,0
DA:104,0
DA:105,0
DA:106,0
DA:111,0
DA:112,0
DA:113,0
DA:116,0
DA:120,0
DA:121,0
DA:122,0
DA:123,0
DA:132,0
DA:133,0
DA:134,0
DA:136,0
DA:137,0
DA:138,0
DA:141,0
DA:145,0
DA:146,0
DA:147,0
DA:148,0
DA:157,0
DA:158,0
DA:160,0
DA:162,0
DA:164,0
DA:166,0
DA:168,0
DA:170,0
DA:174,0
DA:175,0
DA:176,0
DA:186,0
DA:187,0
DA:188,0
DA:189,0
DA:190,0
DA:191,0
DA:192,0
DA:194,0
DA:195,0
DA:196,0
DA:197,0
DA:206,0
DA:207,0
DA:241,0
DA:252,0
DA:272,0
DA:282,0
DA:283,0
DA:289,0
DA:297,0
DA:298,0
DA:304,0
DA:352,0
DA:386,0
DA:407,0
DA:417,0
DA:434,0
DA:482,0
LF:106
LH:0
BRDA:54,0,0,0
BRDA:54,0,1,0
BRDA:69,1,0,0
BRDA:69,1,1,0
BRDA:70,2,0,0
BRDA:70,2,1,0
BRDA:80,3,0,0
BRDA:81,4,0,0
BRDA:90,5,0,0
BRDA:90,5,1,0
BRDA:91,6,0,0
BRDA:91,6,1,0
BRDA:92,7,0,0
BRDA:92,7,1,0
BRDA:111,8,0,0
BRDA:132,9,0,0
BRDA:136,10,0,0
BRDA:146,11,0,0
BRDA:149,12,0,0
BRDA:149,12,1,0
BRDA:149,12,2,0
BRDA:149,12,3,0
BRDA:149,12,4,0
BRDA:158,13,0,0
BRDA:158,13,1,0
BRDA:158,13,2,0
BRDA:158,13,3,0
BRDA:158,13,4,0
BRDA:158,13,5,0
BRDA:194,14,0,0
BRDA:195,15,0,0
BRDA:196,16,0,0
BRDA:217,17,0,0
BRDA:318,18,0,0
BRDA:322,19,0,0
BRDA:324,20,0,0
BRDA:361,21,0,0
BRDA:361,21,1,0
BRDA:376,22,0,0
BRDA:381,23,0,0
BRDA:381,23,1,0
BRDA:385,24,0,0
BRDA:384,25,0,0
BRDA:384,25,1,0
BRDA:404,26,0,0
BRDA:428,27,0,0
BRDA:452,28,0,0
BRDA:452,28,1,0
BRDA:458,29,0,0
BRDA:464,30,0,0
BRDA:471,31,0,0
BRDA:471,31,1,0
BRF:52
BRH:0
end_of_record
TN:
SF:app/[locale]/dashboard/backup/page.tsx
FN:176,BackupPage
FN:179,(anonymous_6)
FN:195,(anonymous_7)
FN:303,(anonymous_8)
FN:317,(anonymous_9)
FN:339,(anonymous_10)
FN:402,(anonymous_11)
FN:461,(anonymous_12)
FNF:8
FNH:0
FNDA:0,BackupPage
FNDA:0,(anonymous_6)
FNDA:0,(anonymous_7)
FNDA:0,(anonymous_8)
FNDA:0,(anonymous_9)
FNDA:0,(anonymous_10)
FNDA:0,(anonymous_11)
FNDA:0,(anonymous_12)
DA:3,0
DA:4,0
DA:5,0
DA:6,0
DA:7,0
DA:8,0
DA:9,0
DA:42,0
DA:68,0
DA:124,0
DA:154,0
DA:169,0
DA:176,0
DA:177,0
DA:179,0
DA:180,0
DA:186,0
DA:195,0
DA:196,0
DA:204,0
DA:205,0
DA:206,0
DA:207,0
DA:303,0
DA:318,0
DA:340,0
DA:403,0
DA:462,0
LF:28
LH:0
BRDA:189,0,0,0
BRDA:189,0,1,0
BRDA:343,1,0,0
BRDA:343,1,1,0
BRDA:344,2,0,0
BRDA:344,2,1,0
BRDA:347,3,0,0
BRDA:347,3,1,0
BRDA:348,4,0,0
BRDA:348,4,1,0
BRDA:359,5,0,0
BRDA:359,5,1,0
BRDA:367,6,0,0
BRDA:367,6,1,0
BRDA:368,7,0,0
BRDA:368,7,1,0
BRDA:371,8,0,0
BRDA:406,9,0,0
BRDA:406,9,1,0
BRDA:407,10,0,0
BRDA:407,10,1,0
BRDA:467,11,0,0
BRDA:467,11,1,0
BRDA:468,12,0,0
BRDA:468,12,1,0
BRDA:470,13,0,0
BRDA:470,13,1,0
BRDA:479,14,0,0
BRDA:491,15,0,0
BRF:29
BRH:0
end_of_record
TN:
SF:app/[locale]/dashboard/bank-reconciliation/page.tsx
FN:89,BankReconciliationPage
FN:103,(anonymous_3)
FN:107,(anonymous_4)
FN:111,(anonymous_5)
FN:254,(anonymous_6)
FN:257,(anonymous_7)
FN:264,(anonymous_8)
FN:267,(anonymous_9)
FN:274,(anonymous_10)
FN:294,(anonymous_11)
FN:302,(anonymous_12)
FN:312,(anonymous_13)
FN:348,(anonymous_14)
FN:441,(anonymous_15)
FN:444,(anonymous_16)
FN:465,(anonymous_17)
FN:472,(anonymous_18)
FN:508,(anonymous_19)
FN:533,(anonymous_20)
FN:578,(anonymous_21)
FN:607,(anonymous_22)
FN:636,(anonymous_23)
FN:642,(anonymous_24)
FN:646,(anonymous_25)
FN:652,(anonymous_26)
FN:677,(anonymous_27)
FN:741,(anonymous_28)
FN:742,(anonymous_29)
FNF:28
FNH:0
FNDA:0,BankReconciliationPage
FNDA:0,(anonymous_3)
FNDA:0,(anonymous_4)
FNDA:0,(anonymous_5)
FNDA:0,(anonymous_6)
FNDA:0,(anonymous_7)
FNDA:0,(anonymous_8)
FNDA:0,(anonymous_9)
FNDA:0,(anonymous_10)
FNDA:0,(anonymous_11)
FNDA:0,(anonymous_12)
FNDA:0,(anonymous_13)
FNDA:0,(anonymous_14)
FNDA:0,(anonymous_15)
FNDA:0,(anonymous_16)
FNDA:0,(anonymous_17)
FNDA:0,(anonymous_18)
FNDA:0,(anonymous_19)
FNDA:0,(anonymous_20)
FNDA:0,(anonymous_21)
FNDA:0,(anonymous_22)
FNDA:0,(anonymous_23)
FNDA:0,(anonymous_24)
FNDA:0,(anonymous_25)
FNDA:0,(anonymous_26)
FNDA:0,(anonymous_27)
FNDA:0,(anonymous_28)
FNDA:0,(anonymous_29)
DA:3,0
DA:4,0
DA:87,0
DA:89,0
DA:90,0
DA:91,0
DA:92,0
DA:93,0
DA:94,0
DA:95,0
DA:96,0
DA:98,0
DA:99,0
DA:100,0
DA:101,0
DA:103,0
DA:104,0
DA:107,0
DA:108,0
DA:109,0
DA:111,0
DA:114,0
DA:134,0
DA:170,0
DA:234,0
DA:248,0
DA:250,0
DA:254,0
DA:255,0
DA:256,0
DA:257,0
DA:258,0
DA:260,0
DA:264,0
DA:265,0
DA:266,0
DA:267,0
DA:268,0
DA:270,0
DA:274,0
DA:275,0
DA:281,0
DA:294,0
DA:295,0
DA:302,0
DA:303,0
DA:312,0
DA:313,0
DA:314,0
DA:315,0
DA:316,0
DA:317,0
DA:323,0
DA:326,0
DA:348,0
DA:442,0
DA:444,0
DA:465,0
DA:473,0
DA:509,0
DA:533,0
DA:579,0
DA:607,0
DA:636,0
DA:642,0
DA:647,0
DA:652,0
DA:678,0
DA:742,0
DA:743,0
LF:70
LH:0
BRDA:87,0,0,0
BRDA:87,0,1,0
BRDA:289,1,0,0
BRDA:289,1,1,0
BRDA:294,2,0,0
BRDA:313,3,0,0
BRDA:313,4,0,0
BRDA:313,4,1,0
BRDA:314,5,0,0
BRDA:314,6,0,0
BRDA:314,6,1,0
BRDA:315,7,0,0
BRDA:318,8,0,0
BRDA:318,8,1,0
BRDA:318,8,2,0
BRDA:326,9,0,0
BRDA:352,10,0,0
BRDA:369,11,0,0
BRDA:369,11,1,0
BRDA:386,12,0,0
BRDA:386,12,1,0
BRDA:403,13,0,0
BRDA:403,13,1,0
BRDA:420,14,0,0
BRDA:420,14,1,0
BRDA:420,15,0,0
BRDA:420,15,1,0
BRDA:446,16,0,0
BRDA:446,16,1,0
BRDA:458,17,0,0
BRDA:475,18,0,0
BRDA:475,18,1,0
BRDA:477,19,0,0
BRDA:488,20,0,0
BRDA:488,20,1,0
BRDA:489,21,0,0
BRDA:489,21,1,0
BRDA:522,22,0,0
BRDA:537,23,0,0
BRDA:537,23,1,0
BRDA:556,24,0,0
BRDA:592,25,0,0
BRDA:626,26,0,0
BRDA:641,27,0,0
BRDA:641,27,1,0
BRDA:642,28,0,0
BRDA:642,28,1,0
BRDA:689,29,0,0
BRDA:689,29,1,0
BRDA:690,30,0,0
BRDA:690,30,1,0
BRDA:697,31,0,0
BRDA:718,32,0,0
BRDA:761,33,0,0
BRDA:761,33,1,0
BRDA:763,34,0,0
BRDA:763,34,1,0
BRDA:767,35,0,0
BRDA:767,35,1,0
BRDA:767,36,0,0
BRDA:767,36,1,0
BRF:61
BRH:0
end_of_record
TN:
SF:app/[locale]/dashboard/billing/page.tsx
FN:139,BillingPage
FN:142,(anonymous_6)
FN:277,(anonymous_7)
FN:316,(anonymous_8)
FN:349,(anonymous_9)
FN:380,(anonymous_10)
FN:399,(anonymous_11)
FNF:7
FNH:0
FNDA:0,BillingPage
FNDA:0,(anonymous_6)
FNDA:0,(anonymous_7)
FNDA:0,(anonymous_8)
FNDA:0,(anonymous_9)
FNDA:0,(anonymous_10)
FNDA:0,(anonymous_11)
DA:3,0
DA:4,0
DA:5,0
DA:6,0
DA:7,0
DA:8,0
DA:9,0
DA:39,0
DA:59,0
DA:78,0
DA:87,0
DA:96,0
DA:124,0
DA:139,0
DA:140,0
DA:142,0
DA:143,0
DA:148,0
DA:277,0
DA:317,0
DA:350,0
DA:381,0
DA:400,0
LF:23
LH:0
BRDA:321,0,0,0
BRDA:321,0,1,0
BRDA:325,1,0,0
BRDA:381,2,0,0
BRDA:381,2,1,0
BRDA:385,3,0,0
BRDA:386,4,0,0
BRDA:390,5,0,0
BRDA:394,6,0,0
BRDA:406,7,0,0
BRDA:406,7,1,0
BRDA:407,8,0,0
BRDA:407,8,1,0
BRF:13
BRH:0
end_of_record
TN:
SF:app/[locale]/dashboard/blog/loading.tsx
FN:1,Loading
FN:15,(anonymous_2)
FN:27,(anonymous_3)
FN:43,(anonymous_4)
FN:56,(anonymous_5)
FN:94,(anonymous_6)
FN:105,(anonymous_7)
FNF:7
FNH:0
FNDA:0,Loading
FNDA:0,(anonymous_2)
FNDA:0,(anonymous_3)
FNDA:0,(anonymous_4)
FNDA:0,(anonymous_5)
FNDA:0,(anonymous_6)
FNDA:0,(anonymous_7)
DA:1,0
DA:16,0
DA:28,0
DA:44,0
DA:57,0
DA:95,0
DA:106,0
LF:7
LH:0
BRF:0
BRH:0
end_of_record
TN:
SF:app/[locale]/dashboard/blog/page.tsx
FN:72,(anonymous_2)
FN:81,(anonymous_3)
FN:95,BlogPage
FN:104,(anonymous_5)
FN:108,(anonymous_6)
FN:139,(anonymous_7)
FN:145,(anonymous_8)
FN:154,(anonymous_9)
FN:285,(anonymous_10)
FN:292,(anonymous_11)
FN:295,(anonymous_12)
FN:304,(anonymous_13)
FN:311,(anonymous_14)
FN:323,(anonymous_15)
FN:398,(anonymous_16)
FN:439,(anonymous_17)
FN:447,(anonymous_18)
FN:455,(anonymous_19)
FN:463,(anonymous_20)
FN:478,(anonymous_21)
FN:484,(anonymous_22)
FN:488,(anonymous_23)
FN:498,(anonymous_24)
FN:525,(anonymous_25)
FN:603,(anonymous_26)
FN:606,(anonymous_27)
FN:630,(anonymous_28)
FN:634,(anonymous_29)
FN:673,(anonymous_30)
FNF:29
FNH:0
FNDA:0,(anonymous_2)
FNDA:0,(anonymous_3)
FNDA:0,BlogPage
FNDA:0,(anonymous_5)
FNDA:0,(anonymous_6)
FNDA:0,(anonymous_7)
FNDA:0,(anonymous_8)
FNDA:0,(anonymous_9)
FNDA:0,(anonymous_10)
FNDA:0,(anonymous_11)
FNDA:0,(anonymous_12)
FNDA:0,(anonymous_13)
FNDA:0,(anonymous_14)
FNDA:0,(anonymous_15)
FNDA:0,(anonymous_16)
FNDA:0,(anonymous_17)
FNDA:0,(anonymous_18)
FNDA:0,(anonymous_19)
FNDA:0,(anonymous_20)
FNDA:0,(anonymous_21)
FNDA:0,(anonymous_22)
FNDA:0,(anonymous_23)
FNDA:0,(anonymous_24)
FNDA:0,(anonymous_25)
FNDA:0,(anonymous_26)
FNDA:0,(anonymous_27)
FNDA:0,(anonymous_28)
FNDA:0,(anonymous_29)
FNDA:0,(anonymous_30)
DA:3,0
DA:72,0
DA:73,0
DA:74,0
DA:81,0
DA:82,0
DA:92,0
DA:95,0
DA:96,0
DA:97,0
DA:98,0
DA:99,0
DA:100,0
DA:101,0
DA:102,0
DA:104,0
DA:105,0
DA:108,0
DA:109,0
DA:110,0
DA:111,0
DA:112,0
DA:115,0
DA:116,0
DA:117,0
DA:121,0
DA:122,0
DA:123,0
DA:125,0
DA:127,0
DA:128,0
DA:129,0
DA:132,0
DA:133,0
DA:135,0
DA:139,0
DA:140,0
DA:141,0
DA:142,0
DA:145,0
DA:154,0
DA:285,0
DA:292,0
DA:293,0
DA:295,0
DA:296,0
DA:297,0
DA:301,0
DA:304,0
DA:305,0
DA:306,0
DA:308,0
DA:311,0
DA:313,0
DA:324,0
DA:399,0
DA:439,0
DA:447,0
DA:455,0
DA:463,0
DA:478,0
DA:484,0
DA:489,0
DA:499,0
DA:526,0
DA:604,0
DA:606,0
DA:631,0
DA:634,0
DA:674,0
LF:70
LH:0
BRDA:92,0,0,0
BRDA:92,0,1,0
BRDA:116,1,0,0
BRDA:122,2,0,0
BRDA:128,3,0,0
BRDA:293,4,0,0
BRDA:293,4,1,0
BRDA:293,4,2,0
BRDA:296,5,0,0
BRDA:296,5,1,0
BRDA:297,6,0,0
BRDA:297,6,1,0
BRDA:297,6,2,0
BRDA:297,6,3,0
BRDA:297,6,4,0
BRDA:301,7,0,0
BRDA:301,7,1,0
BRDA:301,7,2,0
BRDA:305,8,0,0
BRDA:313,9,0,0
BRDA:357,10,0,0
BRDA:391,11,0,0
BRDA:391,11,1,0
BRDA:441,12,0,0
BRDA:441,12,1,0
BRDA:449,13,0,0
BRDA:449,13,1,0
BRDA:457,14,0,0
BRDA:457,14,1,0
BRDA:465,15,0,0
BRDA:465,15,1,0
BRDA:508,16,0,0
BRDA:543,17,0,0
BRDA:584,18,0,0
BRDA:589,19,0,0
BRDA:589,19,1,0
BRDA:608,20,0,0
BRDA:608,20,1,0
BRF:38
BRH:0
end_of_record
TN:
SF:app/[locale]/dashboard/budget/page.tsx
FN:48,BudgetManagementPage
FN:64,(anonymous_3)
FN:68,(anonymous_4)
FN:70,(anonymous_5)
FN:101,(anonymous_6)
FN:105,(anonymous_7)
FN:119,(anonymous_8)
FN:142,(anonymous_9)
FN:206,(anonymous_10)
FN:207,(anonymous_11)
FN:217,(anonymous_12)
FN:217,(anonymous_13)
FN:241,(anonymous_14)
FN:275,(anonymous_15)
FNF:14
FNH:0
FNDA:0,BudgetManagementPage
FNDA:0,(anonymous_3)
FNDA:0,(anonymous_4)
FNDA:0,(anonymous_5)
FNDA:0,(anonymous_6)
FNDA:0,(anonymous_7)
FNDA:0,(anonymous_8)
FNDA:0,(anonymous_9)
FNDA:0,(anonymous_10)
FNDA:0,(anonymous_11)
FNDA:0,(anonymous_12)
FNDA:0,(anonymous_13)
FNDA:0,(anonymous_14)
FNDA:0,(anonymous_15)
DA:3,0
DA:48,0
DA:49,0
DA:50,0
DA:51,0
DA:52,0
DA:53,0
DA:55,0
DA:64,0
DA:65,0
DA:68,0
DA:69,0
DA:70,0
DA:72,0
DA:81,0
DA:89,0
DA:98,0
DA:101,0
DA:102,0
DA:105,0
DA:106,0
DA:113,0
DA:119,0
DA:120,0
DA:126,0
DA:130,0
DA:142,0
DA:207,0
DA:217,0
DA:218,0
DA:242,0
DA:276,0
LF:32
LH:0
BRDA:130,0,0,0
BRDA:207,1,0,0
BRDA:207,1,1,0
BRDA:212,2,0,0
BRDA:222,3,0,0
BRDA:222,3,1,0
BRDA:231,4,0,0
BRDA:231,4,1,0
BRDA:231,5,0,0
BRDA:231,5,1,0
BRDA:247,6,0,0
BRDA:247,6,1,0
BRDA:248,7,0,0
BRDA:248,7,1,0
BRDA:249,8,0,0
BRDA:249,8,1,0
BRDA:258,9,0,0
BRDA:288,10,0,0
BRDA:288,10,1,0
BRDA:288,11,0,0
BRDA:288,11,1,0
BRDA:308,12,0,0
BRDA:316,13,0,0
BRF:23
BRH:0
end_of_record
TN:
SF:app/[locale]/dashboard/calendar/page.tsx
FN:6,CalendarPage
FN:34,(anonymous_3)
FNF:2
FNH:0
FNDA:0,CalendarPage
FNDA:0,(anonymous_3)
DA:3,0
DA:6,0
DA:7,0
DA:34,0
LF:4
LH:0
BRF:0
BRH:0
end_of_record
TN:
SF:app/[locale]/dashboard/client-portal/page.tsx
FN:188,ClientPortalPage
FN:192,(anonymous_6)
FN:209,(anonymous_7)
FN:215,(anonymous_8)
FN:216,(anonymous_9)
FN:217,(anonymous_10)
FN:310,(anonymous_11)
FN:319,(anonymous_12)
FN:396,(anonymous_13)
FN:462,(anonymous_14)
FN:464,(anonymous_15)
FNF:11
FNH:0
FNDA:0,ClientPortalPage
FNDA:0,(anonymous_6)
FNDA:0,(anonymous_7)
FNDA:0,(anonymous_8)
FNDA:0,(anonymous_9)
FNDA:0,(anonymous_10)
FNDA:0,(anonymous_11)
FNDA:0,(anonymous_12)
FNDA:0,(anonymous_13)
FNDA:0,(anonymous_14)
FNDA:0,(anonymous_15)
DA:3,0
DA:4,0
DA:5,0
DA:6,0
DA:7,0
DA:8,0
DA:9,0
DA:10,0
DA:44,0
DA:74,0
DA:132,0
DA:171,0
DA:181,0
DA:188,0
DA:189,0
DA:190,0
DA:192,0
DA:193,0
DA:199,0
DA:208,0
DA:210,0
DA:215,0
DA:216,0
DA:217,0
DA:310,0
DA:320,0
DA:397,0
DA:462,0
DA:465,0
LF:29
LH:0
BRDA:210,0,0,0
BRDA:210,0,1,0
BRDA:210,0,2,0
BRDA:329,1,0,0
BRDA:329,1,1,0
BRDA:330,2,0,0
BRDA:330,2,1,0
BRDA:348,3,0,0
BRDA:348,3,1,0
BRDA:358,4,0,0
BRF:10
BRH:0
end_of_record
TN:
SF:app/[locale]/dashboard/collaboration/page.tsx
FN:146,CollaborationPage
FN:151,(anonymous_6)
FN:164,(anonymous_7)
FN:179,(anonymous_8)
FN:192,(anonymous_9)
FN:232,(anonymous_10)
FN:250,(anonymous_11)
FN:262,(anonymous_12)
FN:273,(anonymous_13)
FN:284,(anonymous_14)
FN:295,(anonymous_15)
FN:324,(anonymous_16)
FN:327,(anonymous_17)
FN:367,(anonymous_18)
FN:385,(anonymous_19)
FN:388,(anonymous_20)
FN:398,(anonymous_21)
FN:407,(anonymous_22)
FN:436,(anonymous_23)
FN:468,(anonymous_24)
FN:473,(anonymous_25)
FN:522,(anonymous_26)
FN:536,(anonymous_27)
FN:575,(anonymous_28)
FN:585,(anonymous_29)
FN:591,(anonymous_30)
FN:591,(anonymous_31)
FN:603,(anonymous_32)
FNF:28
FNH:0
FNDA:0,CollaborationPage
FNDA:0,(anonymous_6)
FNDA:0,(anonymous_7)
FNDA:0,(anonymous_8)
FNDA:0,(anonymous_9)
FNDA:0,(anonymous_10)
FNDA:0,(anonymous_11)
FNDA:0,(anonymous_12)
FNDA:0,(anonymous_13)
FNDA:0,(anonymous_14)
FNDA:0,(anonymous_15)
FNDA:0,(anonymous_16)
FNDA:0,(anonymous_17)
FNDA:0,(anonymous_18)
FNDA:0,(anonymous_19)
FNDA:0,(anonymous_20)
FNDA:0,(anonymous_21)
FNDA:0,(anonymous_22)
FNDA:0,(anonymous_23)
FNDA:0,(anonymous_24)
FNDA:0,(anonymous_25)
FNDA:0,(anonymous_26)
FNDA:0,(anonymous_27)
FNDA:0,(anonymous_28)
FNDA:0,(anonymous_29)
FNDA:0,(anonymous_30)
FNDA:0,(anonymous_31)
FNDA:0,(anonymous_32)
DA:3,0
DA:82,0
DA:91,0
DA:99,0
DA:131,0
DA:138,0
DA:146,0
DA:147,0
DA:148,0
DA:149,0
DA:151,0
DA:152,0
DA:154,0
DA:156,0
DA:158,0
DA:160,0
DA:164,0
DA:165,0
DA:179,0
DA:180,0
DA:188,0
DA:192,0
DA:232,0
DA:250,0
DA:262,0
DA:273,0
DA:284,0
DA:295,0
DA:325,0
DA:327,0
DA:367,0
DA:386,0
DA:388,0
DA:399,0
DA:408,0
DA:436,0
DA:469,0
DA:473,0
DA:523,0
DA:537,0
DA:576,0
DA:585,0
DA:591,0
DA:592,0
DA:603,0
LF:45
LH:0
BRDA:152,0,0,0
BRDA:152,0,1,0
BRDA:152,0,2,0
BRDA:152,0,3,0
BRDA:180,1,0,0
BRDA:264,2,0,0
BRDA:264,2,1,0
BRDA:275,3,0,0
BRDA:275,3,1,0
BRDA:286,4,0,0
BRDA:286,4,1,0
BRDA:297,5,0,0
BRDA:297,5,1,0
BRDA:309,6,0,0
BRDA:329,7,0,0
BRDA:329,7,1,0
BRDA:336,8,0,0
BRDA:338,9,0,0
BRDA:344,10,0,0
BRDA:346,11,0,0
BRDA:346,11,1,0
BRDA:396,12,0,0
BRDA:396,12,1,0
BRDA:407,13,0,0
BRDA:407,13,1,0
BRDA:416,14,0,0
BRDA:450,15,0,0
BRDA:503,16,0,0
BRDA:561,17,0,0
BRDA:580,18,0,0
BRDA:580,18,1,0
BRDA:581,19,0,0
BRDA:581,19,1,0
BRDA:582,20,0,0
BRDA:582,20,1,0
BRF:35
BRH:0
end_of_record
TN:
SF:app/[locale]/dashboard/compliance/page.tsx
FN:106,CompliancePage
FN:111,(anonymous_3)
FN:112,(anonymous_4)
FN:113,(anonymous_5)
FN:114,(anonymous_6)
FN:115,(anonymous_7)
FN:125,(anonymous_8)
FN:129,(anonymous_9)
FN:256,(anonymous_10)
FN:257,(anonymous_11)
FN:258,(anonymous_12)
FN:274,(anonymous_13)
FN:307,(anonymous_14)
FN:363,(anonymous_15)
FN:421,(anonymous_16)
FNF:15
FNH:0
FNDA:0,CompliancePage
FNDA:0,(anonymous_3)
FNDA:0,(anonymous_4)
FNDA:0,(anonymous_5)
FNDA:0,(anonymous_6)
FNDA:0,(anonymous_7)
FNDA:0,(anonymous_8)
FNDA:0,(anonymous_9)
FNDA:0,(anonymous_10)
FNDA:0,(anonymous_11)
FNDA:0,(anonymous_12)
FNDA:0,(anonymous_13)
FNDA:0,(anonymous_14)
FNDA:0,(anonymous_15)
FNDA:0,(anonymous_16)
DA:3,0
DA:4,0
DA:5,0
DA:6,0
DA:7,0
DA:8,0
DA:52,0
DA:63,0
DA:71,0
DA:78,0
DA:85,0
DA:92,0
DA:99,0
DA:106,0
DA:107,0
DA:109,0
DA:111,0
DA:112,0
DA:113,0
DA:114,0
DA:116,0
DA:117,0
DA:118,0
DA:119,0
DA:123,0
DA:125,0
DA:126,0
DA:129,0
DA:130,0
DA:131,0
DA:132,0
DA:257,0
DA:258,0
DA:259,0
DA:261,0
DA:275,0
DA:308,0
DA:309,0
DA:311,0
DA:364,0
DA:422,0
LF:41
LH:0
BRDA:114,0,0,0
BRDA:114,0,1,0
BRDA:119,1,0,0
BRDA:119,1,1,0
BRDA:119,1,2,0
BRDA:176,2,0,0
BRDA:266,3,0,0
BRDA:266,3,1,0
BRDA:278,4,0,0
BRDA:280,5,0,0
BRDA:309,6,0,0
BRDA:309,6,1,0
BRDA:312,7,0,0
BRDA:312,7,1,0
BRDA:314,8,0,0
BRDA:314,8,1,0
BRDA:315,9,0,0
BRDA:315,9,1,0
BRDA:328,10,0,0
BRDA:329,11,0,0
BRDA:329,11,1,0
BRDA:330,12,0,0
BRDA:330,12,1,0
BRDA:333,13,0,0
BRDA:340,14,0,0
BRDA:367,15,0,0
BRDA:367,15,1,0
BRDA:368,16,0,0
BRDA:368,16,1,0
BRDA:372,17,0,0
BRDA:374,18,0,0
BRDA:388,19,0,0
BRDA:394,20,0,0
BRDA:429,21,0,0
BRF:34
BRH:0
end_of_record
TN:
SF:app/[locale]/dashboard/compliance/anaf-status/page.tsx
FN:39,AnafStatusPage
FN:99,(anonymous_3)
FNF:2
FNH:0
FNDA:0,AnafStatusPage
FNDA:0,(anonymous_3)
DA:15,0
DA:16,0
DA:28,0
DA:30,0
DA:31,0
DA:32,0
DA:33,0
DA:34,0
DA:35,0
DA:36,0
DA:37,0
DA:39,0
DA:40,0
DA:42,0
DA:100,0
LF:15
LH:0
BRF:0
BRH:0
end_of_record
TN:
SF:app/[locale]/dashboard/compliance/revisal/page.tsx
FN:53,RevisalPage
FN:75,(anonymous_3)
FN:79,(anonymous_4)
FN:112,(anonymous_5)
FN:133,(anonymous_6)
FN:161,(anonymous_7)
FN:194,(anonymous_8)
FN:206,(anonymous_9)
FN:234,(anonymous_10)
FN:323,(anonymous_11)
FN:333,(anonymous_12)
FN:343,(anonymous_13)
FN:352,(anonymous_14)
FN:361,(anonymous_15)
FN:370,(anonymous_16)
FN:392,(anonymous_17)
FN:472,(anonymous_18)
FN:500,(anonymous_19)
FNF:18
FNH:0
FNDA:0,RevisalPage
FNDA:0,(anonymous_3)
FNDA:0,(anonymous_4)
FNDA:0,(anonymous_5)
FNDA:0,(anonymous_6)
FNDA:0,(anonymous_7)
FNDA:0,(anonymous_8)
FNDA:0,(anonymous_9)
FNDA:0,(anonymous_10)
FNDA:0,(anonymous_11)
FNDA:0,(anonymous_12)
FNDA:0,(anonymous_13)
FNDA:0,(anonymous_14)
FNDA:0,(anonymous_15)
FNDA:0,(anonymous_16)
FNDA:0,(anonymous_17)
FNDA:0,(anonymous_18)
FNDA:0,(anonymous_19)
DA:3,0
DA:4,0
DA:5,0
DA:53,0
DA:54,0
DA:55,0
DA:57,0
DA:58,0
DA:59,0
DA:60,0
DA:61,0
DA:62,0
DA:63,0
DA:64,0
DA:65,0
DA:66,0
DA:75,0
DA:76,0
DA:79,0
DA:80,0
DA:81,0
DA:82,0
DA:83,0
DA:85,0
DA:91,0
DA:92,0
DA:93,0
DA:96,0
DA:97,0
DA:98,0
DA:101,0
DA:102,0
DA:103,0
DA:106,0
DA:108,0
DA:112,0
DA:113,0
DA:114,0
DA:115,0
DA:124,0
DA:125,0
DA:126,0
DA:129,0
DA:133,0
DA:134,0
DA:135,0
DA:136,0
DA:137,0
DA:146,0
DA:147,0
DA:148,0
DA:149,0
DA:151,0
DA:155,0
DA:157,0
DA:161,0
DA:162,0
DA:164,0
DA:165,0
DA:166,0
DA:167,0
DA:179,0
DA:180,0
DA:181,0
DA:182,0
DA:184,0
DA:187,0
DA:188,0
DA:190,0
DA:194,0
DA:195,0
DA:197,0
DA:198,0
DA:199,0
DA:200,0
DA:201,0
DA:202,0
DA:203,0
DA:206,0
DA:207,0
DA:213,0
DA:216,0
DA:234,0
DA:323,0
DA:333,0
DA:343,0
DA:352,0
DA:361,0
DA:370,0
DA:393,0
DA:473,0
DA:501,0
LF:92
LH:0
BRDA:91,0,0,0
BRDA:93,1,0,0
BRDA:93,1,1,0
BRDA:96,2,0,0
BRDA:101,3,0,0
BRDA:103,4,0,0
BRDA:103,4,1,0
BRDA:124,5,0,0
BRDA:146,6,0,0
BRDA:148,7,0,0
BRDA:148,7,1,0
BRDA:162,8,0,0
BRDA:179,9,0,0
BRDA:179,9,1,0
BRDA:195,10,0,0
BRDA:213,11,0,0
BRDA:213,11,1,0
BRDA:216,12,0,0
BRDA:259,13,0,0
BRDA:259,13,1,0
BRDA:266,14,0,0
BRDA:266,14,1,0
BRDA:267,15,0,0
BRDA:267,15,1,0
BRDA:271,16,0,0
BRDA:271,16,1,0
BRDA:284,17,0,0
BRDA:284,17,1,0
BRDA:294,18,0,0
BRDA:294,18,1,0
BRDA:296,19,0,0
BRDA:304,20,0,0
BRDA:304,20,1,0
BRDA:378,21,0,0
BRDA:379,22,0,0
BRDA:379,22,1,0
BRDA:382,23,0,0
BRDA:386,24,0,0
BRDA:386,24,1,0
BRDA:387,25,0,0
BRDA:387,25,1,0
BRDA:390,26,0,0
BRDA:414,27,0,0
BRDA:417,28,0,0
BRDA:431,29,0,0
BRDA:439,30,0,0
BRDA:475,31,0,0
BRDA:475,31,1,0
BRDA:493,32,0,0
BRDA:497,33,0,0
BRDA:497,33,1,0
BRDA:509,34,0,0
BRDA:509,34,1,0
BRDA:510,35,0,0
BRDA:510,35,1,0
BRF:55
BRH:0
end_of_record
TN:
SF:app/[locale]/dashboard/contracts/page.tsx
FN:333,ContractsPage
FN:344,(anonymous_3)
FN:345,(anonymous_4)
FN:346,(anonymous_5)
FN:347,(anonymous_6)
FN:348,(anonymous_7)
FN:355,(anonymous_8)
FN:359,(anonymous_9)
FN:361,(anonymous_10)
FN:362,(anonymous_11)
FN:363,(anonymous_12)
FN:367,(anonymous_13)
FN:369,(anonymous_14)
FN:370,(anonymous_15)
FN:372,(anonymous_16)
FN:374,(anonymous_17)
FN:375,(anonymous_18)
FN:377,(anonymous_19)
FN:377,(anonymous_20)
FN:379,(anonymous_21)
FN:381,(anonymous_22)
FN:382,(anonymous_23)
FN:395,(anonymous_24)
FN:405,(anonymous_25)
FN:414,(anonymous_26)
FN:419,(anonymous_27)
FN:423,(anonymous_28)
FN:432,(anonymous_29)
FN:436,(anonymous_30)
FN:441,(anonymous_31)
FN:446,(anonymous_32)
FN:450,(anonymous_33)
FN:454,(anonymous_34)
FN:460,(anonymous_35)
FN:464,(anonymous_36)
FN:468,(anonymous_37)
FN:472,(anonymous_38)
FN:476,(anonymous_39)
FN:481,(anonymous_40)
FN:503,(anonymous_41)
FN:504,(anonymous_42)
FN:505,(anonymous_43)
FN:509,(anonymous_44)
FN:510,(anonymous_45)
FN:538,(anonymous_46)
FN:544,(anonymous_47)
FN:549,(anonymous_48)
FN:727,(anonymous_49)
FN:729,(anonymous_50)
FN:777,(anonymous_51)
FN:802,(anonymous_52)
FN:812,(anonymous_53)
FN:823,(anonymous_54)
FN:844,(anonymous_55)
FN:907,(anonymous_56)
FN:910,(anonymous_57)
FN:913,(anonymous_58)
FN:942,(anonymous_59)
FN:982,(anonymous_60)
FN:986,(anonymous_61)
FN:990,(anonymous_62)
FN:1021,(anonymous_63)
FN:1032,(anonymous_64)
FN:1043,(anonymous_65)
FN:1052,(anonymous_66)
FN:1052,(anonymous_67)
FN:1067,(anonymous_68)
FN:1074,(anonymous_69)
FN:1081,(anonymous_70)
FNF:69
FNH:0
FNDA:0,ContractsPage
FNDA:0,(anonymous_3)
FNDA:0,(anonymous_4)
FNDA:0,(anonymous_5)
FNDA:0,(anonymous_6)
FNDA:0,(anonymous_7)
FNDA:0,(anonymous_8)
FNDA:0,(anonymous_9)
FNDA:0,(anonymous_10)
FNDA:0,(anonymous_11)
FNDA:0,(anonymous_12)
FNDA:0,(anonymous_13)
FNDA:0,(anonymous_14)
FNDA:0,(anonymous_15)
FNDA:0,(anonymous_16)
FNDA:0,(anonymous_17)
FNDA:0,(anonymous_18)
FNDA:0,(anonymous_19)
FNDA:0,(anonymous_20)
FNDA:0,(anonymous_21)
FNDA:0,(anonymous_22)
FNDA:0,(anonymous_23)
FNDA:0,(anonymous_24)
FNDA:0,(anonymous_25)
FNDA:0,(anonymous_26)
FNDA:0,(anonymous_27)
FNDA:0,(anonymous_28)
FNDA:0,(anonymous_29)
FNDA:0,(anonymous_30)
FNDA:0,(anonymous_31)
FNDA:0,(anonymous_32)
FNDA:0,(anonymous_33)
FNDA:0,(anonymous_34)
FNDA:0,(anonymous_35)
FNDA:0,(anonymous_36)
FNDA:0,(anonymous_37)
FNDA:0,(anonymous_38)
FNDA:0,(anonymous_39)
FNDA:0,(anonymous_40)
FNDA:0,(anonymous_41)
FNDA:0,(anonymous_42)
FNDA:0,(anonymous_43)
FNDA:0,(anonymous_44)
FNDA:0,(anonymous_45)
FNDA:0,(anonymous_46)
FNDA:0,(anonymous_47)
FNDA:0,(anonymous_48)
FNDA:0,(anonymous_49)
FNDA:0,(anonymous_50)
FNDA:0,(anonymous_51)
FNDA:0,(anonymous_52)
FNDA:0,(anonymous_53)
FNDA:0,(anonymous_54)
FNDA:0,(anonymous_55)
FNDA:0,(anonymous_56)
FNDA:0,(anonymous_57)
FNDA:0,(anonymous_58)
FNDA:0,(anonymous_59)
FNDA:0,(anonymous_60)
FNDA:0,(anonymous_61)
FNDA:0,(anonymous_62)
FNDA:0,(anonymous_63)
FNDA:0,(anonymous_64)
FNDA:0,(anonymous_65)
FNDA:0,(anonymous_66)
FNDA:0,(anonymous_67)
FNDA:0,(anonymous_68)
FNDA:0,(anonymous_69)
FNDA:0,(anonymous_70)
DA:3,0
DA:4,0
DA:5,0
DA:6,0
DA:7,0
DA:8,0
DA:9,0
DA:10,0
DA:11,0
DA:58,0
DA:99,0
DA:242,0
DA:289,0
DA:291,0
DA:300,0
DA:309,0
DA:318,0
DA:326,0
DA:333,0
DA:334,0
DA:335,0
DA:336,0
DA:337,0
DA:338,0
DA:339,0
DA:342,0
DA:344,0
DA:345,0
DA:346,0
DA:347,0
DA:349,0
DA:350,0
DA:351,0
DA:352,0
DA:353,0
DA:356,0
DA:357,0
DA:359,0
DA:361,0
DA:362,0
DA:363,0
DA:367,0
DA:369,0
DA:370,0
DA:372,0
DA:374,0
DA:375,0
DA:377,0
DA:379,0
DA:381,0
DA:382,0
DA:385,0
DA:395,0
DA:396,0
DA:400,0
DA:401,0
DA:402,0
DA:405,0
DA:406,0
DA:414,0
DA:415,0
DA:419,0
DA:420,0
DA:421,0
DA:422,0
DA:423,0
DA:424,0
DA:425,0
DA:426,0
DA:429,0
DA:432,0
DA:433,0
DA:436,0
DA:437,0
DA:441,0
DA:442,0
DA:446,0
DA:447,0
DA:450,0
DA:451,0
DA:454,0
DA:456,0
DA:460,0
DA:461,0
DA:464,0
DA:465,0
DA:468,0
DA:469,0
DA:472,0
DA:473,0
DA:476,0
DA:477,0
DA:481,0
DA:482,0
DA:483,0
DA:484,0
DA:492,0
DA:493,0
DA:495,0
DA:498,0
DA:499,0
DA:503,0
DA:504,0
DA:505,0
DA:506,0
DA:509,0
DA:510,0
DA:511,0
DA:512,0
DA:513,0
DA:516,0
DA:517,0
DA:518,0
DA:526,0
DA:527,0
DA:529,0
DA:532,0
DA:533,0
DA:538,0
DA:539,0
DA:540,0
DA:541,0
DA:544,0
DA:545,0
DA:546,0
DA:549,0
DA:550,0
DA:727,0
DA:730,0
DA:777,0
DA:802,0
DA:813,0
DA:824,0
DA:845,0
DA:907,0
DA:910,0
DA:913,0
DA:943,0
DA:982,0
DA:986,0
DA:990,0
DA:1021,0
DA:1032,0
DA:1043,0
DA:1052,0
DA:1053,0
DA:1067,0
DA:1074,0
DA:1081,0
LF:149
LH:0
BRDA:349,0,0,0
BRDA:353,1,0,0
BRDA:353,1,1,0
BRDA:353,1,2,0
BRDA:356,2,0,0
BRDA:356,3,0,0
BRDA:356,3,1,0
BRDA:359,4,0,0
BRDA:359,4,1,0
BRDA:363,5,0,0
BRDA:363,5,1,0
BRDA:374,6,0,0
BRDA:374,6,1,0
BRDA:379,7,0,0
BRDA:379,7,1,0
BRDA:381,8,0,0
BRDA:381,8,1,0
BRDA:396,9,0,0
BRDA:396,9,1,0
BRDA:396,9,2,0
BRDA:396,9,3,0
BRDA:400,10,0,0
BRDA:400,10,1,0
BRDA:401,11,0,0
BRDA:401,11,1,0
BRDA:402,12,0,0
BRDA:402,12,1,0
BRDA:402,12,2,0
BRDA:425,13,0,0
BRDA:492,14,0,0
BRDA:492,14,1,0
BRDA:510,15,0,0
BRDA:510,15,1,0
BRDA:511,16,0,0
BRDA:526,17,0,0
BRDA:526,17,1,0
BRDA:625,18,0,0
BRDA:625,18,1,0
BRDA:658,19,0,0
BRDA:658,19,1,0
BRDA:658,19,2,0
BRDA:660,20,0,0
BRDA:675,21,0,0
BRDA:690,22,0,0
BRDA:778,23,0,0
BRDA:778,23,1,0
BRDA:779,24,0,0
BRDA:779,24,1,0
BRDA:872,25,0,0
BRDA:872,25,1,0
BRDA:876,26,0,0
BRDA:881,27,0,0
BRDA:881,27,1,0
BRDA:887,28,0,0
BRDA:887,28,1,0
BRDA:949,29,0,0
BRDA:949,29,1,0
BRDA:950,30,0,0
BRDA:950,30,1,0
BRDA:951,31,0,0
BRDA:951,31,1,0
BRDA:955,32,0,0
BRDA:955,32,1,0
BRDA:956,33,0,0
BRDA:956,33,1,0
BRDA:957,34,0,0
BRDA:957,34,1,0
BRDA:976,35,0,0
BRDA:976,35,1,0
BRDA:977,36,0,0
BRDA:977,36,1,0
BRDA:978,37,0,0
BRDA:978,37,1,0
BRDA:980,38,0,0
BRDA:980,38,1,0
BRDA:1032,39,0,0
BRDA:1032,39,1,0
BRDA:1052,40,0,0
BRDA:1052,40,1,0
BRDA:1074,41,0,0
BRDA:1074,42,0,0
BRDA:1074,42,1,0
BRDA:1081,43,0,0
BRDA:1081,44,0,0
BRDA:1081,44,1,0
BRF:85
BRH:0
end_of_record
TN:
SF:app/[locale]/dashboard/contracts/amendments/new/page.tsx
FN:6,ComingSoonPage
FN:25,(anonymous_3)
FNF:2
FNH:0
FNDA:0,ComingSoonPage
FNDA:0,(anonymous_3)
DA:3,0
DA:6,0
DA:7,0
DA:25,0
LF:4
LH:0
BRF:0
BRH:0
end_of_record
TN:
SF:app/[locale]/dashboard/contracts/new/page.tsx
FN:73,NewContractPage
FN:104,(anonymous_3)
FN:105,(anonymous_4)
FN:122,(anonymous_5)
FN:124,(anonymous_6)
FN:127,(anonymous_7)
FN:128,(anonymous_8)
FN:128,(anonymous_9)
FN:131,(anonymous_10)
FN:140,(anonymous_11)
FN:143,(anonymous_12)
FN:157,(anonymous_13)
FN:172,(anonymous_14)
FN:191,(anonymous_15)
FN:254,(anonymous_16)
FN:273,(anonymous_17)
FN:327,(anonymous_18)
FN:378,(anonymous_19)
FN:394,(anonymous_20)
FN:460,(anonymous_21)
FN:474,(anonymous_22)
FN:502,(anonymous_23)
FNF:22
FNH:0
FNDA:0,NewContractPage
FNDA:0,(anonymous_3)
FNDA:0,(anonymous_4)
FNDA:0,(anonymous_5)
FNDA:0,(anonymous_6)
FNDA:0,(anonymous_7)
FNDA:0,(anonymous_8)
FNDA:0,(anonymous_9)
FNDA:0,(anonymous_10)
FNDA:0,(anonymous_11)
FNDA:0,(anonymous_12)
FNDA:0,(anonymous_13)
FNDA:0,(anonymous_14)
FNDA:0,(anonymous_15)
FNDA:0,(anonymous_16)
FNDA:0,(anonymous_17)
FNDA:0,(anonymous_18)
FNDA:0,(anonymous_19)
FNDA:0,(anonymous_20)
FNDA:0,(anonymous_21)
FNDA:0,(anonymous_22)
FNDA:0,(anonymous_23)
DA:3,0
DA:4,0
DA:5,0
DA:44,0
DA:55,0
DA:66,0
DA:73,0
DA:74,0
DA:75,0
DA:76,0
DA:77,0
DA:78,0
DA:79,0
DA:87,0
DA:99,0
DA:100,0
DA:101,0
DA:104,0
DA:105,0
DA:106,0
DA:107,0
DA:108,0
DA:111,0
DA:112,0
DA:113,0
DA:116,0
DA:119,0
DA:122,0
DA:123,0
DA:124,0
DA:127,0
DA:128,0
DA:131,0
DA:132,0
DA:133,0
DA:135,0
DA:136,0
DA:139,0
DA:140,0
DA:141,0
DA:143,0
DA:144,0
DA:147,0
DA:155,0
DA:156,0
DA:157,0
DA:158,0
DA:161,0
DA:162,0
DA:165,0
DA:167,0
DA:172,0
DA:173,0
DA:174,0
DA:175,0
DA:176,0
DA:177,0
DA:178,0
DA:179,0
DA:181,0
DA:182,0
DA:183,0
DA:191,0
DA:255,0
DA:274,0
DA:328,0
DA:379,0
DA:395,0
DA:461,0
DA:474,0
DA:502,0
LF:71
LH:0
BRDA:111,0,0,0
BRDA:113,1,0,0
BRDA:113,1,1,0
BRDA:113,2,0,0
BRDA:113,2,1,0
BRDA:123,3,0,0
BRDA:123,3,1,0
BRDA:155,4,0,0
BRDA:155,4,1,0
BRDA:162,5,0,0
BRDA:162,5,1,0
BRDA:173,6,0,0
BRDA:173,7,0,0
BRDA:173,7,1,0
BRDA:181,8,0,0
BRDA:181,9,0,0
BRDA:181,9,1,0
BRDA:182,10,0,0
BRDA:203,11,0,0
BRDA:211,12,0,0
BRDA:237,13,0,0
BRDA:260,14,0,0
BRDA:314,15,0,0
BRDA:328,16,0,0
BRDA:328,16,1,0
BRDA:328,16,2,0
BRDA:333,17,0,0
BRDA:343,18,0,0
BRDA:343,18,1,0
BRDA:365,19,0,0
BRDA:419,20,0,0
BRDA:458,21,0,0
BRDA:513,22,0,0
BRF:33
BRH:0
end_of_record
TN:
SF:app/[locale]/dashboard/courier-payments/page.tsx
FN:100,CourierPaymentsPage
FN:123,(anonymous_3)
FN:127,(anonymous_4)
FN:146,(anonymous_5)
FN:165,(anonymous_6)
FN:184,(anonymous_7)
FN:213,(anonymous_8)
FN:222,(anonymous_9)
FN:258,(anonymous_10)
FN:261,(anonymous_11)
FN:287,(anonymous_12)
FN:363,(anonymous_13)
FN:403,(anonymous_14)
FN:418,(anonymous_15)
FN:427,(anonymous_16)
FN:525,(anonymous_17)
FN:534,(anonymous_18)
FN:582,(anonymous_19)
FN:644,(anonymous_20)
FN:656,(anonymous_21)
FN:665,(anonymous_22)
FN:675,(anonymous_23)
FNF:22
FNH:0
FNDA:0,CourierPaymentsPage
FNDA:0,(anonymous_3)
FNDA:0,(anonymous_4)
FNDA:0,(anonymous_5)
FNDA:0,(anonymous_6)
FNDA:0,(anonymous_7)
FNDA:0,(anonymous_8)
FNDA:0,(anonymous_9)
FNDA:0,(anonymous_10)
FNDA:0,(anonymous_11)
FNDA:0,(anonymous_12)
FNDA:0,(anonymous_13)
FNDA:0,(anonymous_14)
FNDA:0,(anonymous_15)
FNDA:0,(anonymous_16)
FNDA:0,(anonymous_17)
FNDA:0,(anonymous_18)
FNDA:0,(anonymous_19)
FNDA:0,(anonymous_20)
FNDA:0,(anonymous_21)
FNDA:0,(anonymous_22)
FNDA:0,(anonymous_23)
DA:3,0
DA:4,0
DA:100,0
DA:101,0
DA:102,0
DA:103,0
DA:104,0
DA:105,0
DA:109,0
DA:115,0
DA:116,0
DA:117,0
DA:118,0
DA:119,0
DA:121,0
DA:123,0
DA:124,0
DA:127,0
DA:128,0
DA:129,0
DA:130,0
DA:131,0
DA:135,0
DA:136,0
DA:137,0
DA:140,0
DA:142,0
DA:146,0
DA:147,0
DA:148,0
DA:149,0
DA:150,0
DA:154,0
DA:155,0
DA:156,0
DA:159,0
DA:161,0
DA:165,0
DA:166,0
DA:167,0
DA:168,0
DA:169,0
DA:173,0
DA:174,0
DA:175,0
DA:178,0
DA:180,0
DA:184,0
DA:185,0
DA:186,0
DA:187,0
DA:188,0
DA:189,0
DA:202,0
DA:203,0
DA:204,0
DA:207,0
DA:209,0
DA:213,0
DA:214,0
DA:215,0
DA:216,0
DA:217,0
DA:218,0
DA:222,0
DA:223,0
DA:259,0
DA:262,0
DA:263,0
DA:288,0
DA:289,0
DA:364,0
DA:403,0
DA:418,0
DA:427,0
DA:525,0
DA:534,0
DA:583,0
DA:644,0
DA:656,0
DA:665,0
DA:675,0
LF:82
LH:0
BRDA:121,0,0,0
BRDA:121,0,1,0
BRDA:135,1,0,0
BRDA:154,2,0,0
BRDA:173,3,0,0
BRDA:185,4,0,0
BRDA:202,5,0,0
BRDA:214,6,0,0
BRDA:214,6,1,0
BRDA:214,6,2,0
BRDA:214,6,3,0
BRDA:222,7,0,0
BRDA:235,8,0,0
BRDA:235,8,1,0
BRDA:238,9,0,0
BRDA:238,9,1,0
BRDA:246,10,0,0
BRDA:246,10,1,0
BRDA:254,11,0,0
BRDA:254,11,1,0
BRDA:255,12,0,0
BRDA:255,12,1,0
BRDA:256,13,0,0
BRDA:256,13,1,0
BRDA:257,14,0,0
BRDA:257,14,1,0
BRDA:263,15,0,0
BRDA:266,16,0,0
BRDA:266,16,1,0
BRDA:279,17,0,0
BRDA:283,18,0,0
BRDA:283,18,1,0
BRDA:296,19,0,0
BRDA:300,20,0,0
BRDA:307,21,0,0
BRDA:307,21,1,0
BRDA:316,22,0,0
BRDA:316,22,1,0
BRDA:327,23,0,0
BRDA:327,23,1,0
BRDA:338,24,0,0
BRDA:338,24,1,0
BRDA:349,25,0,0
BRDA:349,25,1,0
BRDA:354,26,0,0
BRDA:354,26,1,0
BRDA:355,27,0,0
BRDA:355,27,1,0
BRDA:356,28,0,0
BRDA:356,28,1,0
BRDA:357,29,0,0
BRDA:357,29,1,0
BRDA:358,30,0,0
BRDA:358,30,1,0
BRDA:359,31,0,0
BRDA:359,31,1,0
BRDA:386,32,0,0
BRDA:386,32,1,0
BRDA:393,33,0,0
BRDA:397,34,0,0
BRDA:397,34,1,0
BRDA:400,35,0,0
BRDA:400,35,1,0
BRDA:414,36,0,0
BRDA:414,36,1,0
BRDA:423,37,0,0
BRDA:423,37,1,0
BRDA:438,38,0,0
BRDA:442,39,0,0
BRDA:442,39,1,0
BRDA:451,40,0,0
BRDA:454,41,0,0
BRDA:454,41,1,0
BRDA:463,42,0,0
BRDA:463,42,1,0
BRDA:468,43,0,0
BRDA:468,43,1,0
BRDA:473,44,0,0
BRDA:473,44,1,0
BRDA:478,45,0,0
BRDA:478,45,1,0
BRDA:483,46,0,0
BRDA:483,46,1,0
BRDA:488,47,0,0
BRDA:488,47,1,0
BRDA:497,48,0,0
BRDA:497,48,1,0
BRDA:501,49,0,0
BRDA:501,49,1,0
BRDA:505,50,0,0
BRDA:505,50,1,0
BRDA:515,51,0,0
BRDA:521,52,0,0
BRDA:521,52,1,0
BRDA:530,53,0,0
BRDA:530,53,1,0
BRDA:544,54,0,0
BRDA:544,54,1,0
BRDA:544,55,0,0
BRDA:544,55,1,0
BRDA:551,56,0,0
BRDA:555,57,0,0
BRDA:555,57,1,0
BRDA:559,58,0,0
BRDA:559,58,1,0
BRDA:563,59,0,0
BRDA:563,59,1,0
BRDA:567,60,0,0
BRDA:567,60,1,0
BRDA:571,61,0,0
BRDA:571,61,1,0
BRDA:579,62,0,0
BRDA:579,62,1,0
BRDA:592,63,0,0
BRDA:592,63,1,0
BRDA:592,64,0,0
BRDA:592,64,1,0
BRDA:599,65,0,0
BRDA:599,65,1,0
BRDA:599,66,0,0
BRDA:599,66,1,0
BRDA:605,67,0,0
BRDA:605,67,1,0
BRDA:609,68,0,0
BRDA:609,68,1,0
BRDA:613,69,0,0
BRDA:613,69,1,0
BRDA:625,70,0,0
BRDA:625,70,1,0
BRDA:632,71,0,0
BRDA:635,72,0,0
BRDA:635,72,1,0
BRDA:637,73,0,0
BRDA:637,73,1,0
BRDA:641,74,0,0
BRDA:641,74,1,0
BRDA:652,75,0,0
BRDA:652,75,1,0
BRDA:661,76,0,0
BRDA:661,76,1,0
BRDA:670,77,0,0
BRDA:670,77,1,0
BRDA:683,78,0,0
BRDA:683,78,1,0
BRDA:686,79,0,0
BRDA:689,80,0,0
BRDA:689,80,1,0
BRDA:697,81,0,0
BRDA:700,82,0,0
BRDA:700,82,1,0
BRDA:702,83,0,0
BRDA:702,83,1,0
BRDA:702,83,2,0
BRDA:703,84,0,0
BRDA:703,84,1,0
BRDA:703,84,2,0
BRDA:704,85,0,0
BRDA:704,85,1,0
BRDA:704,85,2,0
BRDA:710,86,0,0
BRDA:710,86,1,0
BRDA:714,87,0,0
BRDA:714,87,1,0
BRDA:718,88,0,0
BRDA:718,88,1,0
BRDA:720,89,0,0
BRDA:720,89,1,0
BRDA:722,90,0,0
BRDA:722,90,1,0
BRDA:725,91,0,0
BRDA:737,92,0,0
BRDA:737,92,1,0
BRDA:740,93,0,0
BRDA:740,93,1,0
BRF:174
BRH:0
end_of_record
TN:
SF:app/[locale]/dashboard/crm/page.tsx
FN:66,CRMPage
FN:82,(anonymous_3)
FN:86,(anonymous_4)
FN:186,(anonymous_5)
FN:222,(anonymous_6)
FN:285,(anonymous_7)
FN:324,(anonymous_8)
FN:332,(anonymous_9)
FN:337,(anonymous_10)
FN:361,(anonymous_11)
FN:384,(anonymous_12)
FN:402,(anonymous_13)
FN:406,(anonymous_14)
FN:410,(anonymous_15)
FN:414,(anonymous_16)
FN:418,(anonymous_17)
FN:422,(anonymous_18)
FN:426,(anonymous_19)
FN:434,(anonymous_20)
FN:453,(anonymous_21)
FN:457,(anonymous_22)
FN:462,(anonymous_23)
FN:470,(anonymous_24)
FN:474,(anonymous_25)
FN:478,(anonymous_26)
FN:498,(anonymous_27)
FN:516,(anonymous_28)
FN:520,(anonymous_29)
FN:525,(anonymous_30)
FN:531,(anonymous_31)
FN:537,(anonymous_32)
FN:549,(anonymous_33)
FN:550,(anonymous_34)
FN:553,(anonymous_35)
FN:554,(anonymous_36)
FN:569,(anonymous_37)
FN:621,(anonymous_38)
FN:633,(anonymous_39)
FN:645,(anonymous_40)
FN:657,(anonymous_41)
FN:675,(anonymous_42)
FN:686,(anonymous_43)
FN:697,(anonymous_44)
FN:721,(anonymous_45)
FN:734,(anonymous_46)
FN:737,(anonymous_47)
FN:763,(anonymous_48)
FN:770,(anonymous_49)
FN:777,(anonymous_50)
FN:784,(anonymous_51)
FN:810,(anonymous_52)
FN:845,(anonymous_53)
FN:851,(anonymous_54)
FN:886,(anonymous_55)
FN:889,(anonymous_56)
FN:892,(anonymous_57)
FN:895,(anonymous_58)
FN:913,(anonymous_59)
FN:923,(anonymous_60)
FN:930,(anonymous_61)
FN:933,(anonymous_62)
FN:940,(anonymous_63)
FN:959,(anonymous_64)
FN:999,(anonymous_65)
FN:1003,(anonymous_66)
FNF:65
FNH:1
FNDA:31,CRMPage
FNDA:0,(anonymous_3)
FNDA:0,(anonymous_4)
FNDA:0,(anonymous_5)
FNDA:0,(anonymous_6)
FNDA:0,(anonymous_7)
FNDA:0,(anonymous_8)
FNDA:0,(anonymous_9)
FNDA:0,(anonymous_10)
FNDA:0,(anonymous_11)
FNDA:0,(anonymous_12)
FNDA:0,(anonymous_13)
FNDA:0,(anonymous_14)
FNDA:0,(anonymous_15)
FNDA:0,(anonymous_16)
FNDA:0,(anonymous_17)
FNDA:0,(anonymous_18)
FNDA:0,(anonymous_19)
FNDA:0,(anonymous_20)
FNDA:0,(anonymous_21)
FNDA:0,(anonymous_22)
FNDA:0,(anonymous_23)
FNDA:0,(anonymous_24)
FNDA:0,(anonymous_25)
FNDA:0,(anonymous_26)
FNDA:0,(anonymous_27)
FNDA:0,(anonymous_28)
FNDA:0,(anonymous_29)
FNDA:0,(anonymous_30)
FNDA:0,(anonymous_31)
FNDA:0,(anonymous_32)
FNDA:0,(anonymous_33)
FNDA:0,(anonymous_34)
FNDA:0,(anonymous_35)
FNDA:0,(anonymous_36)
FNDA:0,(anonymous_37)
FNDA:0,(anonymous_38)
FNDA:0,(anonymous_39)
FNDA:0,(anonymous_40)
FNDA:0,(anonymous_41)
FNDA:0,(anonymous_42)
FNDA:0,(anonymous_43)
FNDA:0,(anonymous_44)
FNDA:0,(anonymous_45)
FNDA:0,(anonymous_46)
FNDA:0,(anonymous_47)
FNDA:0,(anonymous_48)
FNDA:0,(anonymous_49)
FNDA:0,(anonymous_50)
FNDA:0,(anonymous_51)
FNDA:0,(anonymous_52)
FNDA:0,(anonymous_53)
FNDA:0,(anonymous_54)
FNDA:0,(anonymous_55)
FNDA:0,(anonymous_56)
FNDA:0,(anonymous_57)
FNDA:0,(anonymous_58)
FNDA:0,(anonymous_59)
FNDA:0,(anonymous_60)
FNDA:0,(anonymous_61)
FNDA:0,(anonymous_62)
FNDA:0,(anonymous_63)
FNDA:0,(anonymous_64)
FNDA:0,(anonymous_65)
FNDA:0,(anonymous_66)
DA:3,1
DA:4,1
DA:5,1
DA:6,1
DA:15,1
DA:66,15
DA:67,31
DA:68,31
DA:69,31
DA:70,31
DA:71,30
DA:72,30
DA:73,30
DA:74,30
DA:75,30
DA:76,30
DA:77,30
DA:78,30
DA:79,30
DA:82,30
DA:83,0
DA:86,30
DA:87,0
DA:88,0
DA:89,0
DA:90,0
DA:91,0
DA:97,0
DA:98,0
DA:99,0
DA:100,0
DA:101,0
DA:102,0
DA:103,0
DA:104,0
DA:105,0
DA:108,0
DA:111,0
DA:112,0
DA:114,0
DA:115,0
DA:116,0
DA:117,0
DA:118,0
DA:119,0
DA:120,0
DA:121,0
DA:122,0
DA:125,0
DA:128,0
DA:129,0
DA:131,0
DA:132,0
DA:133,0
DA:134,0
[...]
BRDA:85,16,0,0
BRDA:85,16,1,0
BRDA:90,17,0,0
BRDA:98,18,0,0
BRDA:104,19,0,0
BRDA:109,20,0,0
BRDA:110,21,0,0
BRDA:110,21,1,0
BRF:32
BRH:0
end_of_record
TN:
SF:lib/api/simulation.ts
FN:199,getScenarios
FN:207,getWhatIfPresets
FN:215,getIndustryScenarios
FN:223,startGame
FN:240,getUserGames
FN:248,getGameDetails
FN:257,deleteGame
FN:267,advanceMonth
FN:278,makeDecision
FN:294,getAvailableDecisions
FN:302,getPendingEvents
FN:310,respondToEvent
FN:329,pauseGame
FN:339,resumeGame
FN:349,endGame
FN:368,getLeaderboard
FN:378,getUserStats
FN:387,getMarketData
FNF:18
FNH:0
FNDA:0,getScenarios
FNDA:0,getWhatIfPresets
FNDA:0,getIndustryScenarios
FNDA:0,startGame
FNDA:0,getUserGames
FNDA:0,getGameDetails
FNDA:0,deleteGame
FNDA:0,advanceMonth
FNDA:0,makeDecision
FNDA:0,getAvailableDecisions
FNDA:0,getPendingEvents
FNDA:0,respondToEvent
FNDA:0,pauseGame
FNDA:0,resumeGame
FNDA:0,endGame
FNDA:0,getLeaderboard
FNDA:0,getUserStats
FNDA:0,getMarketData
DA:6,0
DA:199,0
DA:200,0
DA:201,0
DA:207,0
DA:208,0
DA:209,0
DA:215,0
DA:216,0
DA:217,0
DA:223,0
DA:229,0
DA:233,0
DA:234,0
DA:240,0
DA:241,0
DA:242,0
DA:248,0
DA:249,0
DA:250,0
DA:251,0
DA:257,0
DA:258,0
DA:261,0
DA:267,0
DA:268,0
DA:271,0
DA:272,0
DA:278,0
DA:283,0
DA:287,0
DA:288,0
DA:294,0
DA:295,0
DA:296,0
DA:302,0
DA:303,0
DA:304,0
DA:310,0
DA:315,0
DA:322,0
DA:323,0
DA:329,0
DA:330,0
DA:333,0
DA:339,0
DA:340,0
DA:343,0
DA:349,0
DA:354,0
DA:361,0
DA:362,0
DA:368,0
DA:369,0
DA:372,0
DA:378,0
DA:379,0
DA:380,0
DA:381,0
DA:387,0
DA:396,0
DA:397,0
LF:62
LH:0
BRDA:201,0,0,0
BRDA:201,0,1,0
BRDA:209,1,0,0
BRDA:209,1,1,0
BRDA:217,2,0,0
BRDA:217,2,1,0
BRDA:233,3,0,0
BRDA:242,4,0,0
BRDA:242,4,1,0
BRDA:250,5,0,0
BRDA:261,6,0,0
BRDA:271,7,0,0
BRDA:287,8,0,0
BRDA:296,9,0,0
BRDA:296,9,1,0
BRDA:304,10,0,0
BRDA:304,10,1,0
BRDA:322,11,0,0
BRDA:333,12,0,0
BRDA:343,13,0,0
BRDA:361,14,0,0
BRDA:368,15,0,0
BRDA:372,16,0,0
BRDA:372,16,1,0
BRDA:380,17,0,0
BRF:25
BRH:0
end_of_record
TN:
SF:lib/api/utils.ts
FN:22,(anonymous_10)
FN:36,withTimeout
FN:43,(anonymous_12)
FN:44,(anonymous_13)
FN:64,withRetry
FN:77,(anonymous_15)
FN:93,(anonymous_16)
FN:103,handleApiResponse
FN:168,createApiClient
FN:170,(anonymous_19)
FN:181,(anonymous_20)
FN:201,(anonymous_21)
FN:221,(anonymous_22)
FNF:13
FNH:0
FNDA:0,(anonymous_10)
FNDA:0,withTimeout
FNDA:0,(anonymous_12)
FNDA:0,(anonymous_13)
FNDA:0,withRetry
FNDA:0,(anonymous_15)
FNDA:0,(anonymous_16)
FNDA:0,handleApiResponse
FNDA:0,createApiClient
FNDA:0,(anonymous_19)
FNDA:0,(anonymous_20)
FNDA:0,(anonymous_21)
FNDA:0,(anonymous_22)
DA:1,0
DA:9,0
DA:21,0
DA:28,0
DA:29,0
DA:36,0
DA:43,0
DA:44,0
DA:45,0
DA:46,0
DA:47,0
DA:51,0
DA:52,0
DA:53,0
DA:54,0
DA:56,0
DA:57,0
DA:64,0
DA:77,0
DA:78,0
DA:82,0
DA:83,0
DA:84,0
DA:86,0
DA:88,0
DA:89,0
DA:92,0
DA:93,0
DA:97,0
DA:103,0
DA:104,0
DA:105,0
DA:106,0
DA:107,0
DA:109,0
DA:115,0
DA:117,0
DA:118,0
DA:119,0
DA:121,0
DA:122,0
DA:123,0
DA:125,0
DA:126,0
DA:127,0
DA:129,0
DA:130,0
DA:131,0
DA:133,0
DA:134,0
DA:135,0
DA:137,0
DA:138,0
DA:139,0
DA:141,0
DA:142,0
DA:148,0
DA:149,0
DA:150,0
DA:151,0
DA:157,0
DA:158,0
DA:162,0
DA:168,0
DA:169,0
DA:171,0
DA:178,0
DA:186,0
DA:198,0
DA:206,0
DA:218,0
DA:222,0
DA:229,0
DA:234,0
LF:74
LH:0
BRDA:38,0,0,0
BRDA:39,1,0,0
BRDA:66,2,0,0
BRDA:74,3,0,0
BRDA:75,4,0,0
BRDA:76,5,0,0
BRDA:77,6,0,0
BRDA:77,7,0,0
BRDA:77,7,1,0
BRDA:88,8,0,0
BRDA:88,9,0,0
BRDA:88,9,1,0
BRDA:104,10,0,0
BRDA:106,11,0,0
BRDA:115,12,0,0
BRDA:115,12,1,0
BRDA:115,12,2,0
BRDA:115,12,3,0
BRDA:115,12,4,0
BRDA:115,12,5,0
BRDA:137,13,0,0
BRDA:137,13,1,0
BRDA:150,14,0,0
BRDA:168,15,0,0
BRDA:170,16,0,0
BRDA:184,17,0,0
BRDA:204,18,0,0
BRDA:221,19,0,0
BRF:28
BRH:0
end_of_record
TN:
SF:lib/config/vat.ts
FN:93,getVatRates
FN:103,getVatRate
FN:115,calculateVat
FN:131,calculateGrossAmount
FN:147,extractNetAmount
FN:161,isNewVatRatesActive
FN:170,getVatRateOptions
FN:172,(anonymous_22)
FN:185,formatVatRate
FN:194,getVatChangeWarning
FNF:10
FNH:0
FNDA:0,getVatRates
FNDA:0,getVatRate
FNDA:0,calculateVat
FNDA:0,calculateGrossAmount
FNDA:0,extractNetAmount
FNDA:0,isNewVatRatesActive
FNDA:0,getVatRateOptions
FNDA:0,(anonymous_22)
FNDA:0,formatVatRate
FNDA:0,getVatChangeWarning
DA:13,0
DA:30,0
DA:70,0
DA:93,0
DA:94,0
DA:103,0
DA:104,0
DA:105,0
DA:115,0
DA:120,0
DA:121,0
DA:131,0
DA:136,0
DA:137,0
DA:147,0
DA:152,0
DA:153,0
DA:161,0
DA:162,0
DA:170,0
DA:171,0
DA:172,0
DA:185,0
DA:186,0
DA:187,0
DA:194,0
DA:195,0
DA:196,0
DA:200,0
DA:201,0
DA:204,0
DA:205,0
DA:208,0
DA:209,0
DA:212,0
DA:216,0
DA:219,0
LF:37
LH:0
BRDA:93,0,0,0
BRDA:94,1,0,0
BRDA:94,1,1,0
BRDA:103,2,0,0
BRDA:117,3,0,0
BRDA:118,4,0,0
BRDA:133,5,0,0
BRDA:134,6,0,0
BRDA:149,7,0,0
BRDA:150,8,0,0
BRDA:161,9,0,0
BRDA:170,10,0,0
BRDA:185,11,0,0
BRDA:200,12,0,0
BRDA:204,13,0,0
BRDA:208,14,0,0
BRF:16
BRH:0
end_of_record
TN:
SF:lib/hooks/useDataFetch.ts
FN:27,(anonymous_15)
FN:37,baseFetcher
FN:39,(anonymous_17)
FN:67,useData
FN:78,useDocument
FN:91,useDocuments
FN:121,useInvoices
FN:157,useInvoice
FN:188,useAnafStatus
FN:204,useVatRates
FN:217,useDashboardStats
FN:232,invalidateCache
FN:234,(anonymous_27)
FN:241,optimisticUpdate
FNF:14
FNH:0
FNDA:0,(anonymous_15)
FNDA:0,baseFetcher
FNDA:0,(anonymous_17)
FNDA:0,useData
FNDA:0,useDocument
FNDA:0,useDocuments
FNDA:0,useInvoices
FNDA:0,useInvoice
FNDA:0,useAnafStatus
FNDA:0,useVatRates
FNDA:0,useDashboardStats
FNDA:0,invalidateCache
FNDA:0,(anonymous_27)
FNDA:0,optimisticUpdate
DA:3,0
DA:4,0
DA:12,0
DA:20,0
DA:29,0
DA:30,0
DA:32,0
DA:38,0
DA:40,0
DA:51,0
DA:52,0
DA:57,0
DA:60,0
DA:67,0
DA:71,0
DA:78,0
DA:79,0
DA:91,0
DA:97,0
DA:98,0
DA:99,0
DA:100,0
DA:101,0
DA:103,0
DA:104,0
DA:106,0
DA:121,0
DA:128,0
DA:129,0
DA:130,0
DA:131,0
DA:132,0
DA:133,0
DA:135,0
DA:136,0
DA:138,0
DA:157,0
DA:158,0
DA:188,0
DA:189,0
DA:204,0
DA:205,0
DA:217,0
DA:218,0
DA:232,0
DA:233,0
DA:234,0
DA:236,0
DA:241,0
DA:246,0
DA:248,0
DA:251,0
DA:254,0
DA:256,0
DA:259,0
DA:260,0
DA:264,0
LF:57
LH:0
BRDA:29,0,0,0
BRDA:29,1,0,0
BRDA:29,1,1,0
BRDA:29,1,2,0
BRDA:51,2,0,0
BRDA:54,3,0,0
BRDA:54,3,1,0
BRDA:87,4,0,0
BRDA:87,4,1,0
BRDA:98,5,0,0
BRDA:99,6,0,0
BRDA:100,7,0,0
BRDA:101,8,0,0
BRDA:104,9,0,0
BRDA:104,9,1,0
BRDA:129,10,0,0
BRDA:130,11,0,0
BRDA:131,12,0,0
BRDA:132,13,0,0
BRDA:133,14,0,0
BRDA:136,15,0,0
BRDA:136,15,1,0
BRDA:184,16,0,0
BRDA:184,16,1,0
BRDA:233,17,0,0
BRDA:233,17,1,0
BRF:26
BRH:0
end_of_record
TN:
SF:lib/hooks/useKeyboardShortcuts.ts
FN:23,useGlobalShortcuts
FN:28,(anonymous_8)
FN:33,(anonymous_9)
FN:38,(anonymous_10)
FN:43,(anonymous_11)
FN:49,(anonymous_12)
FN:54,(anonymous_13)
FN:59,(anonymous_14)
FN:65,(anonymous_15)
FN:72,useDashboardShortcuts
FN:75,(anonymous_17)
FN:79,(anonymous_18)
FN:83,(anonymous_19)
FN:87,(anonymous_20)
FN:91,(anonymous_21)
FN:96,(anonymous_22)
FN:100,(anonymous_23)
FN:106,useInvoiceListShortcuts
FN:115,(anonymous_25)
FN:123,(anonymous_26)
FN:127,(anonymous_27)
FN:132,(anonymous_28)
FN:139,(anonymous_29)
FN:148,useFormShortcuts
FN:155,(anonymous_31)
FN:163,(anonymous_32)
FN:171,(anonymous_33)
FN:178,getAllShortcuts
FN:181,(anonymous_35)
FN:182,(anonymous_36)
FN:183,(anonymous_37)
FN:184,(anonymous_38)
FN:187,(anonymous_39)
FN:188,(anonymous_40)
FN:189,(anonymous_41)
FN:192,(anonymous_42)
FN:193,(anonymous_43)
FN:194,(anonymous_44)
FN:197,(anonymous_45)
FN:198,(anonymous_46)
FN:199,(anonymous_47)
FN:200,(anonymous_48)
FN:203,(anonymous_49)
FN:204,(anonymous_50)
FN:209,useShortcutHelp
FN:212,(anonymous_52)
FN:217,(anonymous_53)
FNF:47
FNH:0
FNDA:0,useGlobalShortcuts
FNDA:0,(anonymous_8)
FNDA:0,(anonymous_9)
FNDA:0,(anonymous_10)
FNDA:0,(anonymous_11)
FNDA:0,(anonymous_12)
FNDA:0,(anonymous_13)
FNDA:0,(anonymous_14)
FNDA:0,(anonymous_15)
FNDA:0,useDashboardShortcuts
FNDA:0,(anonymous_17)
FNDA:0,(anonymous_18)
FNDA:0,(anonymous_19)
FNDA:0,(anonymous_20)
FNDA:0,(anonymous_21)
FNDA:0,(anonymous_22)
FNDA:0,(anonymous_23)
FNDA:0,useInvoiceListShortcuts
FNDA:0,(anonymous_25)
FNDA:0,(anonymous_26)
FNDA:0,(anonymous_27)
FNDA:0,(anonymous_28)
FNDA:0,(anonymous_29)
FNDA:0,useFormShortcuts
FNDA:0,(anonymous_31)
FNDA:0,(anonymous_32)
FNDA:0,(anonymous_33)
FNDA:0,getAllShortcuts
FNDA:0,(anonymous_35)
FNDA:0,(anonymous_36)
FNDA:0,(anonymous_37)
FNDA:0,(anonymous_38)
FNDA:0,(anonymous_39)
FNDA:0,(anonymous_40)
FNDA:0,(anonymous_41)
FNDA:0,(anonymous_42)
FNDA:0,(anonymous_43)
FNDA:0,(anonymous_44)
FNDA:0,(anonymous_45)
FNDA:0,(anonymous_46)
FNDA:0,(anonymous_47)
FNDA:0,(anonymous_48)
FNDA:0,(anonymous_49)
FNDA:0,(anonymous_50)
FNDA:0,useShortcutHelp
FNDA:0,(anonymous_52)
FNDA:0,(anonymous_53)
DA:4,0
DA:5,0
DA:6,0
DA:23,0
DA:24,0
DA:25,0
DA:28,0
DA:33,0
DA:38,0
DA:43,0
DA:49,0
DA:54,0
DA:59,0
DA:65,0
DA:72,0
DA:73,0
DA:75,0
DA:79,0
DA:83,0
DA:87,0
DA:91,0
DA:96,0
DA:100,0
DA:106,0
DA:113,0
DA:115,0
DA:116,0
DA:117,0
DA:123,0
DA:127,0
DA:132,0
DA:133,0
DA:134,0
DA:139,0
DA:140,0
DA:141,0
DA:148,0
DA:153,0
DA:155,0
DA:156,0
DA:157,0
DA:163,0
DA:164,0
DA:165,0
DA:171,0
DA:178,0
DA:179,0
DA:209,0
DA:210,0
DA:212,0
DA:217,0
DA:221,0
DA:224,0
LF:53
LH:0
BRF:0
BRH:0
end_of_record
TN:
SF:lib/realtime/useAnafStatus.ts
FN:32,useAnafStatus
FN:51,(anonymous_4)
FN:54,(anonymous_5)
FN:80,(anonymous_6)
FN:87,(anonymous_7)
FN:105,(anonymous_8)
FN:112,(anonymous_9)
FN:122,(anonymous_10)
FN:141,(anonymous_11)
FN:152,(anonymous_12)
FN:164,(anonymous_13)
FN:173,(anonymous_14)
FN:175,(anonymous_15)
FN:178,(anonymous_16)
FN:206,useDocumentAnafStatus
FN:210,(anonymous_18)
FNF:16
FNH:0
FNDA:0,useAnafStatus
FNDA:0,(anonymous_4)
FNDA:0,(anonymous_5)
FNDA:0,(anonymous_6)
FNDA:0,(anonymous_7)
FNDA:0,(anonymous_8)
FNDA:0,(anonymous_9)
FNDA:0,(anonymous_10)
FNDA:0,(anonymous_11)
FNDA:0,(anonymous_12)
FNDA:0,(anonymous_13)
FNDA:0,(anonymous_14)
FNDA:0,(anonymous_15)
FNDA:0,(anonymous_16)
FNDA:0,useDocumentAnafStatus
FNDA:0,(anonymous_18)
DA:3,0
DA:4,0
DA:32,0
DA:40,0
DA:42,0
DA:43,0
DA:44,0
DA:45,0
DA:47,0
DA:48,0
DA:49,0
DA:51,0
DA:52,0
DA:54,0
DA:55,0
DA:56,0
DA:60,0
DA:61,0
DA:62,0
DA:63,0
DA:64,0
DA:66,0
DA:67,0
DA:70,0
DA:71,0
DA:72,0
DA:76,0
DA:77,0
DA:80,0
DA:81,0
DA:82,0
DA:83,0
DA:87,0
DA:88,0
DA:90,0
DA:91,0
DA:92,0
DA:93,0
DA:96,0
DA:97,0
DA:100,0
DA:101,0
DA:102,0
DA:103,0
DA:105,0
DA:106,0
DA:107,0
DA:108,0
DA:109,0
DA:112,0
DA:113,0
DA:114,0
DA:115,0
DA:116,0
DA:118,0
DA:122,0
DA:123,0
DA:124,0
DA:126,0
DA:127,0
DA:128,0
DA:130,0
DA:132,0
DA:133,0
DA:134,0
DA:135,0
DA:136,0
DA:137,0
DA:141,0
DA:142,0
DA:143,0
DA:144,0
DA:145,0
DA:146,0
DA:148,0
DA:152,0
DA:153,0
DA:154,0
DA:155,0
DA:156,0
DA:157,0
DA:159,0
DA:164,0
DA:165,0
DA:166,0
DA:167,0
DA:169,0
DA:170,0
DA:173,0
DA:174,0
DA:175,0
DA:178,0
DA:179,0
DA:180,0
DA:184,0
DA:185,0
DA:186,0
DA:187,0
DA:188,0
DA:192,0
DA:196,0
DA:206,0
DA:207,0
DA:209,0
DA:211,0
DA:212,0
DA:217,0
LF:107
LH:0
BRDA:32,0,0,0
BRDA:37,1,0,0
BRDA:38,2,0,0
BRDA:39,3,0,0
BRDA:52,4,0,0
BRDA:60,5,0,0
BRDA:62,6,0,0
BRDA:81,7,0,0
BRDA:88,8,0,0
BRDA:88,9,0,0
BRDA:88,9,1,0
BRDA:90,10,0,0
BRDA:96,11,0,0
BRDA:132,12,0,0
BRDA:132,12,1,0
BRDA:132,13,0,0
BRDA:132,13,1,0
BRDA:136,14,0,0
BRDA:165,15,0,0
BRDA:184,16,0,0
BRDA:186,17,0,0
BRDA:211,18,0,0
BRF:22
BRH:0
end_of_record
TN:
SF:lib/state/uiStore.ts
FN:85,(anonymous_6)
FN:89,(anonymous_7)
FN:89,(anonymous_8)
FN:92,(anonymous_9)
FN:93,(anonymous_10)
FN:96,(anonymous_11)
FN:97,(anonymous_12)
FN:103,(anonymous_13)
FN:109,(anonymous_14)
FN:109,(anonymous_15)
FN:110,(anonymous_16)
FN:113,(anonymous_17)
FN:116,(anonymous_18)
FN:119,(anonymous_19)
FN:120,(anonymous_20)
FN:123,(anonymous_21)
FN:126,(anonymous_22)
FN:130,(anonymous_23)
FN:131,(anonymous_24)
FN:142,(anonymous_25)
FN:142,(anonymous_26)
FN:143,(anonymous_27)
FN:143,(anonymous_28)
FN:144,(anonymous_29)
FN:144,(anonymous_30)
FN:145,(anonymous_31)
FN:145,(anonymous_32)
FNF:27
FNH:0
FNDA:0,(anonymous_6)
FNDA:0,(anonymous_7)
FNDA:0,(anonymous_8)
FNDA:0,(anonymous_9)
FNDA:0,(anonymous_10)
FNDA:0,(anonymous_11)
FNDA:0,(anonymous_12)
FNDA:0,(anonymous_13)
FNDA:0,(anonymous_14)
FNDA:0,(anonymous_15)
FNDA:0,(anonymous_16)
FNDA:0,(anonymous_17)
FNDA:0,(anonymous_18)
FNDA:0,(anonymous_19)
FNDA:0,(anonymous_20)
FNDA:0,(anonymous_21)
FNDA:0,(anonymous_22)
FNDA:0,(anonymous_23)
FNDA:0,(anonymous_24)
FNDA:0,(anonymous_25)
FNDA:0,(anonymous_26)
FNDA:0,(anonymous_27)
FNDA:0,(anonymous_28)
FNDA:0,(anonymous_29)
FNDA:0,(anonymous_30)
FNDA:0,(anonymous_31)
FNDA:0,(anonymous_32)
DA:1,0
DA:2,0
DA:71,0
DA:83,0
DA:85,0
DA:89,0
DA:92,0
DA:93,0
DA:97,0
DA:104,0
DA:105,0
DA:109,0
DA:110,0
DA:113,0
DA:116,0
DA:119,0
DA:120,0
DA:123,0
DA:126,0
DA:130,0
DA:131,0
DA:142,0
DA:143,0
DA:144,0
DA:145,0
LF:25
LH:0
BRDA:105,0,0,0
BRDA:105,0,1,0
BRF:2
BRH:0
end_of_record
TN:
SF:lib/utils/diacritics.ts
FN:46,normalizeRomanianText
FN:51,(anonymous_14)
FN:61,normalizeEuropeanText
FN:66,(anonymous_16)
FN:77,normalizeUnicode
FN:92,compareIgnoringDiacritics
FN:102,containsIgnoringDiacritics
FN:112,prepareForSearch
FN:128,highlightMatches
FN:167,sortRomanian
FN:169,(anonymous_23)
FN:173,(anonymous_24)
FN:183,filterByQuery
FN:192,(anonymous_26)
FN:204,fuzzySearchScore
FNF:15
FNH:0
FNDA:0,normalizeRomanianText
FNDA:0,(anonymous_14)
FNDA:0,normalizeEuropeanText
FNDA:0,(anonymous_16)
FNDA:0,normalizeUnicode
FNDA:0,compareIgnoringDiacritics
FNDA:0,containsIgnoringDiacritics
FNDA:0,prepareForSearch
FNDA:0,highlightMatches
FNDA:0,sortRomanian
FNDA:0,(anonymous_23)
FNDA:0,(anonymous_24)
FNDA:0,filterByQuery
FNDA:0,(anonymous_26)
FNDA:0,fuzzySearchScore
DA:7,0
DA:21,0
DA:46,0
DA:47,0
DA:49,0
DA:51,0
DA:61,0
DA:62,0
DA:64,0
DA:66,0
DA:77,0
DA:78,0
DA:80,0
DA:92,0
DA:93,0
DA:102,0
DA:103,0
DA:112,0
DA:113,0
DA:115,0
DA:128,0
DA:133,0
DA:135,0
DA:136,0
DA:138,0
DA:140,0
DA:141,0
DA:142,0
DA:144,0
DA:146,0
DA:148,0
DA:149,0
DA:151,0
DA:152,0
DA:156,0
DA:158,0
DA:167,0
DA:169,0
DA:172,0
DA:173,0
DA:183,0
DA:188,0
DA:190,0
DA:192,0
DA:193,0
DA:194,0
DA:204,0
DA:205,0
DA:207,0
DA:208,0
DA:211,0
DA:214,0
DA:215,0
DA:219,0
DA:220,0
DA:224,0
DA:225,0
DA:227,0
DA:228,0
DA:229,0
DA:230,0
DA:234,0
DA:240,0
DA:243,0
LF:64
LH:0
BRDA:47,0,0,0
BRDA:51,1,0,0
BRDA:51,1,1,0
BRDA:62,2,0,0
BRDA:66,3,0,0
BRDA:66,3,1,0
BRDA:78,4,0,0
BRDA:113,5,0,0
BRDA:131,6,0,0
BRDA:133,7,0,0
BRDA:133,8,0,0
BRDA:133,8,1,0
BRDA:138,9,0,0
BRDA:169,10,0,0
BRDA:170,11,0,0
BRDA:188,12,0,0
BRDA:205,13,0,0
BRDA:205,14,0,0
BRDA:205,14,1,0
BRDA:211,15,0,0
BRDA:214,16,0,0
BRDA:219,17,0,0
BRDA:227,18,0,0
BRDA:227,18,1,0
BRDA:228,19,0,0
BRDA:234,20,0,0
BRDA:234,20,1,0
BRF:27
BRH:0
end_of_record
TN:
SF:lib/utils/streamingExport.ts
FN:30,streamExport
FN:117,(anonymous_6)
FN:143,(anonymous_7)
FN:175,useStreamingExport
FN:181,(anonymous_9)
FN:192,(anonymous_10)
FN:195,(anonymous_11)
FN:204,(anonymous_12)
FN:220,generateCSV
FN:226,(anonymous_14)
FN:229,(anonymous_15)
FN:232,(anonymous_16)
FN:233,(anonymous_17)
FN:242,escapeCSVField
FNF:14
FNH:0
FNDA:0,streamExport
FNDA:0,(anonymous_6)
FNDA:0,(anonymous_7)
FNDA:0,useStreamingExport
FNDA:0,(anonymous_9)
FNDA:0,(anonymous_10)
FNDA:0,(anonymous_11)
FNDA:0,(anonymous_12)
FNDA:0,generateCSV
FNDA:0,(anonymous_14)
FNDA:0,(anonymous_15)
FNDA:0,(anonymous_16)
FNDA:0,(anonymous_17)
FNDA:0,escapeCSVField
DA:30,0
DA:43,0
DA:45,0
DA:47,0
DA:56,0
DA:71,0
DA:72,0
DA:76,0
DA:78,0
DA:79,0
DA:80,0
DA:83,0
DA:84,0
DA:85,0
DA:86,0
DA:89,0
DA:90,0
DA:92,0
DA:94,0
DA:95,0
DA:98,0
DA:99,0
DA:101,0
DA:102,0
DA:103,0
DA:105,0
DA:117,0
DA:118,0
DA:119,0
DA:120,0
DA:121,0
DA:122,0
DA:126,0
DA:127,0
DA:130,0
DA:134,0
DA:135,0
DA:136,0
DA:137,0
DA:138,0
DA:139,0
DA:140,0
DA:143,0
DA:145,0
DA:154,0
DA:156,0
DA:165,0
DA:172,0
DA:173,0
DA:175,0
DA:176,0
DA:177,0
DA:178,0
DA:180,0
DA:182,0
DA:183,0
DA:184,0
DA:187,0
DA:189,0
DA:193,0
DA:196,0
DA:197,0
DA:204,0
DA:205,0
DA:206,0
DA:209,0
DA:220,0
DA:224,0
DA:226,0
DA:229,0
DA:232,0
DA:233,0
DA:236,0
DA:244,0
DA:245,0
DA:247,0
DA:253,0
LF:77
LH:0
BRDA:36,0,0,0
BRDA:37,1,0,0
BRDA:61,2,0,0
BRDA:61,2,1,0
BRDA:71,3,0,0
BRDA:76,4,0,0
BRDA:76,4,1,0
BRDA:79,5,0,0
BRDA:92,6,0,0
BRDA:101,7,0,0
BRDA:108,8,0,0
BRDA:108,8,1,0
BRDA:109,9,0,0
BRDA:109,9,1,0
BRDA:110,10,0,0
BRDA:110,10,1,0
BRDA:111,11,0,0
BRDA:111,11,1,0
BRDA:131,12,0,0
BRDA:131,12,1,0
BRDA:147,13,0,0
BRDA:147,13,1,0
BRDA:148,14,0,0
BRDA:148,14,1,0
BRDA:182,15,0,0
BRDA:224,16,0,0
BRDA:226,17,0,0
BRDA:226,17,1,0
BRDA:233,18,0,0
BRDA:233,18,1,0
BRDA:244,19,0,0
BRDA:244,20,0,0
BRDA:244,20,1,0
BRDA:244,20,2,0
BRF:34
BRH:0
end_of_record
TN:
SF:lib/validation/romanian.ts
FN:12,(anonymous_12)
FN:13,(anonymous_13)
FN:24,validateCUI
FN:67,validateIBAN
FN:85,(anonymous_16)
FN:105,validateCNP
FN:159,validatePhoneRO
FN:186,validatePostalCode
FN:210,validateCarRegistration
FN:235,validateEmail
FN:253,validateInvoiceNumber
FN:281,validateBIC
FNF:12
FNH:0
FNDA:0,(anonymous_12)
FNDA:0,(anonymous_13)
FNDA:0,validateCUI
FNDA:0,validateIBAN
FNDA:0,(anonymous_16)
FNDA:0,validateCNP
FNDA:0,validatePhoneRO
FNDA:0,validatePostalCode
FNDA:0,validateCarRegistration
FNDA:0,validateEmail
FNDA:0,validateInvoiceNumber
FNDA:0,validateBIC
DA:12,0
DA:13,0
DA:24,0
DA:25,0
DA:26,0
DA:30,0
DA:33,0
DA:36,0
DA:37,0
DA:44,0
DA:45,0
DA:46,0
DA:48,0
DA:49,0
DA:50,0
DA:53,0
DA:54,0
DA:56,0
DA:57,0
DA:60,0
DA:67,0
DA:68,0
DA:69,0
DA:73,0
DA:76,0
DA:77,0
DA:84,0
DA:85,0
DA:88,0
DA:89,0
DA:90,0
DA:91,0
DA:94,0
DA:95,0
DA:98,0
DA:105,0
DA:106,0
DA:107,0
DA:110,0
DA:112,0
DA:113,0
DA:117,0
DA:118,0
DA:119,0
DA:123,0
DA:124,0
DA:125,0
DA:127,0
DA:128,0
DA:131,0
DA:132,0
DA:136,0
DA:137,0
DA:138,0
DA:140,0
DA:141,0
DA:142,0
DA:145,0
DA:146,0
DA:148,0
DA:149,0
DA:152,0
DA:159,0
DA:160,0
DA:161,0
DA:164,0
DA:167,0
DA:170,0
DA:172,0
DA:173,0
DA:179,0
DA:186,0
DA:187,0
DA:188,0
DA:191,0
DA:193,0
DA:194,0
DA:198,0
DA:199,0
DA:200,0
DA:203,0
DA:210,0
DA:211,0
DA:212,0
DA:215,0
DA:219,0
DA:220,0
DA:222,0
DA:223,0
DA:229,0
DA:235,0
DA:236,0
DA:237,0
DA:240,0
DA:242,0
DA:243,0
DA:246,0
DA:253,0
DA:254,0
DA:255,0
DA:258,0
DA:260,0
DA:261,0
DA:268,0
DA:269,0
DA:275,0
DA:281,0
DA:282,0
DA:283,0
DA:286,0
DA:289,0
DA:290,0
DA:296,0
DA:300,0
DA:312,0
LF:115
LH:0
BRDA:25,0,0,0
BRDA:25,1,0,0
BRDA:25,1,1,0
BRDA:33,2,0,0
BRDA:33,2,1,0
BRDA:36,3,0,0
BRDA:54,4,0,0
BRDA:54,4,1,0
BRDA:56,5,0,0
BRDA:68,6,0,0
BRDA:68,7,0,0
BRDA:68,7,1,0
BRDA:76,8,0,0
BRDA:94,9,0,0
BRDA:106,10,0,0
BRDA:106,11,0,0
BRDA:106,11,1,0
BRDA:112,12,0,0
BRDA:118,13,0,0
BRDA:127,14,0,0
BRDA:127,15,0,0
BRDA:127,15,1,0
BRDA:131,16,0,0
BRDA:131,17,0,0
BRDA:131,17,1,0
BRDA:146,18,0,0
BRDA:146,18,1,0
BRDA:148,19,0,0
BRDA:160,20,0,0
BRDA:160,21,0,0
BRDA:160,21,1,0
BRDA:172,22,0,0
BRDA:172,23,0,0
BRDA:172,23,1,0
BRDA:187,24,0,0
BRDA:187,25,0,0
BRDA:187,25,1,0
BRDA:193,26,0,0
BRDA:199,27,0,0
BRDA:199,28,0,0
BRDA:199,28,1,0
BRDA:211,29,0,0
BRDA:211,30,0,0
BRDA:211,30,1,0
BRDA:222,31,0,0
BRDA:222,32,0,0
BRDA:222,32,1,0
BRDA:236,33,0,0
BRDA:236,34,0,0
BRDA:236,34,1,0
BRDA:242,35,0,0
BRDA:254,36,0,0
BRDA:254,37,0,0
BRDA:254,37,1,0
BRDA:260,38,0,0
BRDA:260,39,0,0
BRDA:260,39,1,0
BRDA:268,40,0,0
BRDA:282,41,0,0
BRDA:282,42,0,0
BRDA:282,42,1,0
BRDA:289,43,0,0
BRF:62
BRH:0
end_of_record
TN:
SF:lib/validation/schemas.ts
FN:11,(anonymous_12)
FN:12,(anonymous_13)
FN:16,(anonymous_14)
FN:17,(anonymous_15)
FN:21,(anonymous_16)
FN:22,(anonymous_17)
FN:26,(anonymous_18)
FN:27,(anonymous_19)
FN:35,(anonymous_20)
FN:86,(anonymous_21)
FN:90,(anonymous_22)
FN:103,(anonymous_23)
FN:127,(anonymous_24)
FN:158,(anonymous_25)
FN:162,(anonymous_26)
FN:181,(anonymous_27)
FN:193,(anonymous_28)
FN:195,(anonymous_29)
FNF:18
FNH:0
FNDA:0,(anonymous_12)
FNDA:0,(anonymous_13)
FNDA:0,(anonymous_14)
FNDA:0,(anonymous_15)
FNDA:0,(anonymous_16)
FNDA:0,(anonymous_17)
FNDA:0,(anonymous_18)
FNDA:0,(anonymous_19)
FNDA:0,(anonymous_20)
FNDA:0,(anonymous_21)
FNDA:0,(anonymous_22)
FNDA:0,(anonymous_23)
FNDA:0,(anonymous_24)
FNDA:0,(anonymous_25)
FNDA:0,(anonymous_26)
FNDA:0,(anonymous_27)
FNDA:0,(anonymous_28)
FNDA:0,(anonymous_29)
DA:1,0
DA:2,0
DA:10,0
DA:11,0
DA:12,0
DA:15,0
DA:16,0
DA:17,0
DA:20,0
DA:21,0
DA:22,0
DA:25,0
DA:26,0
DA:27,0
DA:31,0
DA:35,0
DA:36,0
DA:38,0
DA:42,0
DA:61,0
DA:82,0
DA:86,0
DA:90,0
DA:103,0
DA:113,0
DA:127,0
DA:140,0
DA:153,0
DA:158,0
DA:162,0
DA:172,0
DA:181,0
DA:189,0
DA:193,0
DA:195,0
DA:205,0
DA:216,0
DA:228,0
LF:38
LH:0
BRDA:12,0,0,0
BRDA:12,0,1,0
BRDA:17,1,0,0
BRDA:17,1,1,0
BRDA:22,2,0,0
BRDA:22,2,1,0
BRDA:27,3,0,0
BRDA:27,3,1,0
BRF:8
BRH:0
end_of_record
