TN:
SF:test/test-utils.ts
FN:15,createTestingApp
FN:29,authHeader
FN:33,companyHeader
FN:37,fullHeaders
FN:119,isValidRomanianCUI
FN:125,isValidRomanianIBAN
FN:130,generateRomanianPhone
FNF:7
FNH:2
FNDA:0,createTestingApp
FNDA:47,authHeader
FNDA:2,companyHeader
FNDA:0,fullHeaders
FNDA:0,isValidRomanianCUI
FNDA:0,isValidRomanianIBAN
FNDA:0,generateRomanianPhone
DA:2,1
DA:3,1
DA:4,1
DA:6,1
DA:7,1
DA:8,1
DA:15,1
DA:16,0
DA:20,0
DA:21,0
DA:23,0
DA:29,1
DA:30,47
DA:33,1
DA:34,2
DA:37,1
DA:38,0
DA:46,1
DA:119,1
DA:120,0
DA:121,0
DA:125,1
DA:126,0
DA:130,1
DA:131,0
DA:132,0
DA:133,0
DA:134,0
LF:28
LH:16
BRF:0
BRH:0
end_of_record
